ARM GAS  C:\Users\hasur\AppData\Local\Temp\cceKbIuQ.s 			page 1


   1              		.syntax unified
   2              		.cpu cortex-m0
   3              		.fpu softvfp
   4              		.eabi_attribute 20, 1
   5              		.eabi_attribute 21, 1
   6              		.eabi_attribute 23, 3
   7              		.eabi_attribute 24, 1
   8              		.eabi_attribute 25, 1
   9              		.eabi_attribute 26, 1
  10              		.eabi_attribute 30, 6
  11              		.eabi_attribute 34, 0
  12              		.eabi_attribute 18, 4
  13              		.thumb
  14              		.syntax unified
  15              		.file	"BLE_HAL_INT.c"
  16              		.text
  17              	.Ltext0:
  18              		.cfi_sections	.debug_frame
  19              		.section	.text.CyBLE_Bless_Interrupt,"ax",%progbits
  20              		.align	2
  21              		.global	CyBLE_Bless_Interrupt
  22              		.code	16
  23              		.thumb_func
  24              		.type	CyBLE_Bless_Interrupt, %function
  25              	CyBLE_Bless_Interrupt:
  26              	.LFB2:
  27              		.file 1 "Generated_Source\\PSoC4\\BLE_HAL_INT.c"
   1:Generated_Source\PSoC4/BLE_HAL_INT.c **** /***************************************************************************//**
   2:Generated_Source\PSoC4/BLE_HAL_INT.c **** * \file BLE_HAL_INT.c
   3:Generated_Source\PSoC4/BLE_HAL_INT.c **** * \version 3.40
   4:Generated_Source\PSoC4/BLE_HAL_INT.c **** *
   5:Generated_Source\PSoC4/BLE_HAL_INT.c **** * \brief
   6:Generated_Source\PSoC4/BLE_HAL_INT.c **** *  This file contains the source code for the Interrupt Service Routine for the
   7:Generated_Source\PSoC4/BLE_HAL_INT.c **** *  HAL section of the BLE component
   8:Generated_Source\PSoC4/BLE_HAL_INT.c **** *
   9:Generated_Source\PSoC4/BLE_HAL_INT.c **** ********************************************************************************
  10:Generated_Source\PSoC4/BLE_HAL_INT.c **** * \copyright
  11:Generated_Source\PSoC4/BLE_HAL_INT.c **** * Copyright 2014-2016, Cypress Semiconductor Corporation.  All rights reserved.
  12:Generated_Source\PSoC4/BLE_HAL_INT.c **** * You may use this file only in accordance with the license, terms, conditions,
  13:Generated_Source\PSoC4/BLE_HAL_INT.c **** * disclaimers, and limitations in the end user license agreement accompanying
  14:Generated_Source\PSoC4/BLE_HAL_INT.c **** * the software package with which this file was provided.
  15:Generated_Source\PSoC4/BLE_HAL_INT.c **** *******************************************************************************/
  16:Generated_Source\PSoC4/BLE_HAL_INT.c **** 
  17:Generated_Source\PSoC4/BLE_HAL_INT.c **** #include "BLE_HAL_PVT.h"
  18:Generated_Source\PSoC4/BLE_HAL_INT.c **** 
  19:Generated_Source\PSoC4/BLE_HAL_INT.c **** 
  20:Generated_Source\PSoC4/BLE_HAL_INT.c **** /*******************************************************************************
  21:Generated_Source\PSoC4/BLE_HAL_INT.c **** * Function Name: CyBLE_Bless_Interrupt
  22:Generated_Source\PSoC4/BLE_HAL_INT.c **** ****************************************************************************//**
  23:Generated_Source\PSoC4/BLE_HAL_INT.c **** *
  24:Generated_Source\PSoC4/BLE_HAL_INT.c **** *  Handles the Interrupt Service Routine for the BLE sub-system.
  25:Generated_Source\PSoC4/BLE_HAL_INT.c **** *
  26:Generated_Source\PSoC4/BLE_HAL_INT.c **** * \return
  27:Generated_Source\PSoC4/BLE_HAL_INT.c **** *  None
  28:Generated_Source\PSoC4/BLE_HAL_INT.c **** *
  29:Generated_Source\PSoC4/BLE_HAL_INT.c **** *******************************************************************************/
  30:Generated_Source\PSoC4/BLE_HAL_INT.c **** CY_ISR(CyBLE_Bless_Interrupt)
ARM GAS  C:\Users\hasur\AppData\Local\Temp\cceKbIuQ.s 			page 2


  31:Generated_Source\PSoC4/BLE_HAL_INT.c **** {
  28              		.loc 1 31 0
  29              		.cfi_startproc
  30              		@ args = 0, pretend = 0, frame = 0
  31              		@ frame_needed = 1, uses_anonymous_args = 0
  32 0000 80B5     		push	{r7, lr}
  33              		.cfi_def_cfa_offset 8
  34              		.cfi_offset 7, -8
  35              		.cfi_offset 14, -4
  36 0002 00AF     		add	r7, sp, #0
  37              		.cfi_def_cfa_register 7
  32:Generated_Source\PSoC4/BLE_HAL_INT.c ****     #if(CYBLE_STACK_MODE_DEBUG)
  33:Generated_Source\PSoC4/BLE_HAL_INT.c ****         CyBle_ApplCallback(CYBLE_DEBUG_EVT_BLESS_INT, NULL);
  34:Generated_Source\PSoC4/BLE_HAL_INT.c ****     #endif /* CYBLE_STACK_MODE_DEBUG */
  35:Generated_Source\PSoC4/BLE_HAL_INT.c **** 
  36:Generated_Source\PSoC4/BLE_HAL_INT.c ****     /* Call stack manager bless function handler */
  37:Generated_Source\PSoC4/BLE_HAL_INT.c ****     #if(!CYBLE_SHARING_MODE_IMPORT)
  38:Generated_Source\PSoC4/BLE_HAL_INT.c ****         CyBLE_pf_bless_event_hdlr();
  38              		.loc 1 38 0
  39 0004 FFF7FEFF 		bl	CyBle_BleSSInterruptHandler
  39:Generated_Source\PSoC4/BLE_HAL_INT.c ****     #endif /* CYBLE_SHARING_MODE_IMPORT */
  40:Generated_Source\PSoC4/BLE_HAL_INT.c ****     
  41:Generated_Source\PSoC4/BLE_HAL_INT.c ****     /* Host stack takes care of clearing interrupts */
  42:Generated_Source\PSoC4/BLE_HAL_INT.c **** }
  40              		.loc 1 42 0
  41 0008 C046     		nop
  42 000a BD46     		mov	sp, r7
  43              		@ sp needed
  44 000c 80BD     		pop	{r7, pc}
  45              		.cfi_endproc
  46              	.LFE2:
  47              		.size	CyBLE_Bless_Interrupt, .-CyBLE_Bless_Interrupt
  48 000e C046     		.text
  49              	.Letext0:
  50              		.section	.debug_info,"",%progbits
  51              	.Ldebug_info0:
  52 0000 A3000000 		.4byte	0xa3
  53 0004 0300     		.2byte	0x3
  54 0006 00000000 		.4byte	.Ldebug_abbrev0
  55 000a 04       		.byte	0x4
  56 000b 01       		.uleb128 0x1
  57 000c 32010000 		.4byte	.LASF14
  58 0010 0C       		.byte	0xc
  59 0011 82000000 		.4byte	.LASF15
  60 0015 2D000000 		.4byte	.LASF16
  61 0019 00000000 		.4byte	.Ldebug_ranges0+0
  62 001d 00000000 		.4byte	0
  63 0021 00000000 		.4byte	0
  64 0025 00000000 		.4byte	.Ldebug_line0
  65 0029 02       		.uleb128 0x2
  66 002a 01       		.byte	0x1
  67 002b 06       		.byte	0x6
  68 002c 0A010000 		.4byte	.LASF0
  69 0030 02       		.uleb128 0x2
  70 0031 01       		.byte	0x1
  71 0032 08       		.byte	0x8
  72 0033 BE000000 		.4byte	.LASF1
ARM GAS  C:\Users\hasur\AppData\Local\Temp\cceKbIuQ.s 			page 3


  73 0037 02       		.uleb128 0x2
  74 0038 02       		.byte	0x2
  75 0039 05       		.byte	0x5
  76 003a 28010000 		.4byte	.LASF2
  77 003e 02       		.uleb128 0x2
  78 003f 02       		.byte	0x2
  79 0040 07       		.byte	0x7
  80 0041 F7000000 		.4byte	.LASF3
  81 0045 02       		.uleb128 0x2
  82 0046 04       		.byte	0x4
  83 0047 05       		.byte	0x5
  84 0048 D1000000 		.4byte	.LASF4
  85 004c 02       		.uleb128 0x2
  86 004d 04       		.byte	0x4
  87 004e 07       		.byte	0x7
  88 004f 1B000000 		.4byte	.LASF5
  89 0053 02       		.uleb128 0x2
  90 0054 08       		.byte	0x8
  91 0055 05       		.byte	0x5
  92 0056 00000000 		.4byte	.LASF6
  93 005a 02       		.uleb128 0x2
  94 005b 08       		.byte	0x8
  95 005c 07       		.byte	0x7
  96 005d A7000000 		.4byte	.LASF7
  97 0061 03       		.uleb128 0x3
  98 0062 04       		.byte	0x4
  99 0063 05       		.byte	0x5
 100 0064 696E7400 		.ascii	"int\000"
 101 0068 02       		.uleb128 0x2
 102 0069 04       		.byte	0x4
 103 006a 07       		.byte	0x7
 104 006b 0E000000 		.4byte	.LASF8
 105 006f 02       		.uleb128 0x2
 106 0070 04       		.byte	0x4
 107 0071 04       		.byte	0x4
 108 0072 22010000 		.4byte	.LASF9
 109 0076 02       		.uleb128 0x2
 110 0077 08       		.byte	0x8
 111 0078 04       		.byte	0x4
 112 0079 F0000000 		.4byte	.LASF10
 113 007d 02       		.uleb128 0x2
 114 007e 01       		.byte	0x1
 115 007f 08       		.byte	0x8
 116 0080 CC000000 		.4byte	.LASF11
 117 0084 02       		.uleb128 0x2
 118 0085 08       		.byte	0x8
 119 0086 04       		.byte	0x4
 120 0087 16010000 		.4byte	.LASF12
 121 008b 02       		.uleb128 0x2
 122 008c 04       		.byte	0x4
 123 008d 07       		.byte	0x7
 124 008e CA010000 		.4byte	.LASF13
 125 0092 04       		.uleb128 0x4
 126 0093 01       		.byte	0x1
 127 0094 DA000000 		.4byte	.LASF17
 128 0098 01       		.byte	0x1
 129 0099 1E       		.byte	0x1e
ARM GAS  C:\Users\hasur\AppData\Local\Temp\cceKbIuQ.s 			page 4


 130 009a 01       		.byte	0x1
 131 009b 00000000 		.4byte	.LFB2
 132 009f 0E000000 		.4byte	.LFE2
 133 00a3 01       		.byte	0x1
 134 00a4 9C       		.byte	0x9c
 135 00a5 01       		.byte	0x1
 136 00a6 00       		.byte	0
 137              		.section	.debug_abbrev,"",%progbits
 138              	.Ldebug_abbrev0:
 139 0000 01       		.uleb128 0x1
 140 0001 11       		.uleb128 0x11
 141 0002 01       		.byte	0x1
 142 0003 25       		.uleb128 0x25
 143 0004 0E       		.uleb128 0xe
 144 0005 13       		.uleb128 0x13
 145 0006 0B       		.uleb128 0xb
 146 0007 03       		.uleb128 0x3
 147 0008 0E       		.uleb128 0xe
 148 0009 1B       		.uleb128 0x1b
 149 000a 0E       		.uleb128 0xe
 150 000b 55       		.uleb128 0x55
 151 000c 06       		.uleb128 0x6
 152 000d 11       		.uleb128 0x11
 153 000e 01       		.uleb128 0x1
 154 000f 52       		.uleb128 0x52
 155 0010 01       		.uleb128 0x1
 156 0011 10       		.uleb128 0x10
 157 0012 06       		.uleb128 0x6
 158 0013 00       		.byte	0
 159 0014 00       		.byte	0
 160 0015 02       		.uleb128 0x2
 161 0016 24       		.uleb128 0x24
 162 0017 00       		.byte	0
 163 0018 0B       		.uleb128 0xb
 164 0019 0B       		.uleb128 0xb
 165 001a 3E       		.uleb128 0x3e
 166 001b 0B       		.uleb128 0xb
 167 001c 03       		.uleb128 0x3
 168 001d 0E       		.uleb128 0xe
 169 001e 00       		.byte	0
 170 001f 00       		.byte	0
 171 0020 03       		.uleb128 0x3
 172 0021 24       		.uleb128 0x24
 173 0022 00       		.byte	0
 174 0023 0B       		.uleb128 0xb
 175 0024 0B       		.uleb128 0xb
 176 0025 3E       		.uleb128 0x3e
 177 0026 0B       		.uleb128 0xb
 178 0027 03       		.uleb128 0x3
 179 0028 08       		.uleb128 0x8
 180 0029 00       		.byte	0
 181 002a 00       		.byte	0
 182 002b 04       		.uleb128 0x4
 183 002c 2E       		.uleb128 0x2e
 184 002d 00       		.byte	0
 185 002e 3F       		.uleb128 0x3f
 186 002f 0C       		.uleb128 0xc
ARM GAS  C:\Users\hasur\AppData\Local\Temp\cceKbIuQ.s 			page 5


 187 0030 03       		.uleb128 0x3
 188 0031 0E       		.uleb128 0xe
 189 0032 3A       		.uleb128 0x3a
 190 0033 0B       		.uleb128 0xb
 191 0034 3B       		.uleb128 0x3b
 192 0035 0B       		.uleb128 0xb
 193 0036 27       		.uleb128 0x27
 194 0037 0C       		.uleb128 0xc
 195 0038 11       		.uleb128 0x11
 196 0039 01       		.uleb128 0x1
 197 003a 12       		.uleb128 0x12
 198 003b 01       		.uleb128 0x1
 199 003c 40       		.uleb128 0x40
 200 003d 0A       		.uleb128 0xa
 201 003e 9642     		.uleb128 0x2116
 202 0040 0C       		.uleb128 0xc
 203 0041 00       		.byte	0
 204 0042 00       		.byte	0
 205 0043 00       		.byte	0
 206              		.section	.debug_aranges,"",%progbits
 207 0000 1C000000 		.4byte	0x1c
 208 0004 0200     		.2byte	0x2
 209 0006 00000000 		.4byte	.Ldebug_info0
 210 000a 04       		.byte	0x4
 211 000b 00       		.byte	0
 212 000c 0000     		.2byte	0
 213 000e 0000     		.2byte	0
 214 0010 00000000 		.4byte	.LFB2
 215 0014 0E000000 		.4byte	.LFE2-.LFB2
 216 0018 00000000 		.4byte	0
 217 001c 00000000 		.4byte	0
 218              		.section	.debug_ranges,"",%progbits
 219              	.Ldebug_ranges0:
 220 0000 00000000 		.4byte	.LFB2
 221 0004 0E000000 		.4byte	.LFE2
 222 0008 00000000 		.4byte	0
 223 000c 00000000 		.4byte	0
 224              		.section	.debug_line,"",%progbits
 225              	.Ldebug_line0:
 226 0000 52000000 		.section	.debug_str,"MS",%progbits,1
 226      02003B00 
 226      00000201 
 226      FB0E0D00 
 226      01010101 
 227              	.LASF6:
 228 0000 6C6F6E67 		.ascii	"long long int\000"
 228      206C6F6E 
 228      6720696E 
 228      7400
 229              	.LASF8:
 230 000e 756E7369 		.ascii	"unsigned int\000"
 230      676E6564 
 230      20696E74 
 230      00
 231              	.LASF5:
 232 001b 6C6F6E67 		.ascii	"long unsigned int\000"
 232      20756E73 
ARM GAS  C:\Users\hasur\AppData\Local\Temp\cceKbIuQ.s 			page 6


 232      69676E65 
 232      6420696E 
 232      7400
 233              	.LASF16:
 234 002d 433A5C55 		.ascii	"C:\\Users\\hasur\\Documents\\PSoC_4_BLE_Pressure_Se"
 234      73657273 
 234      5C686173 
 234      75725C44 
 234      6F63756D 
 235 005c 6E736F72 		.ascii	"nsor\\PSoC_4_BLE_Pressure_Sensor.cydsn\000"
 235      5C50536F 
 235      435F345F 
 235      424C455F 
 235      50726573 
 236              	.LASF15:
 237 0082 47656E65 		.ascii	"Generated_Source\\PSoC4\\BLE_HAL_INT.c\000"
 237      72617465 
 237      645F536F 
 237      75726365 
 237      5C50536F 
 238              	.LASF7:
 239 00a7 6C6F6E67 		.ascii	"long long unsigned int\000"
 239      206C6F6E 
 239      6720756E 
 239      7369676E 
 239      65642069 
 240              	.LASF1:
 241 00be 756E7369 		.ascii	"unsigned char\000"
 241      676E6564 
 241      20636861 
 241      7200
 242              	.LASF11:
 243 00cc 63686172 		.ascii	"char\000"
 243      00
 244              	.LASF4:
 245 00d1 6C6F6E67 		.ascii	"long int\000"
 245      20696E74 
 245      00
 246              	.LASF17:
 247 00da 4379424C 		.ascii	"CyBLE_Bless_Interrupt\000"
 247      455F426C 
 247      6573735F 
 247      496E7465 
 247      72727570 
 248              	.LASF10:
 249 00f0 646F7562 		.ascii	"double\000"
 249      6C6500
 250              	.LASF3:
 251 00f7 73686F72 		.ascii	"short unsigned int\000"
 251      7420756E 
 251      7369676E 
 251      65642069 
 251      6E7400
 252              	.LASF0:
 253 010a 7369676E 		.ascii	"signed char\000"
 253      65642063 
 253      68617200 
ARM GAS  C:\Users\hasur\AppData\Local\Temp\cceKbIuQ.s 			page 7


 254              	.LASF12:
 255 0116 6C6F6E67 		.ascii	"long double\000"
 255      20646F75 
 255      626C6500 
 256              	.LASF9:
 257 0122 666C6F61 		.ascii	"float\000"
 257      7400
 258              	.LASF2:
 259 0128 73686F72 		.ascii	"short int\000"
 259      7420696E 
 259      7400
 260              	.LASF14:
 261 0132 474E5520 		.ascii	"GNU C11 5.4.1 20160609 (release) [ARM/embedded-5-br"
 261      43313120 
 261      352E342E 
 261      31203230 
 261      31363036 
 262 0165 616E6368 		.ascii	"anch revision 237715] -mcpu=cortex-m0 -mthumb -g -g"
 262      20726576 
 262      6973696F 
 262      6E203233 
 262      37373135 
 263 0198 64776172 		.ascii	"dwarf-3 -O0 -ffunction-sections -ffat-lto-objects\000"
 263      662D3320 
 263      2D4F3020 
 263      2D666675 
 263      6E637469 
 264              	.LASF13:
 265 01ca 73697A65 		.ascii	"sizetype\000"
 265      74797065 
 265      00
 266              		.ident	"GCC: (GNU Tools for ARM Embedded Processors) 5.4.1 20160609 (release) [ARM/embedded-5-bran
