ARM GAS  C:\Users\hasur\AppData\Local\Temp\ccPoUFYe.s 			page 1


   1              		.syntax unified
   2              		.cpu cortex-m0
   3              		.fpu softvfp
   4              		.eabi_attribute 20, 1
   5              		.eabi_attribute 21, 1
   6              		.eabi_attribute 23, 3
   7              		.eabi_attribute 24, 1
   8              		.eabi_attribute 25, 1
   9              		.eabi_attribute 26, 1
  10              		.eabi_attribute 30, 6
  11              		.eabi_attribute 34, 0
  12              		.eabi_attribute 18, 4
  13              		.thumb
  14              		.syntax unified
  15              		.file	"BLE_custom.c"
  16              		.text
  17              	.Ltext0:
  18              		.cfi_sections	.debug_frame
  19              		.global	cyBle_customs
  20              		.section	.rodata
  21              		.align	2
  22              		.type	cyBle_customs, %object
  23              		.size	cyBle_customs, 20
  24              	cyBle_customs:
  25 0000 0C00     		.short	12
  26 0002 0E00     		.short	14
  27 0004 0F00     		.short	15
  28 0006 1000     		.short	16
  29 0008 1200     		.short	18
  30 000a 1300     		.short	19
  31 000c 1400     		.short	20
  32 000e 1600     		.short	22
  33 0010 1700     		.short	23
  34 0012 1800     		.short	24
  35              		.section	.text.CyBle_CustomInit,"ax",%progbits
  36              		.align	2
  37              		.global	CyBle_CustomInit
  38              		.code	16
  39              		.thumb_func
  40              		.type	CyBle_CustomInit, %function
  41              	CyBle_CustomInit:
  42              	.LFB2:
  43              		.file 1 "Generated_Source\\PSoC4\\BLE_custom.c"
   1:Generated_Source\PSoC4/BLE_custom.c **** /***************************************************************************//**
   2:Generated_Source\PSoC4/BLE_custom.c **** * \file CYBLE_custom.c
   3:Generated_Source\PSoC4/BLE_custom.c **** * \version 3.40
   4:Generated_Source\PSoC4/BLE_custom.c **** * 
   5:Generated_Source\PSoC4/BLE_custom.c **** * \brief
   6:Generated_Source\PSoC4/BLE_custom.c **** *  Contains the source code for the Custom Service.
   7:Generated_Source\PSoC4/BLE_custom.c **** * 
   8:Generated_Source\PSoC4/BLE_custom.c **** ********************************************************************************
   9:Generated_Source\PSoC4/BLE_custom.c **** * \copyright
  10:Generated_Source\PSoC4/BLE_custom.c **** * Copyright 2014-2016, Cypress Semiconductor Corporation.  All rights reserved.
  11:Generated_Source\PSoC4/BLE_custom.c **** * You may use this file only in accordance with the license, terms, conditions,
  12:Generated_Source\PSoC4/BLE_custom.c **** * disclaimers, and limitations in the end user license agreement accompanying
  13:Generated_Source\PSoC4/BLE_custom.c **** * the software package with which this file was provided.
  14:Generated_Source\PSoC4/BLE_custom.c **** *******************************************************************************/
ARM GAS  C:\Users\hasur\AppData\Local\Temp\ccPoUFYe.s 			page 2


  15:Generated_Source\PSoC4/BLE_custom.c **** 
  16:Generated_Source\PSoC4/BLE_custom.c **** 
  17:Generated_Source\PSoC4/BLE_custom.c **** #include "BLE_eventHandler.h"
  18:Generated_Source\PSoC4/BLE_custom.c **** 
  19:Generated_Source\PSoC4/BLE_custom.c **** #ifdef CYBLE_CUSTOM_SERVER
  20:Generated_Source\PSoC4/BLE_custom.c **** 
  21:Generated_Source\PSoC4/BLE_custom.c **** /* If any custom service with custom characteristics is defined in the
  22:Generated_Source\PSoC4/BLE_custom.c **** * customizer's GUI their handles will be present in this array.
  23:Generated_Source\PSoC4/BLE_custom.c **** */
  24:Generated_Source\PSoC4/BLE_custom.c **** /* This array contains attribute handles for the defined Custom Services and their characteristics 
  25:Generated_Source\PSoC4/BLE_custom.c ****    The array index definitions are located in the CYBLE_custom.h file. */
  26:Generated_Source\PSoC4/BLE_custom.c **** const CYBLE_CUSTOMS_T cyBle_customs[0x01u] = {
  27:Generated_Source\PSoC4/BLE_custom.c **** 
  28:Generated_Source\PSoC4/BLE_custom.c ****     /* BMP180 service */
  29:Generated_Source\PSoC4/BLE_custom.c ****     {
  30:Generated_Source\PSoC4/BLE_custom.c ****         0x000Cu, /* Handle of the BMP180 service */ 
  31:Generated_Source\PSoC4/BLE_custom.c ****         {
  32:Generated_Source\PSoC4/BLE_custom.c **** 
  33:Generated_Source\PSoC4/BLE_custom.c ****             /* Temperature characteristic */
  34:Generated_Source\PSoC4/BLE_custom.c ****             {
  35:Generated_Source\PSoC4/BLE_custom.c ****                 0x000Eu, /* Handle of the Temperature characteristic */ 
  36:Generated_Source\PSoC4/BLE_custom.c ****                 
  37:Generated_Source\PSoC4/BLE_custom.c ****                 /* Array of Descriptors handles */
  38:Generated_Source\PSoC4/BLE_custom.c ****                 {
  39:Generated_Source\PSoC4/BLE_custom.c ****                     0x000Fu, /* Handle of the Client Characteristic Configuration descriptor */ 
  40:Generated_Source\PSoC4/BLE_custom.c ****                     0x0010u, /* Handle of the Characteristic User Description descriptor */ 
  41:Generated_Source\PSoC4/BLE_custom.c ****                 }, 
  42:Generated_Source\PSoC4/BLE_custom.c ****             },
  43:Generated_Source\PSoC4/BLE_custom.c **** 
  44:Generated_Source\PSoC4/BLE_custom.c ****             /* Pressure characteristic */
  45:Generated_Source\PSoC4/BLE_custom.c ****             {
  46:Generated_Source\PSoC4/BLE_custom.c ****                 0x0012u, /* Handle of the Pressure characteristic */ 
  47:Generated_Source\PSoC4/BLE_custom.c ****                 
  48:Generated_Source\PSoC4/BLE_custom.c ****                 /* Array of Descriptors handles */
  49:Generated_Source\PSoC4/BLE_custom.c ****                 {
  50:Generated_Source\PSoC4/BLE_custom.c ****                     0x0013u, /* Handle of the Client Characteristic Configuration descriptor */ 
  51:Generated_Source\PSoC4/BLE_custom.c ****                     0x0014u, /* Handle of the Characteristic User Description descriptor */ 
  52:Generated_Source\PSoC4/BLE_custom.c ****                 }, 
  53:Generated_Source\PSoC4/BLE_custom.c ****             },
  54:Generated_Source\PSoC4/BLE_custom.c **** 
  55:Generated_Source\PSoC4/BLE_custom.c ****             /* Altitude characteristic */
  56:Generated_Source\PSoC4/BLE_custom.c ****             {
  57:Generated_Source\PSoC4/BLE_custom.c ****                 0x0016u, /* Handle of the Altitude characteristic */ 
  58:Generated_Source\PSoC4/BLE_custom.c ****                 
  59:Generated_Source\PSoC4/BLE_custom.c ****                 /* Array of Descriptors handles */
  60:Generated_Source\PSoC4/BLE_custom.c ****                 {
  61:Generated_Source\PSoC4/BLE_custom.c ****                     0x0017u, /* Handle of the Client Characteristic Configuration descriptor */ 
  62:Generated_Source\PSoC4/BLE_custom.c ****                     0x0018u, /* Handle of the Characteristic User Description descriptor */ 
  63:Generated_Source\PSoC4/BLE_custom.c ****                 }, 
  64:Generated_Source\PSoC4/BLE_custom.c ****             },
  65:Generated_Source\PSoC4/BLE_custom.c ****         }, 
  66:Generated_Source\PSoC4/BLE_custom.c ****     },
  67:Generated_Source\PSoC4/BLE_custom.c **** };
  68:Generated_Source\PSoC4/BLE_custom.c **** 
  69:Generated_Source\PSoC4/BLE_custom.c **** 
  70:Generated_Source\PSoC4/BLE_custom.c **** #endif /* (CYBLE_CUSTOM_SERVER) */
  71:Generated_Source\PSoC4/BLE_custom.c **** 
ARM GAS  C:\Users\hasur\AppData\Local\Temp\ccPoUFYe.s 			page 3


  72:Generated_Source\PSoC4/BLE_custom.c **** #ifdef CYBLE_CUSTOM_CLIENT
  73:Generated_Source\PSoC4/BLE_custom.c ****     
  74:Generated_Source\PSoC4/BLE_custom.c **** 
  75:Generated_Source\PSoC4/BLE_custom.c **** static uint16 cyBle_customDisServIndex;
  76:Generated_Source\PSoC4/BLE_custom.c **** static uint16 cyBle_customDisCharIndex;
  77:Generated_Source\PSoC4/BLE_custom.c **** 
  78:Generated_Source\PSoC4/BLE_custom.c **** #endif /* (CYBLE_CUSTOM_CLIENT) */
  79:Generated_Source\PSoC4/BLE_custom.c **** 
  80:Generated_Source\PSoC4/BLE_custom.c **** 
  81:Generated_Source\PSoC4/BLE_custom.c **** /****************************************************************************** 
  82:Generated_Source\PSoC4/BLE_custom.c **** * Function Name: CyBle_CustomInit
  83:Generated_Source\PSoC4/BLE_custom.c **** ***************************************************************************//**
  84:Generated_Source\PSoC4/BLE_custom.c **** * 
  85:Generated_Source\PSoC4/BLE_custom.c **** *  This function initializes Custom Service.
  86:Generated_Source\PSoC4/BLE_custom.c **** * 
  87:Generated_Source\PSoC4/BLE_custom.c **** * \return
  88:Generated_Source\PSoC4/BLE_custom.c **** *  None
  89:Generated_Source\PSoC4/BLE_custom.c **** * 
  90:Generated_Source\PSoC4/BLE_custom.c **** ******************************************************************************/
  91:Generated_Source\PSoC4/BLE_custom.c **** void CyBle_CustomInit(void)
  92:Generated_Source\PSoC4/BLE_custom.c **** {
  44              		.loc 1 92 0
  45              		.cfi_startproc
  46              		@ args = 0, pretend = 0, frame = 0
  47              		@ frame_needed = 1, uses_anonymous_args = 0
  48 0000 80B5     		push	{r7, lr}
  49              		.cfi_def_cfa_offset 8
  50              		.cfi_offset 7, -8
  51              		.cfi_offset 14, -4
  52 0002 00AF     		add	r7, sp, #0
  53              		.cfi_def_cfa_register 7
  93:Generated_Source\PSoC4/BLE_custom.c ****     
  94:Generated_Source\PSoC4/BLE_custom.c **** #ifdef CYBLE_CUSTOM_CLIENT
  95:Generated_Source\PSoC4/BLE_custom.c **** 
  96:Generated_Source\PSoC4/BLE_custom.c ****     uint16 locServIndex;
  97:Generated_Source\PSoC4/BLE_custom.c ****     uint16 locCharIndex;
  98:Generated_Source\PSoC4/BLE_custom.c ****     uint16 locDescIndex;
  99:Generated_Source\PSoC4/BLE_custom.c ****     
 100:Generated_Source\PSoC4/BLE_custom.c ****     for(locServIndex = 0u; locServIndex < CYBLE_CUSTOMC_SERVICE_COUNT; locServIndex++)
 101:Generated_Source\PSoC4/BLE_custom.c ****     {
 102:Generated_Source\PSoC4/BLE_custom.c ****         if(cyBle_serverInfo[CYBLE_SRVI_CUSTOMS + locServIndex].range.startHandle == CYBLE_GATT_INVA
 103:Generated_Source\PSoC4/BLE_custom.c ****         {
 104:Generated_Source\PSoC4/BLE_custom.c ****             for(locCharIndex = 0u; locCharIndex < cyBle_customCServ[locServIndex].charCount; locCha
 105:Generated_Source\PSoC4/BLE_custom.c ****             {
 106:Generated_Source\PSoC4/BLE_custom.c ****                 cyBle_customCServ[locServIndex].customServChar[locCharIndex].
 107:Generated_Source\PSoC4/BLE_custom.c ****                     customServCharHandle = 0u;
 108:Generated_Source\PSoC4/BLE_custom.c ****                 
 109:Generated_Source\PSoC4/BLE_custom.c ****                 for(locDescIndex = 0u; locDescIndex < 
 110:Generated_Source\PSoC4/BLE_custom.c ****                     cyBle_customCServ[locServIndex].customServChar[locCharIndex].descCount; 
 111:Generated_Source\PSoC4/BLE_custom.c ****                         locDescIndex++)
 112:Generated_Source\PSoC4/BLE_custom.c ****                 {
 113:Generated_Source\PSoC4/BLE_custom.c ****                     cyBle_customCServ[locServIndex].customServChar[locCharIndex].
 114:Generated_Source\PSoC4/BLE_custom.c ****                         customServCharDesc[locDescIndex].descHandle = 0u;
 115:Generated_Source\PSoC4/BLE_custom.c ****                 }
 116:Generated_Source\PSoC4/BLE_custom.c ****             }
 117:Generated_Source\PSoC4/BLE_custom.c ****         }
 118:Generated_Source\PSoC4/BLE_custom.c ****     }
ARM GAS  C:\Users\hasur\AppData\Local\Temp\ccPoUFYe.s 			page 4


 119:Generated_Source\PSoC4/BLE_custom.c **** 
 120:Generated_Source\PSoC4/BLE_custom.c **** #endif /* (CYBLE_CUSTOM_CLIENT) */
 121:Generated_Source\PSoC4/BLE_custom.c **** }
  54              		.loc 1 121 0
  55 0004 C046     		nop
  56 0006 BD46     		mov	sp, r7
  57              		@ sp needed
  58 0008 80BD     		pop	{r7, pc}
  59              		.cfi_endproc
  60              	.LFE2:
  61              		.size	CyBle_CustomInit, .-CyBle_CustomInit
  62 000a C046     		.text
  63              	.Letext0:
  64              		.file 2 "Generated_Source\\PSoC4\\cytypes.h"
  65              		.file 3 "Generated_Source\\PSoC4\\BLE_StackGatt.h"
  66              		.file 4 "Generated_Source\\PSoC4\\BLE_custom.h"
  67              		.file 5 "Generated_Source\\PSoC4\\BLE_Stack.h"
  68              		.section	.debug_info,"",%progbits
  69              	.Ldebug_info0:
  70 0000 1D030000 		.4byte	0x31d
  71 0004 0300     		.2byte	0x3
  72 0006 00000000 		.4byte	.Ldebug_abbrev0
  73 000a 04       		.byte	0x4
  74 000b 01       		.uleb128 0x1
  75 000c 0B040000 		.4byte	.LASF94
  76 0010 0C       		.byte	0xc
  77 0011 C6020000 		.4byte	.LASF95
  78 0015 7D0A0000 		.4byte	.LASF96
  79 0019 00000000 		.4byte	.Ldebug_ranges0+0
  80 001d 00000000 		.4byte	0
  81 0021 00000000 		.4byte	0
  82 0025 00000000 		.4byte	.Ldebug_line0
  83 0029 02       		.uleb128 0x2
  84 002a 01       		.byte	0x1
  85 002b 06       		.byte	0x6
  86 002c A0050000 		.4byte	.LASF0
  87 0030 02       		.uleb128 0x2
  88 0031 01       		.byte	0x1
  89 0032 08       		.byte	0x8
  90 0033 27050000 		.4byte	.LASF1
  91 0037 02       		.uleb128 0x2
  92 0038 02       		.byte	0x2
  93 0039 05       		.byte	0x5
  94 003a B7000000 		.4byte	.LASF2
  95 003e 02       		.uleb128 0x2
  96 003f 02       		.byte	0x2
  97 0040 07       		.byte	0x7
  98 0041 80070000 		.4byte	.LASF3
  99 0045 02       		.uleb128 0x2
 100 0046 04       		.byte	0x4
 101 0047 05       		.byte	0x5
 102 0048 37030000 		.4byte	.LASF4
 103 004c 02       		.uleb128 0x2
 104 004d 04       		.byte	0x4
 105 004e 07       		.byte	0x7
 106 004f 31060000 		.4byte	.LASF5
 107 0053 02       		.uleb128 0x2
ARM GAS  C:\Users\hasur\AppData\Local\Temp\ccPoUFYe.s 			page 5


 108 0054 08       		.byte	0x8
 109 0055 05       		.byte	0x5
 110 0056 23010000 		.4byte	.LASF6
 111 005a 02       		.uleb128 0x2
 112 005b 08       		.byte	0x8
 113 005c 07       		.byte	0x7
 114 005d EA020000 		.4byte	.LASF7
 115 0061 03       		.uleb128 0x3
 116 0062 04       		.byte	0x4
 117 0063 05       		.byte	0x5
 118 0064 696E7400 		.ascii	"int\000"
 119 0068 02       		.uleb128 0x2
 120 0069 04       		.byte	0x4
 121 006a 07       		.byte	0x7
 122 006b 09060000 		.4byte	.LASF8
 123 006f 04       		.uleb128 0x4
 124 0070 CE010000 		.4byte	.LASF86
 125 0074 02       		.byte	0x2
 126 0075 D301     		.2byte	0x1d3
 127 0077 3E000000 		.4byte	0x3e
 128 007b 02       		.uleb128 0x2
 129 007c 04       		.byte	0x4
 130 007d 04       		.byte	0x4
 131 007e 7E020000 		.4byte	.LASF9
 132 0082 02       		.uleb128 0x2
 133 0083 08       		.byte	0x8
 134 0084 04       		.byte	0x4
 135 0085 51080000 		.4byte	.LASF10
 136 0089 02       		.uleb128 0x2
 137 008a 01       		.byte	0x1
 138 008b 08       		.byte	0x8
 139 008c 5F070000 		.4byte	.LASF11
 140 0090 02       		.uleb128 0x2
 141 0091 08       		.byte	0x8
 142 0092 04       		.byte	0x4
 143 0093 F5040000 		.4byte	.LASF12
 144 0097 02       		.uleb128 0x2
 145 0098 04       		.byte	0x4
 146 0099 07       		.byte	0x7
 147 009a F9000000 		.4byte	.LASF13
 148 009e 05       		.uleb128 0x5
 149 009f 01       		.byte	0x1
 150 00a0 30000000 		.4byte	0x30
 151 00a4 05       		.byte	0x5
 152 00a5 3501     		.2byte	0x135
 153 00a7 5C020000 		.4byte	0x25c
 154 00ab 06       		.uleb128 0x6
 155 00ac 28020000 		.4byte	.LASF14
 156 00b0 00       		.byte	0
 157 00b1 06       		.uleb128 0x6
 158 00b2 68010000 		.4byte	.LASF15
 159 00b6 01       		.byte	0x1
 160 00b7 06       		.uleb128 0x6
 161 00b8 D7090000 		.4byte	.LASF16
 162 00bc 02       		.byte	0x2
 163 00bd 06       		.uleb128 0x6
 164 00be AD080000 		.4byte	.LASF17
ARM GAS  C:\Users\hasur\AppData\Local\Temp\ccPoUFYe.s 			page 6


 165 00c2 03       		.byte	0x3
 166 00c3 06       		.uleb128 0x6
 167 00c4 42010000 		.4byte	.LASF18
 168 00c8 04       		.byte	0x4
 169 00c9 06       		.uleb128 0x6
 170 00ca C9030000 		.4byte	.LASF19
 171 00ce 05       		.byte	0x5
 172 00cf 06       		.uleb128 0x6
 173 00d0 3E000000 		.4byte	.LASF20
 174 00d4 06       		.byte	0x6
 175 00d5 06       		.uleb128 0x6
 176 00d6 0B090000 		.4byte	.LASF21
 177 00da 20       		.byte	0x20
 178 00db 06       		.uleb128 0x6
 179 00dc 43060000 		.4byte	.LASF22
 180 00e0 21       		.byte	0x21
 181 00e1 06       		.uleb128 0x6
 182 00e2 00000000 		.4byte	.LASF23
 183 00e6 22       		.byte	0x22
 184 00e7 06       		.uleb128 0x6
 185 00e8 E5030000 		.4byte	.LASF24
 186 00ec 23       		.byte	0x23
 187 00ed 06       		.uleb128 0x6
 188 00ee ED050000 		.4byte	.LASF25
 189 00f2 24       		.byte	0x24
 190 00f3 06       		.uleb128 0x6
 191 00f4 C1000000 		.4byte	.LASF26
 192 00f8 25       		.byte	0x25
 193 00f9 06       		.uleb128 0x6
 194 00fa 80030000 		.4byte	.LASF27
 195 00fe 26       		.byte	0x26
 196 00ff 06       		.uleb128 0x6
 197 0100 61030000 		.4byte	.LASF28
 198 0104 27       		.byte	0x27
 199 0105 06       		.uleb128 0x6
 200 0106 71000000 		.4byte	.LASF29
 201 010a 28       		.byte	0x28
 202 010b 06       		.uleb128 0x6
 203 010c 7B060000 		.4byte	.LASF30
 204 0110 29       		.byte	0x29
 205 0111 06       		.uleb128 0x6
 206 0112 0F070000 		.4byte	.LASF31
 207 0116 2A       		.byte	0x2a
 208 0117 06       		.uleb128 0x6
 209 0118 F1070000 		.4byte	.LASF32
 210 011c 2B       		.byte	0x2b
 211 011d 06       		.uleb128 0x6
 212 011e D3060000 		.4byte	.LASF33
 213 0122 2C       		.byte	0x2c
 214 0123 06       		.uleb128 0x6
 215 0124 9D020000 		.4byte	.LASF34
 216 0128 2D       		.byte	0x2d
 217 0129 06       		.uleb128 0x6
 218 012a 93000000 		.4byte	.LASF35
 219 012e 2E       		.byte	0x2e
 220 012f 06       		.uleb128 0x6
 221 0130 160B0000 		.4byte	.LASF36
ARM GAS  C:\Users\hasur\AppData\Local\Temp\ccPoUFYe.s 			page 7


 222 0134 2F       		.byte	0x2f
 223 0135 06       		.uleb128 0x6
 224 0136 02010000 		.4byte	.LASF37
 225 013a 30       		.byte	0x30
 226 013b 06       		.uleb128 0x6
 227 013c D1040000 		.4byte	.LASF38
 228 0140 31       		.byte	0x31
 229 0141 06       		.uleb128 0x6
 230 0142 93070000 		.4byte	.LASF39
 231 0146 32       		.byte	0x32
 232 0147 06       		.uleb128 0x6
 233 0148 38070000 		.4byte	.LASF40
 234 014c 33       		.byte	0x33
 235 014d 06       		.uleb128 0x6
 236 014e 98060000 		.4byte	.LASF41
 237 0152 34       		.byte	0x34
 238 0153 06       		.uleb128 0x6
 239 0154 90080000 		.4byte	.LASF42
 240 0158 35       		.byte	0x35
 241 0159 06       		.uleb128 0x6
 242 015a 16030000 		.4byte	.LASF43
 243 015e 36       		.byte	0x36
 244 015f 06       		.uleb128 0x6
 245 0160 7B010000 		.4byte	.LASF44
 246 0164 37       		.byte	0x37
 247 0165 06       		.uleb128 0x6
 248 0166 57000000 		.4byte	.LASF45
 249 016a 40       		.byte	0x40
 250 016b 06       		.uleb128 0x6
 251 016c 16060000 		.4byte	.LASF46
 252 0170 41       		.byte	0x41
 253 0171 06       		.uleb128 0x6
 254 0172 DB000000 		.4byte	.LASF47
 255 0176 42       		.byte	0x42
 256 0177 06       		.uleb128 0x6
 257 0178 B0010000 		.4byte	.LASF48
 258 017c 43       		.byte	0x43
 259 017d 06       		.uleb128 0x6
 260 017e 95090000 		.4byte	.LASF49
 261 0182 44       		.byte	0x44
 262 0183 06       		.uleb128 0x6
 263 0184 2F090000 		.4byte	.LASF50
 264 0188 45       		.byte	0x45
 265 0189 06       		.uleb128 0x6
 266 018a 74090000 		.4byte	.LASF51
 267 018e 46       		.byte	0x46
 268 018f 06       		.uleb128 0x6
 269 0190 82050000 		.4byte	.LASF52
 270 0194 47       		.byte	0x47
 271 0195 06       		.uleb128 0x6
 272 0196 C6050000 		.4byte	.LASF53
 273 019a 48       		.byte	0x48
 274 019b 06       		.uleb128 0x6
 275 019c 84020000 		.4byte	.LASF54
 276 01a0 49       		.byte	0x49
 277 01a1 06       		.uleb128 0x6
 278 01a2 B4070000 		.4byte	.LASF55
ARM GAS  C:\Users\hasur\AppData\Local\Temp\ccPoUFYe.s 			page 8


 279 01a6 4A       		.byte	0x4a
 280 01a7 06       		.uleb128 0x6
 281 01a8 E8010000 		.4byte	.LASF56
 282 01ac 4B       		.byte	0x4b
 283 01ad 06       		.uleb128 0x6
 284 01ae AC050000 		.4byte	.LASF57
 285 01b2 4C       		.byte	0x4c
 286 01b3 06       		.uleb128 0x6
 287 01b4 24000000 		.4byte	.LASF58
 288 01b8 4D       		.byte	0x4d
 289 01b9 06       		.uleb128 0x6
 290 01ba 56090000 		.4byte	.LASF59
 291 01be 4E       		.byte	0x4e
 292 01bf 06       		.uleb128 0x6
 293 01c0 44050000 		.4byte	.LASF60
 294 01c4 4F       		.byte	0x4f
 295 01c5 06       		.uleb128 0x6
 296 01c6 420A0000 		.4byte	.LASF61
 297 01ca 50       		.byte	0x50
 298 01cb 06       		.uleb128 0x6
 299 01cc D2070000 		.4byte	.LASF62
 300 01d0 51       		.byte	0x51
 301 01d1 06       		.uleb128 0x6
 302 01d2 A8030000 		.4byte	.LASF63
 303 01d6 52       		.byte	0x52
 304 01d7 06       		.uleb128 0x6
 305 01d8 40030000 		.4byte	.LASF64
 306 01dc 53       		.byte	0x53
 307 01dd 06       		.uleb128 0x6
 308 01de 07020000 		.4byte	.LASF65
 309 01e2 54       		.byte	0x54
 310 01e3 06       		.uleb128 0x6
 311 01e4 E00A0000 		.4byte	.LASF66
 312 01e8 55       		.byte	0x55
 313 01e9 06       		.uleb128 0x6
 314 01ea 200A0000 		.4byte	.LASF67
 315 01ee 56       		.byte	0x56
 316 01ef 06       		.uleb128 0x6
 317 01f0 F7090000 		.4byte	.LASF68
 318 01f4 57       		.byte	0x57
 319 01f5 06       		.uleb128 0x6
 320 01f6 B0060000 		.4byte	.LASF69
 321 01fa 58       		.byte	0x58
 322 01fb 06       		.uleb128 0x6
 323 01fc 01050000 		.4byte	.LASF70
 324 0200 70       		.byte	0x70
 325 0201 06       		.uleb128 0x6
 326 0202 E5080000 		.4byte	.LASF71
 327 0206 71       		.byte	0x71
 328 0207 06       		.uleb128 0x6
 329 0208 64070000 		.4byte	.LASF72
 330 020c 72       		.byte	0x72
 331 020d 06       		.uleb128 0x6
 332 020e 3F020000 		.4byte	.LASF73
 333 0212 73       		.byte	0x73
 334 0213 06       		.uleb128 0x6
 335 0214 B3040000 		.4byte	.LASF74
ARM GAS  C:\Users\hasur\AppData\Local\Temp\ccPoUFYe.s 			page 9


 336 0218 74       		.byte	0x74
 337 0219 06       		.uleb128 0x6
 338 021a 5A060000 		.4byte	.LASF75
 339 021e 75       		.byte	0x75
 340 021f 06       		.uleb128 0x6
 341 0220 5D020000 		.4byte	.LASF76
 342 0224 76       		.byte	0x76
 343 0225 06       		.uleb128 0x6
 344 0226 C6080000 		.4byte	.LASF77
 345 022a 77       		.byte	0x77
 346 022b 06       		.uleb128 0x6
 347 022c 2E080000 		.4byte	.LASF78
 348 0230 78       		.byte	0x78
 349 0231 06       		.uleb128 0x6
 350 0232 58080000 		.4byte	.LASF79
 351 0236 79       		.byte	0x79
 352 0237 06       		.uleb128 0x6
 353 0238 B3090000 		.4byte	.LASF80
 354 023c 7A       		.byte	0x7a
 355 023d 06       		.uleb128 0x6
 356 023e 10080000 		.4byte	.LASF81
 357 0242 FA       		.byte	0xfa
 358 0243 06       		.uleb128 0x6
 359 0244 63050000 		.4byte	.LASF82
 360 0248 FB       		.byte	0xfb
 361 0249 06       		.uleb128 0x6
 362 024a 040B0000 		.4byte	.LASF83
 363 024e FC       		.byte	0xfc
 364 024f 06       		.uleb128 0x6
 365 0250 F7060000 		.4byte	.LASF84
 366 0254 FD       		.byte	0xfd
 367 0255 06       		.uleb128 0x6
 368 0256 E9090000 		.4byte	.LASF85
 369 025a FF       		.byte	0xff
 370 025b 00       		.byte	0
 371 025c 04       		.uleb128 0x4
 372 025d 610A0000 		.4byte	.LASF87
 373 0261 03       		.byte	0x3
 374 0262 8901     		.2byte	0x189
 375 0264 6F000000 		.4byte	0x6f
 376 0268 07       		.uleb128 0x7
 377 0269 06       		.byte	0x6
 378 026a 04       		.byte	0x4
 379 026b 51       		.byte	0x51
 380 026c 89020000 		.4byte	0x289
 381 0270 08       		.uleb128 0x8
 382 0271 7B080000 		.4byte	.LASF88
 383 0275 04       		.byte	0x4
 384 0276 54       		.byte	0x54
 385 0277 5C020000 		.4byte	0x25c
 386 027b 00       		.byte	0
 387 027c 08       		.uleb128 0x8
 388 027d D5010000 		.4byte	.LASF89
 389 0281 04       		.byte	0x4
 390 0282 56       		.byte	0x56
 391 0283 89020000 		.4byte	0x289
 392 0287 02       		.byte	0x2
ARM GAS  C:\Users\hasur\AppData\Local\Temp\ccPoUFYe.s 			page 10


 393 0288 00       		.byte	0
 394 0289 09       		.uleb128 0x9
 395 028a 5C020000 		.4byte	0x25c
 396 028e 99020000 		.4byte	0x299
 397 0292 0A       		.uleb128 0xa
 398 0293 97000000 		.4byte	0x97
 399 0297 01       		.byte	0x1
 400 0298 00       		.byte	0
 401 0299 0B       		.uleb128 0xb
 402 029a 01030000 		.4byte	.LASF90
 403 029e 04       		.byte	0x4
 404 029f 58       		.byte	0x58
 405 02a0 68020000 		.4byte	0x268
 406 02a4 07       		.uleb128 0x7
 407 02a5 14       		.byte	0x14
 408 02a6 04       		.byte	0x4
 409 02a7 5B       		.byte	0x5b
 410 02a8 C5020000 		.4byte	0x2c5
 411 02ac 08       		.uleb128 0x8
 412 02ad 31010000 		.4byte	.LASF91
 413 02b1 04       		.byte	0x4
 414 02b2 5E       		.byte	0x5e
 415 02b3 5C020000 		.4byte	0x25c
 416 02b7 00       		.byte	0
 417 02b8 08       		.uleb128 0x8
 418 02b9 35050000 		.4byte	.LASF92
 419 02bd 04       		.byte	0x4
 420 02be 61       		.byte	0x61
 421 02bf C5020000 		.4byte	0x2c5
 422 02c3 02       		.byte	0x2
 423 02c4 00       		.byte	0
 424 02c5 09       		.uleb128 0x9
 425 02c6 99020000 		.4byte	0x299
 426 02ca D5020000 		.4byte	0x2d5
 427 02ce 0A       		.uleb128 0xa
 428 02cf 97000000 		.4byte	0x97
 429 02d3 02       		.byte	0x2
 430 02d4 00       		.byte	0
 431 02d5 0B       		.uleb128 0xb
 432 02d6 A3040000 		.4byte	.LASF93
 433 02da 04       		.byte	0x4
 434 02db 63       		.byte	0x63
 435 02dc A4020000 		.4byte	0x2a4
 436 02e0 0C       		.uleb128 0xc
 437 02e1 01       		.byte	0x1
 438 02e2 57010000 		.4byte	.LASF97
 439 02e6 01       		.byte	0x1
 440 02e7 5B       		.byte	0x5b
 441 02e8 01       		.byte	0x1
 442 02e9 00000000 		.4byte	.LFB2
 443 02ed 0A000000 		.4byte	.LFE2
 444 02f1 01       		.byte	0x1
 445 02f2 9C       		.byte	0x9c
 446 02f3 01       		.byte	0x1
 447 02f4 09       		.uleb128 0x9
 448 02f5 04030000 		.4byte	0x304
 449 02f9 04030000 		.4byte	0x304
ARM GAS  C:\Users\hasur\AppData\Local\Temp\ccPoUFYe.s 			page 11


 450 02fd 0A       		.uleb128 0xa
 451 02fe 97000000 		.4byte	0x97
 452 0302 00       		.byte	0
 453 0303 00       		.byte	0
 454 0304 0D       		.uleb128 0xd
 455 0305 D5020000 		.4byte	0x2d5
 456 0309 0E       		.uleb128 0xe
 457 030a D20A0000 		.4byte	.LASF98
 458 030e 01       		.byte	0x1
 459 030f 1A       		.byte	0x1a
 460 0310 1B030000 		.4byte	0x31b
 461 0314 01       		.byte	0x1
 462 0315 05       		.byte	0x5
 463 0316 03       		.byte	0x3
 464 0317 00000000 		.4byte	cyBle_customs
 465 031b 0D       		.uleb128 0xd
 466 031c F4020000 		.4byte	0x2f4
 467 0320 00       		.byte	0
 468              		.section	.debug_abbrev,"",%progbits
 469              	.Ldebug_abbrev0:
 470 0000 01       		.uleb128 0x1
 471 0001 11       		.uleb128 0x11
 472 0002 01       		.byte	0x1
 473 0003 25       		.uleb128 0x25
 474 0004 0E       		.uleb128 0xe
 475 0005 13       		.uleb128 0x13
 476 0006 0B       		.uleb128 0xb
 477 0007 03       		.uleb128 0x3
 478 0008 0E       		.uleb128 0xe
 479 0009 1B       		.uleb128 0x1b
 480 000a 0E       		.uleb128 0xe
 481 000b 55       		.uleb128 0x55
 482 000c 06       		.uleb128 0x6
 483 000d 11       		.uleb128 0x11
 484 000e 01       		.uleb128 0x1
 485 000f 52       		.uleb128 0x52
 486 0010 01       		.uleb128 0x1
 487 0011 10       		.uleb128 0x10
 488 0012 06       		.uleb128 0x6
 489 0013 00       		.byte	0
 490 0014 00       		.byte	0
 491 0015 02       		.uleb128 0x2
 492 0016 24       		.uleb128 0x24
 493 0017 00       		.byte	0
 494 0018 0B       		.uleb128 0xb
 495 0019 0B       		.uleb128 0xb
 496 001a 3E       		.uleb128 0x3e
 497 001b 0B       		.uleb128 0xb
 498 001c 03       		.uleb128 0x3
 499 001d 0E       		.uleb128 0xe
 500 001e 00       		.byte	0
 501 001f 00       		.byte	0
 502 0020 03       		.uleb128 0x3
 503 0021 24       		.uleb128 0x24
 504 0022 00       		.byte	0
 505 0023 0B       		.uleb128 0xb
 506 0024 0B       		.uleb128 0xb
ARM GAS  C:\Users\hasur\AppData\Local\Temp\ccPoUFYe.s 			page 12


 507 0025 3E       		.uleb128 0x3e
 508 0026 0B       		.uleb128 0xb
 509 0027 03       		.uleb128 0x3
 510 0028 08       		.uleb128 0x8
 511 0029 00       		.byte	0
 512 002a 00       		.byte	0
 513 002b 04       		.uleb128 0x4
 514 002c 16       		.uleb128 0x16
 515 002d 00       		.byte	0
 516 002e 03       		.uleb128 0x3
 517 002f 0E       		.uleb128 0xe
 518 0030 3A       		.uleb128 0x3a
 519 0031 0B       		.uleb128 0xb
 520 0032 3B       		.uleb128 0x3b
 521 0033 05       		.uleb128 0x5
 522 0034 49       		.uleb128 0x49
 523 0035 13       		.uleb128 0x13
 524 0036 00       		.byte	0
 525 0037 00       		.byte	0
 526 0038 05       		.uleb128 0x5
 527 0039 04       		.uleb128 0x4
 528 003a 01       		.byte	0x1
 529 003b 0B       		.uleb128 0xb
 530 003c 0B       		.uleb128 0xb
 531 003d 49       		.uleb128 0x49
 532 003e 13       		.uleb128 0x13
 533 003f 3A       		.uleb128 0x3a
 534 0040 0B       		.uleb128 0xb
 535 0041 3B       		.uleb128 0x3b
 536 0042 05       		.uleb128 0x5
 537 0043 01       		.uleb128 0x1
 538 0044 13       		.uleb128 0x13
 539 0045 00       		.byte	0
 540 0046 00       		.byte	0
 541 0047 06       		.uleb128 0x6
 542 0048 28       		.uleb128 0x28
 543 0049 00       		.byte	0
 544 004a 03       		.uleb128 0x3
 545 004b 0E       		.uleb128 0xe
 546 004c 1C       		.uleb128 0x1c
 547 004d 0B       		.uleb128 0xb
 548 004e 00       		.byte	0
 549 004f 00       		.byte	0
 550 0050 07       		.uleb128 0x7
 551 0051 13       		.uleb128 0x13
 552 0052 01       		.byte	0x1
 553 0053 0B       		.uleb128 0xb
 554 0054 0B       		.uleb128 0xb
 555 0055 3A       		.uleb128 0x3a
 556 0056 0B       		.uleb128 0xb
 557 0057 3B       		.uleb128 0x3b
 558 0058 0B       		.uleb128 0xb
 559 0059 01       		.uleb128 0x1
 560 005a 13       		.uleb128 0x13
 561 005b 00       		.byte	0
 562 005c 00       		.byte	0
 563 005d 08       		.uleb128 0x8
ARM GAS  C:\Users\hasur\AppData\Local\Temp\ccPoUFYe.s 			page 13


 564 005e 0D       		.uleb128 0xd
 565 005f 00       		.byte	0
 566 0060 03       		.uleb128 0x3
 567 0061 0E       		.uleb128 0xe
 568 0062 3A       		.uleb128 0x3a
 569 0063 0B       		.uleb128 0xb
 570 0064 3B       		.uleb128 0x3b
 571 0065 0B       		.uleb128 0xb
 572 0066 49       		.uleb128 0x49
 573 0067 13       		.uleb128 0x13
 574 0068 38       		.uleb128 0x38
 575 0069 0B       		.uleb128 0xb
 576 006a 00       		.byte	0
 577 006b 00       		.byte	0
 578 006c 09       		.uleb128 0x9
 579 006d 01       		.uleb128 0x1
 580 006e 01       		.byte	0x1
 581 006f 49       		.uleb128 0x49
 582 0070 13       		.uleb128 0x13
 583 0071 01       		.uleb128 0x1
 584 0072 13       		.uleb128 0x13
 585 0073 00       		.byte	0
 586 0074 00       		.byte	0
 587 0075 0A       		.uleb128 0xa
 588 0076 21       		.uleb128 0x21
 589 0077 00       		.byte	0
 590 0078 49       		.uleb128 0x49
 591 0079 13       		.uleb128 0x13
 592 007a 2F       		.uleb128 0x2f
 593 007b 0B       		.uleb128 0xb
 594 007c 00       		.byte	0
 595 007d 00       		.byte	0
 596 007e 0B       		.uleb128 0xb
 597 007f 16       		.uleb128 0x16
 598 0080 00       		.byte	0
 599 0081 03       		.uleb128 0x3
 600 0082 0E       		.uleb128 0xe
 601 0083 3A       		.uleb128 0x3a
 602 0084 0B       		.uleb128 0xb
 603 0085 3B       		.uleb128 0x3b
 604 0086 0B       		.uleb128 0xb
 605 0087 49       		.uleb128 0x49
 606 0088 13       		.uleb128 0x13
 607 0089 00       		.byte	0
 608 008a 00       		.byte	0
 609 008b 0C       		.uleb128 0xc
 610 008c 2E       		.uleb128 0x2e
 611 008d 00       		.byte	0
 612 008e 3F       		.uleb128 0x3f
 613 008f 0C       		.uleb128 0xc
 614 0090 03       		.uleb128 0x3
 615 0091 0E       		.uleb128 0xe
 616 0092 3A       		.uleb128 0x3a
 617 0093 0B       		.uleb128 0xb
 618 0094 3B       		.uleb128 0x3b
 619 0095 0B       		.uleb128 0xb
 620 0096 27       		.uleb128 0x27
ARM GAS  C:\Users\hasur\AppData\Local\Temp\ccPoUFYe.s 			page 14


 621 0097 0C       		.uleb128 0xc
 622 0098 11       		.uleb128 0x11
 623 0099 01       		.uleb128 0x1
 624 009a 12       		.uleb128 0x12
 625 009b 01       		.uleb128 0x1
 626 009c 40       		.uleb128 0x40
 627 009d 0A       		.uleb128 0xa
 628 009e 9742     		.uleb128 0x2117
 629 00a0 0C       		.uleb128 0xc
 630 00a1 00       		.byte	0
 631 00a2 00       		.byte	0
 632 00a3 0D       		.uleb128 0xd
 633 00a4 26       		.uleb128 0x26
 634 00a5 00       		.byte	0
 635 00a6 49       		.uleb128 0x49
 636 00a7 13       		.uleb128 0x13
 637 00a8 00       		.byte	0
 638 00a9 00       		.byte	0
 639 00aa 0E       		.uleb128 0xe
 640 00ab 34       		.uleb128 0x34
 641 00ac 00       		.byte	0
 642 00ad 03       		.uleb128 0x3
 643 00ae 0E       		.uleb128 0xe
 644 00af 3A       		.uleb128 0x3a
 645 00b0 0B       		.uleb128 0xb
 646 00b1 3B       		.uleb128 0x3b
 647 00b2 0B       		.uleb128 0xb
 648 00b3 49       		.uleb128 0x49
 649 00b4 13       		.uleb128 0x13
 650 00b5 3F       		.uleb128 0x3f
 651 00b6 0C       		.uleb128 0xc
 652 00b7 02       		.uleb128 0x2
 653 00b8 0A       		.uleb128 0xa
 654 00b9 00       		.byte	0
 655 00ba 00       		.byte	0
 656 00bb 00       		.byte	0
 657              		.section	.debug_aranges,"",%progbits
 658 0000 1C000000 		.4byte	0x1c
 659 0004 0200     		.2byte	0x2
 660 0006 00000000 		.4byte	.Ldebug_info0
 661 000a 04       		.byte	0x4
 662 000b 00       		.byte	0
 663 000c 0000     		.2byte	0
 664 000e 0000     		.2byte	0
 665 0010 00000000 		.4byte	.LFB2
 666 0014 0A000000 		.4byte	.LFE2-.LFB2
 667 0018 00000000 		.4byte	0
 668 001c 00000000 		.4byte	0
 669              		.section	.debug_ranges,"",%progbits
 670              	.Ldebug_ranges0:
 671 0000 00000000 		.4byte	.LFB2
 672 0004 0A000000 		.4byte	.LFE2
 673 0008 00000000 		.4byte	0
 674 000c 00000000 		.4byte	0
 675              		.section	.debug_line,"",%progbits
 676              	.Ldebug_line0:
 677 0000 92000000 		.section	.debug_str,"MS",%progbits,1
ARM GAS  C:\Users\hasur\AppData\Local\Temp\ccPoUFYe.s 			page 15


 677      02007900 
 677      00000201 
 677      FB0E0D00 
 677      01010101 
 678              	.LASF23:
 679 0000 4359424C 		.ascii	"CYBLE_EVT_GAP_PASSKEY_ENTRY_REQUEST\000"
 679      455F4556 
 679      545F4741 
 679      505F5041 
 679      53534B45 
 680              	.LASF58:
 681 0024 4359424C 		.ascii	"CYBLE_EVT_GATTC_WRITE_RSP\000"
 681      455F4556 
 681      545F4741 
 681      5454435F 
 681      57524954 
 682              	.LASF20:
 683 003e 4359424C 		.ascii	"CYBLE_EVT_MEMORY_REQUEST\000"
 683      455F4556 
 683      545F4D45 
 683      4D4F5259 
 683      5F524551 
 684              	.LASF45:
 685 0057 4359424C 		.ascii	"CYBLE_EVT_GATTC_ERROR_RSP\000"
 685      455F4556 
 685      545F4741 
 685      5454435F 
 685      4552524F 
 686              	.LASF29:
 687 0071 4359424C 		.ascii	"CYBLE_EVT_GAP_DEVICE_DISCONNECTED\000"
 687      455F4556 
 687      545F4741 
 687      505F4445 
 687      56494345 
 688              	.LASF35:
 689 0093 4359424C 		.ascii	"CYBLE_EVT_GAP_KEYPRESS_NOTIFICATION\000"
 689      455F4556 
 689      545F4741 
 689      505F4B45 
 689      59505245 
 690              	.LASF2:
 691 00b7 73686F72 		.ascii	"short int\000"
 691      7420696E 
 691      7400
 692              	.LASF26:
 693 00c1 4359424C 		.ascii	"CYBLE_EVT_GAP_AUTH_FAILED\000"
 693      455F4556 
 693      545F4741 
 693      505F4155 
 693      54485F46 
 694              	.LASF47:
 695 00db 4359424C 		.ascii	"CYBLE_EVT_GATT_DISCONNECT_IND\000"
 695      455F4556 
 695      545F4741 
 695      54545F44 
 695      4953434F 
 696              	.LASF13:
ARM GAS  C:\Users\hasur\AppData\Local\Temp\ccPoUFYe.s 			page 16


 697 00f9 73697A65 		.ascii	"sizetype\000"
 697      74797065 
 697      00
 698              	.LASF37:
 699 0102 4359424C 		.ascii	"CYBLE_EVT_GAP_DATA_LENGTH_CHANGE\000"
 699      455F4556 
 699      545F4741 
 699      505F4441 
 699      54415F4C 
 700              	.LASF6:
 701 0123 6C6F6E67 		.ascii	"long long int\000"
 701      206C6F6E 
 701      6720696E 
 701      7400
 702              	.LASF91:
 703 0131 63757374 		.ascii	"customServHandle\000"
 703      6F6D5365 
 703      72764861 
 703      6E646C65 
 703      00
 704              	.LASF18:
 705 0142 4359424C 		.ascii	"CYBLE_EVT_HCI_STATUS\000"
 705      455F4556 
 705      545F4843 
 705      495F5354 
 705      41545553 
 706              	.LASF97:
 707 0157 4379426C 		.ascii	"CyBle_CustomInit\000"
 707      655F4375 
 707      73746F6D 
 707      496E6974 
 707      00
 708              	.LASF15:
 709 0168 4359424C 		.ascii	"CYBLE_EVT_STACK_ON\000"
 709      455F4556 
 709      545F5354 
 709      41434B5F 
 709      4F4E00
 710              	.LASF44:
 711 017b 4359424C 		.ascii	"CYBLE_EVT_GAP_SMP_LOC_P256_KEYS_GEN_AND_SET_COMPLET"
 711      455F4556 
 711      545F4741 
 711      505F534D 
 711      505F4C4F 
 712 01ae 4500     		.ascii	"E\000"
 713              	.LASF48:
 714 01b0 4359424C 		.ascii	"CYBLE_EVT_GATTS_XCNHG_MTU_REQ\000"
 714      455F4556 
 714      545F4741 
 714      5454535F 
 714      58434E48 
 715              	.LASF86:
 716 01ce 75696E74 		.ascii	"uint16\000"
 716      313600
 717              	.LASF89:
 718 01d5 63757374 		.ascii	"customServCharDesc\000"
 718      6F6D5365 
ARM GAS  C:\Users\hasur\AppData\Local\Temp\ccPoUFYe.s 			page 17


 718      72764368 
 718      61724465 
 718      736300
 719              	.LASF56:
 720 01e8 4359424C 		.ascii	"CYBLE_EVT_GATTC_READ_MULTI_RSP\000"
 720      455F4556 
 720      545F4741 
 720      5454435F 
 720      52454144 
 721              	.LASF65:
 722 0207 4359424C 		.ascii	"CYBLE_EVT_GATTS_HANDLE_VALUE_CNF\000"
 722      455F4556 
 722      545F4741 
 722      5454535F 
 722      48414E44 
 723              	.LASF14:
 724 0228 4359424C 		.ascii	"CYBLE_EVT_HOST_INVALID\000"
 724      455F4556 
 724      545F484F 
 724      53545F49 
 724      4E56414C 
 725              	.LASF73:
 726 023f 4359424C 		.ascii	"CYBLE_EVT_L2CAP_CBFC_CONN_IND\000"
 726      455F4556 
 726      545F4C32 
 726      4341505F 
 726      43424643 
 727              	.LASF76:
 728 025d 4359424C 		.ascii	"CYBLE_EVT_L2CAP_CBFC_DISCONN_CNF\000"
 728      455F4556 
 728      545F4C32 
 728      4341505F 
 728      43424643 
 729              	.LASF9:
 730 027e 666C6F61 		.ascii	"float\000"
 730      7400
 731              	.LASF54:
 732 0284 4359424C 		.ascii	"CYBLE_EVT_GATTC_READ_RSP\000"
 732      455F4556 
 732      545F4741 
 732      5454435F 
 732      52454144 
 733              	.LASF34:
 734 029d 4359424C 		.ascii	"CYBLE_EVT_GAP_NUMERIC_COMPARISON_REQUEST\000"
 734      455F4556 
 734      545F4741 
 734      505F4E55 
 734      4D455249 
 735              	.LASF95:
 736 02c6 47656E65 		.ascii	"Generated_Source\\PSoC4\\BLE_custom.c\000"
 736      72617465 
 736      645F536F 
 736      75726365 
 736      5C50536F 
 737              	.LASF7:
 738 02ea 6C6F6E67 		.ascii	"long long unsigned int\000"
 738      206C6F6E 
ARM GAS  C:\Users\hasur\AppData\Local\Temp\ccPoUFYe.s 			page 18


 738      6720756E 
 738      7369676E 
 738      65642069 
 739              	.LASF90:
 740 0301 4359424C 		.ascii	"CYBLE_CUSTOMS_INFO_T\000"
 740      455F4355 
 740      53544F4D 
 740      535F494E 
 740      464F5F54 
 741              	.LASF43:
 742 0316 4359424C 		.ascii	"CYBLE_EVT_GAP_AUTH_REQ_REPLY_ERR\000"
 742      455F4556 
 742      545F4741 
 742      505F4155 
 742      54485F52 
 743              	.LASF4:
 744 0337 6C6F6E67 		.ascii	"long int\000"
 744      20696E74 
 744      00
 745              	.LASF64:
 746 0340 4359424C 		.ascii	"CYBLE_EVT_GATTC_HANDLE_VALUE_IND\000"
 746      455F4556 
 746      545F4741 
 746      5454435F 
 746      48414E44 
 747              	.LASF28:
 748 0361 4359424C 		.ascii	"CYBLE_EVT_GAP_DEVICE_CONNECTED\000"
 748      455F4556 
 748      545F4741 
 748      505F4445 
 748      56494345 
 749              	.LASF27:
 750 0380 4359424C 		.ascii	"CYBLE_EVT_GAPP_ADVERTISEMENT_START_STOP\000"
 750      455F4556 
 750      545F4741 
 750      50505F41 
 750      44564552 
 751              	.LASF63:
 752 03a8 4359424C 		.ascii	"CYBLE_EVT_GATTC_HANDLE_VALUE_NTF\000"
 752      455F4556 
 752      545F4741 
 752      5454435F 
 752      48414E44 
 753              	.LASF19:
 754 03c9 4359424C 		.ascii	"CYBLE_EVT_STACK_BUSY_STATUS\000"
 754      455F4556 
 754      545F5354 
 754      41434B5F 
 754      42555359 
 755              	.LASF24:
 756 03e5 4359424C 		.ascii	"CYBLE_EVT_GAP_PASSKEY_DISPLAY_REQUEST\000"
 756      455F4556 
 756      545F4741 
 756      505F5041 
 756      53534B45 
 757              	.LASF94:
 758 040b 474E5520 		.ascii	"GNU C11 5.4.1 20160609 (release) [ARM/embedded-5-br"
ARM GAS  C:\Users\hasur\AppData\Local\Temp\ccPoUFYe.s 			page 19


 758      43313120 
 758      352E342E 
 758      31203230 
 758      31363036 
 759 043e 616E6368 		.ascii	"anch revision 237715] -mcpu=cortex-m0 -mthumb -g -g"
 759      20726576 
 759      6973696F 
 759      6E203233 
 759      37373135 
 760 0471 64776172 		.ascii	"dwarf-3 -O0 -ffunction-sections -ffat-lto-objects\000"
 760      662D3320 
 760      2D4F3020 
 760      2D666675 
 760      6E637469 
 761              	.LASF93:
 762 04a3 4359424C 		.ascii	"CYBLE_CUSTOMS_T\000"
 762      455F4355 
 762      53544F4D 
 762      535F5400 
 763              	.LASF74:
 764 04b3 4359424C 		.ascii	"CYBLE_EVT_L2CAP_CBFC_CONN_CNF\000"
 764      455F4556 
 764      545F4C32 
 764      4341505F 
 764      43424643 
 765              	.LASF38:
 766 04d1 4359424C 		.ascii	"CYBLE_EVT_GAP_ENHANCE_CONN_COMPLETE\000"
 766      455F4556 
 766      545F4741 
 766      505F454E 
 766      48414E43 
 767              	.LASF12:
 768 04f5 6C6F6E67 		.ascii	"long double\000"
 768      20646F75 
 768      626C6500 
 769              	.LASF70:
 770 0501 4359424C 		.ascii	"CYBLE_EVT_L2CAP_CONN_PARAM_UPDATE_REQ\000"
 770      455F4556 
 770      545F4C32 
 770      4341505F 
 770      434F4E4E 
 771              	.LASF1:
 772 0527 756E7369 		.ascii	"unsigned char\000"
 772      676E6564 
 772      20636861 
 772      7200
 773              	.LASF92:
 774 0535 63757374 		.ascii	"customServInfo\000"
 774      6F6D5365 
 774      7276496E 
 774      666F00
 775              	.LASF60:
 776 0544 4359424C 		.ascii	"CYBLE_EVT_GATTS_PREP_WRITE_REQ\000"
 776      455F4556 
 776      545F4741 
 776      5454535F 
 776      50524550 
ARM GAS  C:\Users\hasur\AppData\Local\Temp\ccPoUFYe.s 			page 20


 777              	.LASF82:
 778 0563 4359424C 		.ascii	"CYBLE_EVT_LE_PING_AUTH_TIMEOUT\000"
 778      455F4556 
 778      545F4C45 
 778      5F50494E 
 778      475F4155 
 779              	.LASF52:
 780 0582 4359424C 		.ascii	"CYBLE_EVT_GATTC_FIND_INFO_RSP\000"
 780      455F4556 
 780      545F4741 
 780      5454435F 
 780      46494E44 
 781              	.LASF0:
 782 05a0 7369676E 		.ascii	"signed char\000"
 782      65642063 
 782      68617200 
 783              	.LASF57:
 784 05ac 4359424C 		.ascii	"CYBLE_EVT_GATTS_WRITE_REQ\000"
 784      455F4556 
 784      545F4741 
 784      5454535F 
 784      57524954 
 785              	.LASF53:
 786 05c6 4359424C 		.ascii	"CYBLE_EVT_GATTC_FIND_BY_TYPE_VALUE_RSP\000"
 786      455F4556 
 786      545F4741 
 786      5454435F 
 786      46494E44 
 787              	.LASF25:
 788 05ed 4359424C 		.ascii	"CYBLE_EVT_GAP_AUTH_COMPLETE\000"
 788      455F4556 
 788      545F4741 
 788      505F4155 
 788      54485F43 
 789              	.LASF8:
 790 0609 756E7369 		.ascii	"unsigned int\000"
 790      676E6564 
 790      20696E74 
 790      00
 791              	.LASF46:
 792 0616 4359424C 		.ascii	"CYBLE_EVT_GATT_CONNECT_IND\000"
 792      455F4556 
 792      545F4741 
 792      54545F43 
 792      4F4E4E45 
 793              	.LASF5:
 794 0631 6C6F6E67 		.ascii	"long unsigned int\000"
 794      20756E73 
 794      69676E65 
 794      6420696E 
 794      7400
 795              	.LASF22:
 796 0643 4359424C 		.ascii	"CYBLE_EVT_GAP_AUTH_REQ\000"
 796      455F4556 
 796      545F4741 
 796      505F4155 
 796      54485F52 
ARM GAS  C:\Users\hasur\AppData\Local\Temp\ccPoUFYe.s 			page 21


 797              	.LASF75:
 798 065a 4359424C 		.ascii	"CYBLE_EVT_L2CAP_CBFC_DISCONN_IND\000"
 798      455F4556 
 798      545F4C32 
 798      4341505F 
 798      43424643 
 799              	.LASF30:
 800 067b 4359424C 		.ascii	"CYBLE_EVT_GAP_ENCRYPT_CHANGE\000"
 800      455F4556 
 800      545F4741 
 800      505F454E 
 800      43525950 
 801              	.LASF41:
 802 0698 4359424C 		.ascii	"CYBLE_EVT_GAP_CONN_ESTB\000"
 802      455F4556 
 802      545F4741 
 802      505F434F 
 802      4E4E5F45 
 803              	.LASF69:
 804 06b0 4359424C 		.ascii	"CYBLE_EVT_GATTC_LONG_PROCEDURE_END\000"
 804      455F4556 
 804      545F4741 
 804      5454435F 
 804      4C4F4E47 
 805              	.LASF33:
 806 06d3 4359424C 		.ascii	"CYBLE_EVT_GAP_KEYINFO_EXCHNGE_CMPLT\000"
 806      455F4556 
 806      545F4741 
 806      505F4B45 
 806      59494E46 
 807              	.LASF84:
 808 06f7 4359424C 		.ascii	"CYBLE_EVT_FLASH_CORRUPT\000"
 808      455F4556 
 808      545F464C 
 808      4153485F 
 808      434F5252 
 809              	.LASF31:
 810 070f 4359424C 		.ascii	"CYBLE_EVT_GAP_CONNECTION_UPDATE_COMPLETE\000"
 810      455F4556 
 810      545F4741 
 810      505F434F 
 810      4E4E4543 
 811              	.LASF40:
 812 0738 4359424C 		.ascii	"CYBLE_EVT_GAP_SMP_NEGOTIATED_AUTH_INFO\000"
 812      455F4556 
 812      545F4741 
 812      505F534D 
 812      505F4E45 
 813              	.LASF11:
 814 075f 63686172 		.ascii	"char\000"
 814      00
 815              	.LASF72:
 816 0764 4359424C 		.ascii	"CYBLE_EVT_L2CAP_COMMAND_REJ\000"
 816      455F4556 
 816      545F4C32 
 816      4341505F 
 816      434F4D4D 
ARM GAS  C:\Users\hasur\AppData\Local\Temp\ccPoUFYe.s 			page 22


 817              	.LASF3:
 818 0780 73686F72 		.ascii	"short unsigned int\000"
 818      7420756E 
 818      7369676E 
 818      65642069 
 818      6E7400
 819              	.LASF39:
 820 0793 4359424C 		.ascii	"CYBLE_EVT_GAPC_DIRECT_ADV_REPORT\000"
 820      455F4556 
 820      545F4741 
 820      50435F44 
 820      49524543 
 821              	.LASF55:
 822 07b4 4359424C 		.ascii	"CYBLE_EVT_GATTC_READ_BLOB_RSP\000"
 822      455F4556 
 822      545F4741 
 822      5454435F 
 822      52454144 
 823              	.LASF62:
 824 07d2 4359424C 		.ascii	"CYBLE_EVT_GATTC_EXEC_WRITE_RSP\000"
 824      455F4556 
 824      545F4741 
 824      5454435F 
 824      45584543 
 825              	.LASF32:
 826 07f1 4359424C 		.ascii	"CYBLE_EVT_GAPC_SCAN_START_STOP\000"
 826      455F4556 
 826      545F4741 
 826      50435F53 
 826      43414E5F 
 827              	.LASF81:
 828 0810 4359424C 		.ascii	"CYBLE_EVT_PENDING_FLASH_WRITE\000"
 828      455F4556 
 828      545F5045 
 828      4E44494E 
 828      475F464C 
 829              	.LASF78:
 830 082e 4359424C 		.ascii	"CYBLE_EVT_L2CAP_CBFC_RX_CREDIT_IND\000"
 830      455F4556 
 830      545F4C32 
 830      4341505F 
 830      43424643 
 831              	.LASF10:
 832 0851 646F7562 		.ascii	"double\000"
 832      6C6500
 833              	.LASF79:
 834 0858 4359424C 		.ascii	"CYBLE_EVT_L2CAP_CBFC_TX_CREDIT_IND\000"
 834      455F4556 
 834      545F4C32 
 834      4341505F 
 834      43424643 
 835              	.LASF88:
 836 087b 63757374 		.ascii	"customServCharHandle\000"
 836      6F6D5365 
 836      72764368 
 836      61724861 
 836      6E646C65 
ARM GAS  C:\Users\hasur\AppData\Local\Temp\ccPoUFYe.s 			page 23


 837              	.LASF42:
 838 0890 4359424C 		.ascii	"CYBLE_EVT_GAP_SCAN_REQ_RECVD\000"
 838      455F4556 
 838      545F4741 
 838      505F5343 
 838      414E5F52 
 839              	.LASF17:
 840 08ad 4359424C 		.ascii	"CYBLE_EVT_HARDWARE_ERROR\000"
 840      455F4556 
 840      545F4841 
 840      52445741 
 840      52455F45 
 841              	.LASF77:
 842 08c6 4359424C 		.ascii	"CYBLE_EVT_L2CAP_CBFC_DATA_READ\000"
 842      455F4556 
 842      545F4C32 
 842      4341505F 
 842      43424643 
 843              	.LASF71:
 844 08e5 4359424C 		.ascii	"CYBLE_EVT_L2CAP_CONN_PARAM_UPDATE_RSP\000"
 844      455F4556 
 844      545F4C32 
 844      4341505F 
 844      434F4E4E 
 845              	.LASF21:
 846 090b 4359424C 		.ascii	"CYBLE_EVT_GAPC_SCAN_PROGRESS_RESULT\000"
 846      455F4556 
 846      545F4741 
 846      50435F53 
 846      43414E5F 
 847              	.LASF50:
 848 092f 4359424C 		.ascii	"CYBLE_EVT_GATTC_READ_BY_GROUP_TYPE_RSP\000"
 848      455F4556 
 848      545F4741 
 848      5454435F 
 848      52454144 
 849              	.LASF59:
 850 0956 4359424C 		.ascii	"CYBLE_EVT_GATTS_WRITE_CMD_REQ\000"
 850      455F4556 
 850      545F4741 
 850      5454535F 
 850      57524954 
 851              	.LASF51:
 852 0974 4359424C 		.ascii	"CYBLE_EVT_GATTC_READ_BY_TYPE_RSP\000"
 852      455F4556 
 852      545F4741 
 852      5454435F 
 852      52454144 
 853              	.LASF49:
 854 0995 4359424C 		.ascii	"CYBLE_EVT_GATTC_XCHNG_MTU_RSP\000"
 854      455F4556 
 854      545F4741 
 854      5454435F 
 854      5843484E 
 855              	.LASF80:
 856 09b3 4359424C 		.ascii	"CYBLE_EVT_L2CAP_CBFC_DATA_WRITE_IND\000"
 856      455F4556 
ARM GAS  C:\Users\hasur\AppData\Local\Temp\ccPoUFYe.s 			page 24


 856      545F4C32 
 856      4341505F 
 856      43424643 
 857              	.LASF16:
 858 09d7 4359424C 		.ascii	"CYBLE_EVT_TIMEOUT\000"
 858      455F4556 
 858      545F5449 
 858      4D454F55 
 858      5400
 859              	.LASF85:
 860 09e9 4359424C 		.ascii	"CYBLE_EVT_MAX\000"
 860      455F4556 
 860      545F4D41 
 860      5800
 861              	.LASF68:
 862 09f7 4359424C 		.ascii	"CYBLE_EVT_GATTS_READ_CHAR_VAL_ACCESS_REQ\000"
 862      455F4556 
 862      545F4741 
 862      5454535F 
 862      52454144 
 863              	.LASF67:
 864 0a20 4359424C 		.ascii	"CYBLE_EVT_GATTC_STOP_CMD_COMPLETE\000"
 864      455F4556 
 864      545F4741 
 864      5454435F 
 864      53544F50 
 865              	.LASF61:
 866 0a42 4359424C 		.ascii	"CYBLE_EVT_GATTS_EXEC_WRITE_REQ\000"
 866      455F4556 
 866      545F4741 
 866      5454535F 
 866      45584543 
 867              	.LASF87:
 868 0a61 4359424C 		.ascii	"CYBLE_GATT_DB_ATTR_HANDLE_T\000"
 868      455F4741 
 868      54545F44 
 868      425F4154 
 868      54525F48 
 869              	.LASF96:
 870 0a7d 433A5C55 		.ascii	"C:\\Users\\hasur\\Documents\\PSoC_4_BLE_Pressure_Se"
 870      73657273 
 870      5C686173 
 870      75725C44 
 870      6F63756D 
 871 0aac 6E736F72 		.ascii	"nsor\\PSoC_4_BLE_Pressure_Sensor.cydsn\000"
 871      5C50536F 
 871      435F345F 
 871      424C455F 
 871      50726573 
 872              	.LASF98:
 873 0ad2 6379426C 		.ascii	"cyBle_customs\000"
 873      655F6375 
 873      73746F6D 
 873      7300
 874              	.LASF66:
 875 0ae0 4359424C 		.ascii	"CYBLE_EVT_GATTS_DATA_SIGNED_CMD_REQ\000"
 875      455F4556 
ARM GAS  C:\Users\hasur\AppData\Local\Temp\ccPoUFYe.s 			page 25


 875      545F4741 
 875      5454535F 
 875      44415441 
 876              	.LASF83:
 877 0b04 4359424C 		.ascii	"CYBLE_EVT_HCI_PKT\000"
 877      455F4556 
 877      545F4843 
 877      495F504B 
 877      5400
 878              	.LASF36:
 879 0b16 4359424C 		.ascii	"CYBLE_EVT_GAP_OOB_GENERATED_NOTIFICATION\000"
 879      455F4556 
 879      545F4741 
 879      505F4F4F 
 879      425F4745 
 880              		.ident	"GCC: (GNU Tools for ARM Embedded Processors) 5.4.1 20160609 (release) [ARM/embedded-5-bran
