ARM GAS  C:\Users\hasur\AppData\Local\Temp\cceEcun4.s 			page 1


   1              		.syntax unified
   2              		.cpu cortex-m0
   3              		.fpu softvfp
   4              		.eabi_attribute 20, 1
   5              		.eabi_attribute 21, 1
   6              		.eabi_attribute 23, 3
   7              		.eabi_attribute 24, 1
   8              		.eabi_attribute 25, 1
   9              		.eabi_attribute 26, 1
  10              		.eabi_attribute 30, 6
  11              		.eabi_attribute 34, 0
  12              		.eabi_attribute 18, 4
  13              		.thumb
  14              		.syntax unified
  15              		.file	"Btn_Interrupt.c"
  16              		.text
  17              	.Ltext0:
  18              		.cfi_sections	.debug_frame
  19              		.section	.text.Btn_Interrupt_Start,"ax",%progbits
  20              		.align	2
  21              		.global	Btn_Interrupt_Start
  22              		.code	16
  23              		.thumb_func
  24              		.type	Btn_Interrupt_Start, %function
  25              	Btn_Interrupt_Start:
  26              	.LFB2:
  27              		.file 1 "Generated_Source\\PSoC4\\Btn_Interrupt.c"
   1:Generated_Source\PSoC4/Btn_Interrupt.c **** /*******************************************************************************
   2:Generated_Source\PSoC4/Btn_Interrupt.c **** * File Name: Btn_Interrupt.c  
   3:Generated_Source\PSoC4/Btn_Interrupt.c **** * Version 1.70
   4:Generated_Source\PSoC4/Btn_Interrupt.c **** *
   5:Generated_Source\PSoC4/Btn_Interrupt.c **** *  Description:
   6:Generated_Source\PSoC4/Btn_Interrupt.c **** *   API for controlling the state of an interrupt.
   7:Generated_Source\PSoC4/Btn_Interrupt.c **** *
   8:Generated_Source\PSoC4/Btn_Interrupt.c **** *
   9:Generated_Source\PSoC4/Btn_Interrupt.c **** *  Note:
  10:Generated_Source\PSoC4/Btn_Interrupt.c **** *
  11:Generated_Source\PSoC4/Btn_Interrupt.c **** ********************************************************************************
  12:Generated_Source\PSoC4/Btn_Interrupt.c **** * Copyright 2008-2015, Cypress Semiconductor Corporation.  All rights reserved.
  13:Generated_Source\PSoC4/Btn_Interrupt.c **** * You may use this file only in accordance with the license, terms, conditions, 
  14:Generated_Source\PSoC4/Btn_Interrupt.c **** * disclaimers, and limitations in the end user license agreement accompanying 
  15:Generated_Source\PSoC4/Btn_Interrupt.c **** * the software package with which this file was provided.
  16:Generated_Source\PSoC4/Btn_Interrupt.c **** *******************************************************************************/
  17:Generated_Source\PSoC4/Btn_Interrupt.c **** 
  18:Generated_Source\PSoC4/Btn_Interrupt.c **** 
  19:Generated_Source\PSoC4/Btn_Interrupt.c **** #include <cydevice_trm.h>
  20:Generated_Source\PSoC4/Btn_Interrupt.c **** #include <CyLib.h>
  21:Generated_Source\PSoC4/Btn_Interrupt.c **** #include <Btn_Interrupt.h>
  22:Generated_Source\PSoC4/Btn_Interrupt.c **** 
  23:Generated_Source\PSoC4/Btn_Interrupt.c **** 
  24:Generated_Source\PSoC4/Btn_Interrupt.c **** #if !defined(Btn_Interrupt__REMOVED) /* Check for removal by optimization */
  25:Generated_Source\PSoC4/Btn_Interrupt.c **** 
  26:Generated_Source\PSoC4/Btn_Interrupt.c **** /*******************************************************************************
  27:Generated_Source\PSoC4/Btn_Interrupt.c **** *  Place your includes, defines and code here 
  28:Generated_Source\PSoC4/Btn_Interrupt.c **** ********************************************************************************/
  29:Generated_Source\PSoC4/Btn_Interrupt.c **** /* `#START Btn_Interrupt_intc` */
  30:Generated_Source\PSoC4/Btn_Interrupt.c **** 
ARM GAS  C:\Users\hasur\AppData\Local\Temp\cceEcun4.s 			page 2


  31:Generated_Source\PSoC4/Btn_Interrupt.c **** /* `#END` */
  32:Generated_Source\PSoC4/Btn_Interrupt.c **** 
  33:Generated_Source\PSoC4/Btn_Interrupt.c **** extern cyisraddress CyRamVectors[CYINT_IRQ_BASE + CY_NUM_INTERRUPTS];
  34:Generated_Source\PSoC4/Btn_Interrupt.c **** 
  35:Generated_Source\PSoC4/Btn_Interrupt.c **** /* Declared in startup, used to set unused interrupts to. */
  36:Generated_Source\PSoC4/Btn_Interrupt.c **** CY_ISR_PROTO(IntDefaultHandler);
  37:Generated_Source\PSoC4/Btn_Interrupt.c **** 
  38:Generated_Source\PSoC4/Btn_Interrupt.c **** 
  39:Generated_Source\PSoC4/Btn_Interrupt.c **** /*******************************************************************************
  40:Generated_Source\PSoC4/Btn_Interrupt.c **** * Function Name: Btn_Interrupt_Start
  41:Generated_Source\PSoC4/Btn_Interrupt.c **** ********************************************************************************
  42:Generated_Source\PSoC4/Btn_Interrupt.c **** *
  43:Generated_Source\PSoC4/Btn_Interrupt.c **** * Summary:
  44:Generated_Source\PSoC4/Btn_Interrupt.c **** *  Set up the interrupt and enable it. This function disables the interrupt, 
  45:Generated_Source\PSoC4/Btn_Interrupt.c **** *  sets the default interrupt vector, sets the priority from the value in the
  46:Generated_Source\PSoC4/Btn_Interrupt.c **** *  Design Wide Resources Interrupt Editor, then enables the interrupt to the 
  47:Generated_Source\PSoC4/Btn_Interrupt.c **** *  interrupt controller.
  48:Generated_Source\PSoC4/Btn_Interrupt.c **** *
  49:Generated_Source\PSoC4/Btn_Interrupt.c **** * Parameters:  
  50:Generated_Source\PSoC4/Btn_Interrupt.c **** *   None
  51:Generated_Source\PSoC4/Btn_Interrupt.c **** *
  52:Generated_Source\PSoC4/Btn_Interrupt.c **** * Return:
  53:Generated_Source\PSoC4/Btn_Interrupt.c **** *   None
  54:Generated_Source\PSoC4/Btn_Interrupt.c **** *
  55:Generated_Source\PSoC4/Btn_Interrupt.c **** *******************************************************************************/
  56:Generated_Source\PSoC4/Btn_Interrupt.c **** void Btn_Interrupt_Start(void)
  57:Generated_Source\PSoC4/Btn_Interrupt.c **** {
  28              		.loc 1 57 0
  29              		.cfi_startproc
  30              		@ args = 0, pretend = 0, frame = 0
  31              		@ frame_needed = 1, uses_anonymous_args = 0
  32 0000 80B5     		push	{r7, lr}
  33              		.cfi_def_cfa_offset 8
  34              		.cfi_offset 7, -8
  35              		.cfi_offset 14, -4
  36 0002 00AF     		add	r7, sp, #0
  37              		.cfi_def_cfa_register 7
  58:Generated_Source\PSoC4/Btn_Interrupt.c ****     /* For all we know the interrupt is active. */
  59:Generated_Source\PSoC4/Btn_Interrupt.c ****     Btn_Interrupt_Disable();
  38              		.loc 1 59 0
  39 0004 FFF7FEFF 		bl	Btn_Interrupt_Disable
  60:Generated_Source\PSoC4/Btn_Interrupt.c **** 
  61:Generated_Source\PSoC4/Btn_Interrupt.c ****     /* Set the ISR to point to the Btn_Interrupt Interrupt. */
  62:Generated_Source\PSoC4/Btn_Interrupt.c ****     Btn_Interrupt_SetVector(&Btn_Interrupt_Interrupt);
  40              		.loc 1 62 0
  41 0008 054B     		ldr	r3, .L2
  42 000a 1800     		movs	r0, r3
  43 000c FFF7FEFF 		bl	Btn_Interrupt_SetVector
  63:Generated_Source\PSoC4/Btn_Interrupt.c **** 
  64:Generated_Source\PSoC4/Btn_Interrupt.c ****     /* Set the priority. */
  65:Generated_Source\PSoC4/Btn_Interrupt.c ****     Btn_Interrupt_SetPriority((uint8)Btn_Interrupt_INTC_PRIOR_NUMBER);
  44              		.loc 1 65 0
  45 0010 0320     		movs	r0, #3
  46 0012 FFF7FEFF 		bl	Btn_Interrupt_SetPriority
  66:Generated_Source\PSoC4/Btn_Interrupt.c **** 
  67:Generated_Source\PSoC4/Btn_Interrupt.c ****     /* Enable it. */
  68:Generated_Source\PSoC4/Btn_Interrupt.c ****     Btn_Interrupt_Enable();
ARM GAS  C:\Users\hasur\AppData\Local\Temp\cceEcun4.s 			page 3


  47              		.loc 1 68 0
  48 0016 FFF7FEFF 		bl	Btn_Interrupt_Enable
  69:Generated_Source\PSoC4/Btn_Interrupt.c **** }
  49              		.loc 1 69 0
  50 001a C046     		nop
  51 001c BD46     		mov	sp, r7
  52              		@ sp needed
  53 001e 80BD     		pop	{r7, pc}
  54              	.L3:
  55              		.align	2
  56              	.L2:
  57 0020 00000000 		.word	Btn_Interrupt_Interrupt
  58              		.cfi_endproc
  59              	.LFE2:
  60              		.size	Btn_Interrupt_Start, .-Btn_Interrupt_Start
  61              		.section	.text.Btn_Interrupt_StartEx,"ax",%progbits
  62              		.align	2
  63              		.global	Btn_Interrupt_StartEx
  64              		.code	16
  65              		.thumb_func
  66              		.type	Btn_Interrupt_StartEx, %function
  67              	Btn_Interrupt_StartEx:
  68              	.LFB3:
  70:Generated_Source\PSoC4/Btn_Interrupt.c **** 
  71:Generated_Source\PSoC4/Btn_Interrupt.c **** 
  72:Generated_Source\PSoC4/Btn_Interrupt.c **** /*******************************************************************************
  73:Generated_Source\PSoC4/Btn_Interrupt.c **** * Function Name: Btn_Interrupt_StartEx
  74:Generated_Source\PSoC4/Btn_Interrupt.c **** ********************************************************************************
  75:Generated_Source\PSoC4/Btn_Interrupt.c **** *
  76:Generated_Source\PSoC4/Btn_Interrupt.c **** * Summary:
  77:Generated_Source\PSoC4/Btn_Interrupt.c **** *  Sets up the interrupt and enables it. This function disables the interrupt,
  78:Generated_Source\PSoC4/Btn_Interrupt.c **** *  sets the interrupt vector based on the address passed in, sets the priority 
  79:Generated_Source\PSoC4/Btn_Interrupt.c **** *  from the value in the Design Wide Resources Interrupt Editor, then enables 
  80:Generated_Source\PSoC4/Btn_Interrupt.c **** *  the interrupt to the interrupt controller.
  81:Generated_Source\PSoC4/Btn_Interrupt.c **** *  
  82:Generated_Source\PSoC4/Btn_Interrupt.c **** *  When defining ISR functions, the CY_ISR and CY_ISR_PROTO macros should be 
  83:Generated_Source\PSoC4/Btn_Interrupt.c **** *  used to provide consistent definition across compilers:
  84:Generated_Source\PSoC4/Btn_Interrupt.c **** *  
  85:Generated_Source\PSoC4/Btn_Interrupt.c **** *  Function definition example:
  86:Generated_Source\PSoC4/Btn_Interrupt.c **** *   CY_ISR(MyISR)
  87:Generated_Source\PSoC4/Btn_Interrupt.c **** *   {
  88:Generated_Source\PSoC4/Btn_Interrupt.c **** *   }
  89:Generated_Source\PSoC4/Btn_Interrupt.c **** *   Function prototype example:
  90:Generated_Source\PSoC4/Btn_Interrupt.c **** *   CY_ISR_PROTO(MyISR);
  91:Generated_Source\PSoC4/Btn_Interrupt.c **** *
  92:Generated_Source\PSoC4/Btn_Interrupt.c **** * Parameters:  
  93:Generated_Source\PSoC4/Btn_Interrupt.c **** *   address: Address of the ISR to set in the interrupt vector table.
  94:Generated_Source\PSoC4/Btn_Interrupt.c **** *
  95:Generated_Source\PSoC4/Btn_Interrupt.c **** * Return:
  96:Generated_Source\PSoC4/Btn_Interrupt.c **** *   None
  97:Generated_Source\PSoC4/Btn_Interrupt.c **** *
  98:Generated_Source\PSoC4/Btn_Interrupt.c **** *******************************************************************************/
  99:Generated_Source\PSoC4/Btn_Interrupt.c **** void Btn_Interrupt_StartEx(cyisraddress address)
 100:Generated_Source\PSoC4/Btn_Interrupt.c **** {
  69              		.loc 1 100 0
  70              		.cfi_startproc
  71              		@ args = 0, pretend = 0, frame = 8
ARM GAS  C:\Users\hasur\AppData\Local\Temp\cceEcun4.s 			page 4


  72              		@ frame_needed = 1, uses_anonymous_args = 0
  73 0000 80B5     		push	{r7, lr}
  74              		.cfi_def_cfa_offset 8
  75              		.cfi_offset 7, -8
  76              		.cfi_offset 14, -4
  77 0002 82B0     		sub	sp, sp, #8
  78              		.cfi_def_cfa_offset 16
  79 0004 00AF     		add	r7, sp, #0
  80              		.cfi_def_cfa_register 7
  81 0006 7860     		str	r0, [r7, #4]
 101:Generated_Source\PSoC4/Btn_Interrupt.c ****     /* For all we know the interrupt is active. */
 102:Generated_Source\PSoC4/Btn_Interrupt.c ****     Btn_Interrupt_Disable();
  82              		.loc 1 102 0
  83 0008 FFF7FEFF 		bl	Btn_Interrupt_Disable
 103:Generated_Source\PSoC4/Btn_Interrupt.c **** 
 104:Generated_Source\PSoC4/Btn_Interrupt.c ****     /* Set the ISR to point to the Btn_Interrupt Interrupt. */
 105:Generated_Source\PSoC4/Btn_Interrupt.c ****     Btn_Interrupt_SetVector(address);
  84              		.loc 1 105 0
  85 000c 7B68     		ldr	r3, [r7, #4]
  86 000e 1800     		movs	r0, r3
  87 0010 FFF7FEFF 		bl	Btn_Interrupt_SetVector
 106:Generated_Source\PSoC4/Btn_Interrupt.c **** 
 107:Generated_Source\PSoC4/Btn_Interrupt.c ****     /* Set the priority. */
 108:Generated_Source\PSoC4/Btn_Interrupt.c ****     Btn_Interrupt_SetPriority((uint8)Btn_Interrupt_INTC_PRIOR_NUMBER);
  88              		.loc 1 108 0
  89 0014 0320     		movs	r0, #3
  90 0016 FFF7FEFF 		bl	Btn_Interrupt_SetPriority
 109:Generated_Source\PSoC4/Btn_Interrupt.c **** 
 110:Generated_Source\PSoC4/Btn_Interrupt.c ****     /* Enable it. */
 111:Generated_Source\PSoC4/Btn_Interrupt.c ****     Btn_Interrupt_Enable();
  91              		.loc 1 111 0
  92 001a FFF7FEFF 		bl	Btn_Interrupt_Enable
 112:Generated_Source\PSoC4/Btn_Interrupt.c **** }
  93              		.loc 1 112 0
  94 001e C046     		nop
  95 0020 BD46     		mov	sp, r7
  96 0022 02B0     		add	sp, sp, #8
  97              		@ sp needed
  98 0024 80BD     		pop	{r7, pc}
  99              		.cfi_endproc
 100              	.LFE3:
 101              		.size	Btn_Interrupt_StartEx, .-Btn_Interrupt_StartEx
 102 0026 C046     		.section	.text.Btn_Interrupt_Stop,"ax",%progbits
 103              		.align	2
 104              		.global	Btn_Interrupt_Stop
 105              		.code	16
 106              		.thumb_func
 107              		.type	Btn_Interrupt_Stop, %function
 108              	Btn_Interrupt_Stop:
 109              	.LFB4:
 113:Generated_Source\PSoC4/Btn_Interrupt.c **** 
 114:Generated_Source\PSoC4/Btn_Interrupt.c **** 
 115:Generated_Source\PSoC4/Btn_Interrupt.c **** /*******************************************************************************
 116:Generated_Source\PSoC4/Btn_Interrupt.c **** * Function Name: Btn_Interrupt_Stop
 117:Generated_Source\PSoC4/Btn_Interrupt.c **** ********************************************************************************
 118:Generated_Source\PSoC4/Btn_Interrupt.c **** *
 119:Generated_Source\PSoC4/Btn_Interrupt.c **** * Summary:
ARM GAS  C:\Users\hasur\AppData\Local\Temp\cceEcun4.s 			page 5


 120:Generated_Source\PSoC4/Btn_Interrupt.c **** *   Disables and removes the interrupt.
 121:Generated_Source\PSoC4/Btn_Interrupt.c **** *
 122:Generated_Source\PSoC4/Btn_Interrupt.c **** * Parameters:  
 123:Generated_Source\PSoC4/Btn_Interrupt.c **** *   None
 124:Generated_Source\PSoC4/Btn_Interrupt.c **** *
 125:Generated_Source\PSoC4/Btn_Interrupt.c **** * Return:
 126:Generated_Source\PSoC4/Btn_Interrupt.c **** *   None
 127:Generated_Source\PSoC4/Btn_Interrupt.c **** *
 128:Generated_Source\PSoC4/Btn_Interrupt.c **** *******************************************************************************/
 129:Generated_Source\PSoC4/Btn_Interrupt.c **** void Btn_Interrupt_Stop(void)
 130:Generated_Source\PSoC4/Btn_Interrupt.c **** {
 110              		.loc 1 130 0
 111              		.cfi_startproc
 112              		@ args = 0, pretend = 0, frame = 0
 113              		@ frame_needed = 1, uses_anonymous_args = 0
 114 0000 80B5     		push	{r7, lr}
 115              		.cfi_def_cfa_offset 8
 116              		.cfi_offset 7, -8
 117              		.cfi_offset 14, -4
 118 0002 00AF     		add	r7, sp, #0
 119              		.cfi_def_cfa_register 7
 131:Generated_Source\PSoC4/Btn_Interrupt.c ****     /* Disable this interrupt. */
 132:Generated_Source\PSoC4/Btn_Interrupt.c ****     Btn_Interrupt_Disable();
 120              		.loc 1 132 0
 121 0004 FFF7FEFF 		bl	Btn_Interrupt_Disable
 133:Generated_Source\PSoC4/Btn_Interrupt.c **** 
 134:Generated_Source\PSoC4/Btn_Interrupt.c ****     /* Set the ISR to point to the passive one. */
 135:Generated_Source\PSoC4/Btn_Interrupt.c ****     Btn_Interrupt_SetVector(&IntDefaultHandler);
 122              		.loc 1 135 0
 123 0008 034B     		ldr	r3, .L6
 124 000a 1800     		movs	r0, r3
 125 000c FFF7FEFF 		bl	Btn_Interrupt_SetVector
 136:Generated_Source\PSoC4/Btn_Interrupt.c **** }
 126              		.loc 1 136 0
 127 0010 C046     		nop
 128 0012 BD46     		mov	sp, r7
 129              		@ sp needed
 130 0014 80BD     		pop	{r7, pc}
 131              	.L7:
 132 0016 C046     		.align	2
 133              	.L6:
 134 0018 00000000 		.word	IntDefaultHandler
 135              		.cfi_endproc
 136              	.LFE4:
 137              		.size	Btn_Interrupt_Stop, .-Btn_Interrupt_Stop
 138              		.section	.text.Btn_Interrupt_Interrupt,"ax",%progbits
 139              		.align	2
 140              		.global	Btn_Interrupt_Interrupt
 141              		.code	16
 142              		.thumb_func
 143              		.type	Btn_Interrupt_Interrupt, %function
 144              	Btn_Interrupt_Interrupt:
 145              	.LFB5:
 137:Generated_Source\PSoC4/Btn_Interrupt.c **** 
 138:Generated_Source\PSoC4/Btn_Interrupt.c **** 
 139:Generated_Source\PSoC4/Btn_Interrupt.c **** /*******************************************************************************
 140:Generated_Source\PSoC4/Btn_Interrupt.c **** * Function Name: Btn_Interrupt_Interrupt
ARM GAS  C:\Users\hasur\AppData\Local\Temp\cceEcun4.s 			page 6


 141:Generated_Source\PSoC4/Btn_Interrupt.c **** ********************************************************************************
 142:Generated_Source\PSoC4/Btn_Interrupt.c **** *
 143:Generated_Source\PSoC4/Btn_Interrupt.c **** * Summary:
 144:Generated_Source\PSoC4/Btn_Interrupt.c **** *   The default Interrupt Service Routine for Btn_Interrupt.
 145:Generated_Source\PSoC4/Btn_Interrupt.c **** *
 146:Generated_Source\PSoC4/Btn_Interrupt.c **** *   Add custom code between the START and END comments to keep the next version
 147:Generated_Source\PSoC4/Btn_Interrupt.c **** *   of this file from over-writing your code.
 148:Generated_Source\PSoC4/Btn_Interrupt.c **** *
 149:Generated_Source\PSoC4/Btn_Interrupt.c **** *   Note You may use either the default ISR by using this API, or you may define
 150:Generated_Source\PSoC4/Btn_Interrupt.c **** *   your own separate ISR through ISR_StartEx().
 151:Generated_Source\PSoC4/Btn_Interrupt.c **** *
 152:Generated_Source\PSoC4/Btn_Interrupt.c **** * Parameters:  
 153:Generated_Source\PSoC4/Btn_Interrupt.c **** *   None
 154:Generated_Source\PSoC4/Btn_Interrupt.c **** *
 155:Generated_Source\PSoC4/Btn_Interrupt.c **** * Return:
 156:Generated_Source\PSoC4/Btn_Interrupt.c **** *   None
 157:Generated_Source\PSoC4/Btn_Interrupt.c **** *
 158:Generated_Source\PSoC4/Btn_Interrupt.c **** *******************************************************************************/
 159:Generated_Source\PSoC4/Btn_Interrupt.c **** CY_ISR(Btn_Interrupt_Interrupt)
 160:Generated_Source\PSoC4/Btn_Interrupt.c **** {
 146              		.loc 1 160 0
 147              		.cfi_startproc
 148              		@ args = 0, pretend = 0, frame = 0
 149              		@ frame_needed = 1, uses_anonymous_args = 0
 150 0000 80B5     		push	{r7, lr}
 151              		.cfi_def_cfa_offset 8
 152              		.cfi_offset 7, -8
 153              		.cfi_offset 14, -4
 154 0002 00AF     		add	r7, sp, #0
 155              		.cfi_def_cfa_register 7
 161:Generated_Source\PSoC4/Btn_Interrupt.c ****     #ifdef Btn_Interrupt_INTERRUPT_INTERRUPT_CALLBACK
 162:Generated_Source\PSoC4/Btn_Interrupt.c ****         Btn_Interrupt_Interrupt_InterruptCallback();
 163:Generated_Source\PSoC4/Btn_Interrupt.c ****     #endif /* Btn_Interrupt_INTERRUPT_INTERRUPT_CALLBACK */ 
 164:Generated_Source\PSoC4/Btn_Interrupt.c **** 
 165:Generated_Source\PSoC4/Btn_Interrupt.c ****     /*  Place your Interrupt code here. */
 166:Generated_Source\PSoC4/Btn_Interrupt.c ****     /* `#START Btn_Interrupt_Interrupt` */
 167:Generated_Source\PSoC4/Btn_Interrupt.c **** 
 168:Generated_Source\PSoC4/Btn_Interrupt.c ****     /* `#END` */
 169:Generated_Source\PSoC4/Btn_Interrupt.c **** }
 156              		.loc 1 169 0
 157 0004 C046     		nop
 158 0006 BD46     		mov	sp, r7
 159              		@ sp needed
 160 0008 80BD     		pop	{r7, pc}
 161              		.cfi_endproc
 162              	.LFE5:
 163              		.size	Btn_Interrupt_Interrupt, .-Btn_Interrupt_Interrupt
 164              		.section	.text.Btn_Interrupt_SetVector,"ax",%progbits
 165              		.align	2
 166              		.global	Btn_Interrupt_SetVector
 167              		.code	16
 168              		.thumb_func
 169              		.type	Btn_Interrupt_SetVector, %function
 170              	Btn_Interrupt_SetVector:
 171              	.LFB6:
 170:Generated_Source\PSoC4/Btn_Interrupt.c **** 
 171:Generated_Source\PSoC4/Btn_Interrupt.c **** 
ARM GAS  C:\Users\hasur\AppData\Local\Temp\cceEcun4.s 			page 7


 172:Generated_Source\PSoC4/Btn_Interrupt.c **** /*******************************************************************************
 173:Generated_Source\PSoC4/Btn_Interrupt.c **** * Function Name: Btn_Interrupt_SetVector
 174:Generated_Source\PSoC4/Btn_Interrupt.c **** ********************************************************************************
 175:Generated_Source\PSoC4/Btn_Interrupt.c **** *
 176:Generated_Source\PSoC4/Btn_Interrupt.c **** * Summary:
 177:Generated_Source\PSoC4/Btn_Interrupt.c **** *   Change the ISR vector for the Interrupt. Note calling Btn_Interrupt_Start
 178:Generated_Source\PSoC4/Btn_Interrupt.c **** *   will override any effect this method would have had. To set the vector 
 179:Generated_Source\PSoC4/Btn_Interrupt.c **** *   before the component has been started use Btn_Interrupt_StartEx instead.
 180:Generated_Source\PSoC4/Btn_Interrupt.c **** * 
 181:Generated_Source\PSoC4/Btn_Interrupt.c **** *   When defining ISR functions, the CY_ISR and CY_ISR_PROTO macros should be 
 182:Generated_Source\PSoC4/Btn_Interrupt.c **** *   used to provide consistent definition across compilers:
 183:Generated_Source\PSoC4/Btn_Interrupt.c **** *
 184:Generated_Source\PSoC4/Btn_Interrupt.c **** *   Function definition example:
 185:Generated_Source\PSoC4/Btn_Interrupt.c **** *   CY_ISR(MyISR)
 186:Generated_Source\PSoC4/Btn_Interrupt.c **** *   {
 187:Generated_Source\PSoC4/Btn_Interrupt.c **** *   }
 188:Generated_Source\PSoC4/Btn_Interrupt.c **** *
 189:Generated_Source\PSoC4/Btn_Interrupt.c **** *   Function prototype example:
 190:Generated_Source\PSoC4/Btn_Interrupt.c **** *     CY_ISR_PROTO(MyISR);
 191:Generated_Source\PSoC4/Btn_Interrupt.c **** *
 192:Generated_Source\PSoC4/Btn_Interrupt.c **** * Parameters:
 193:Generated_Source\PSoC4/Btn_Interrupt.c **** *   address: Address of the ISR to set in the interrupt vector table.
 194:Generated_Source\PSoC4/Btn_Interrupt.c **** *
 195:Generated_Source\PSoC4/Btn_Interrupt.c **** * Return:
 196:Generated_Source\PSoC4/Btn_Interrupt.c **** *   None
 197:Generated_Source\PSoC4/Btn_Interrupt.c **** *
 198:Generated_Source\PSoC4/Btn_Interrupt.c **** *******************************************************************************/
 199:Generated_Source\PSoC4/Btn_Interrupt.c **** void Btn_Interrupt_SetVector(cyisraddress address)
 200:Generated_Source\PSoC4/Btn_Interrupt.c **** {
 172              		.loc 1 200 0
 173              		.cfi_startproc
 174              		@ args = 0, pretend = 0, frame = 8
 175              		@ frame_needed = 1, uses_anonymous_args = 0
 176 0000 80B5     		push	{r7, lr}
 177              		.cfi_def_cfa_offset 8
 178              		.cfi_offset 7, -8
 179              		.cfi_offset 14, -4
 180 0002 82B0     		sub	sp, sp, #8
 181              		.cfi_def_cfa_offset 16
 182 0004 00AF     		add	r7, sp, #0
 183              		.cfi_def_cfa_register 7
 184 0006 7860     		str	r0, [r7, #4]
 201:Generated_Source\PSoC4/Btn_Interrupt.c ****     CyRamVectors[CYINT_IRQ_BASE + Btn_Interrupt__INTC_NUMBER] = address;
 185              		.loc 1 201 0
 186 0008 034B     		ldr	r3, .L10
 187 000a 7A68     		ldr	r2, [r7, #4]
 188 000c 9A64     		str	r2, [r3, #72]
 202:Generated_Source\PSoC4/Btn_Interrupt.c **** }
 189              		.loc 1 202 0
 190 000e C046     		nop
 191 0010 BD46     		mov	sp, r7
 192 0012 02B0     		add	sp, sp, #8
 193              		@ sp needed
 194 0014 80BD     		pop	{r7, pc}
 195              	.L11:
 196 0016 C046     		.align	2
 197              	.L10:
ARM GAS  C:\Users\hasur\AppData\Local\Temp\cceEcun4.s 			page 8


 198 0018 00000000 		.word	CyRamVectors
 199              		.cfi_endproc
 200              	.LFE6:
 201              		.size	Btn_Interrupt_SetVector, .-Btn_Interrupt_SetVector
 202              		.section	.text.Btn_Interrupt_GetVector,"ax",%progbits
 203              		.align	2
 204              		.global	Btn_Interrupt_GetVector
 205              		.code	16
 206              		.thumb_func
 207              		.type	Btn_Interrupt_GetVector, %function
 208              	Btn_Interrupt_GetVector:
 209              	.LFB7:
 203:Generated_Source\PSoC4/Btn_Interrupt.c **** 
 204:Generated_Source\PSoC4/Btn_Interrupt.c **** 
 205:Generated_Source\PSoC4/Btn_Interrupt.c **** /*******************************************************************************
 206:Generated_Source\PSoC4/Btn_Interrupt.c **** * Function Name: Btn_Interrupt_GetVector
 207:Generated_Source\PSoC4/Btn_Interrupt.c **** ********************************************************************************
 208:Generated_Source\PSoC4/Btn_Interrupt.c **** *
 209:Generated_Source\PSoC4/Btn_Interrupt.c **** * Summary:
 210:Generated_Source\PSoC4/Btn_Interrupt.c **** *   Gets the "address" of the current ISR vector for the Interrupt.
 211:Generated_Source\PSoC4/Btn_Interrupt.c **** *
 212:Generated_Source\PSoC4/Btn_Interrupt.c **** * Parameters:
 213:Generated_Source\PSoC4/Btn_Interrupt.c **** *   None
 214:Generated_Source\PSoC4/Btn_Interrupt.c **** *
 215:Generated_Source\PSoC4/Btn_Interrupt.c **** * Return:
 216:Generated_Source\PSoC4/Btn_Interrupt.c **** *   Address of the ISR in the interrupt vector table.
 217:Generated_Source\PSoC4/Btn_Interrupt.c **** *
 218:Generated_Source\PSoC4/Btn_Interrupt.c **** *******************************************************************************/
 219:Generated_Source\PSoC4/Btn_Interrupt.c **** cyisraddress Btn_Interrupt_GetVector(void)
 220:Generated_Source\PSoC4/Btn_Interrupt.c **** {
 210              		.loc 1 220 0
 211              		.cfi_startproc
 212              		@ args = 0, pretend = 0, frame = 0
 213              		@ frame_needed = 1, uses_anonymous_args = 0
 214 0000 80B5     		push	{r7, lr}
 215              		.cfi_def_cfa_offset 8
 216              		.cfi_offset 7, -8
 217              		.cfi_offset 14, -4
 218 0002 00AF     		add	r7, sp, #0
 219              		.cfi_def_cfa_register 7
 221:Generated_Source\PSoC4/Btn_Interrupt.c ****     return CyRamVectors[CYINT_IRQ_BASE + Btn_Interrupt__INTC_NUMBER];
 220              		.loc 1 221 0
 221 0004 024B     		ldr	r3, .L14
 222 0006 9B6C     		ldr	r3, [r3, #72]
 222:Generated_Source\PSoC4/Btn_Interrupt.c **** }
 223              		.loc 1 222 0
 224 0008 1800     		movs	r0, r3
 225 000a BD46     		mov	sp, r7
 226              		@ sp needed
 227 000c 80BD     		pop	{r7, pc}
 228              	.L15:
 229 000e C046     		.align	2
 230              	.L14:
 231 0010 00000000 		.word	CyRamVectors
 232              		.cfi_endproc
 233              	.LFE7:
 234              		.size	Btn_Interrupt_GetVector, .-Btn_Interrupt_GetVector
ARM GAS  C:\Users\hasur\AppData\Local\Temp\cceEcun4.s 			page 9


 235              		.section	.text.Btn_Interrupt_SetPriority,"ax",%progbits
 236              		.align	2
 237              		.global	Btn_Interrupt_SetPriority
 238              		.code	16
 239              		.thumb_func
 240              		.type	Btn_Interrupt_SetPriority, %function
 241              	Btn_Interrupt_SetPriority:
 242              	.LFB8:
 223:Generated_Source\PSoC4/Btn_Interrupt.c **** 
 224:Generated_Source\PSoC4/Btn_Interrupt.c **** 
 225:Generated_Source\PSoC4/Btn_Interrupt.c **** /*******************************************************************************
 226:Generated_Source\PSoC4/Btn_Interrupt.c **** * Function Name: Btn_Interrupt_SetPriority
 227:Generated_Source\PSoC4/Btn_Interrupt.c **** ********************************************************************************
 228:Generated_Source\PSoC4/Btn_Interrupt.c **** *
 229:Generated_Source\PSoC4/Btn_Interrupt.c **** * Summary:
 230:Generated_Source\PSoC4/Btn_Interrupt.c **** *   Sets the Priority of the Interrupt. 
 231:Generated_Source\PSoC4/Btn_Interrupt.c **** *
 232:Generated_Source\PSoC4/Btn_Interrupt.c **** *   Note calling Btn_Interrupt_Start or Btn_Interrupt_StartEx will 
 233:Generated_Source\PSoC4/Btn_Interrupt.c **** *   override any effect this API would have had. This API should only be called
 234:Generated_Source\PSoC4/Btn_Interrupt.c **** *   after Btn_Interrupt_Start or Btn_Interrupt_StartEx has been called. 
 235:Generated_Source\PSoC4/Btn_Interrupt.c **** *   To set the initial priority for the component, use the Design-Wide Resources
 236:Generated_Source\PSoC4/Btn_Interrupt.c **** *   Interrupt Editor.
 237:Generated_Source\PSoC4/Btn_Interrupt.c **** *
 238:Generated_Source\PSoC4/Btn_Interrupt.c **** *   Note This API has no effect on Non-maskable interrupt NMI).
 239:Generated_Source\PSoC4/Btn_Interrupt.c **** *
 240:Generated_Source\PSoC4/Btn_Interrupt.c **** * Parameters:
 241:Generated_Source\PSoC4/Btn_Interrupt.c **** *   priority: Priority of the interrupt, 0 being the highest priority
 242:Generated_Source\PSoC4/Btn_Interrupt.c **** *             PSoC 3 and PSoC 5LP: Priority is from 0 to 7.
 243:Generated_Source\PSoC4/Btn_Interrupt.c **** *             PSoC 4: Priority is from 0 to 3.
 244:Generated_Source\PSoC4/Btn_Interrupt.c **** *
 245:Generated_Source\PSoC4/Btn_Interrupt.c **** * Return:
 246:Generated_Source\PSoC4/Btn_Interrupt.c **** *   None
 247:Generated_Source\PSoC4/Btn_Interrupt.c **** *
 248:Generated_Source\PSoC4/Btn_Interrupt.c **** *******************************************************************************/
 249:Generated_Source\PSoC4/Btn_Interrupt.c **** void Btn_Interrupt_SetPriority(uint8 priority)
 250:Generated_Source\PSoC4/Btn_Interrupt.c **** {
 243              		.loc 1 250 0
 244              		.cfi_startproc
 245              		@ args = 0, pretend = 0, frame = 16
 246              		@ frame_needed = 1, uses_anonymous_args = 0
 247 0000 90B5     		push	{r4, r7, lr}
 248              		.cfi_def_cfa_offset 12
 249              		.cfi_offset 4, -12
 250              		.cfi_offset 7, -8
 251              		.cfi_offset 14, -4
 252 0002 85B0     		sub	sp, sp, #20
 253              		.cfi_def_cfa_offset 32
 254 0004 00AF     		add	r7, sp, #0
 255              		.cfi_def_cfa_register 7
 256 0006 0200     		movs	r2, r0
 257 0008 FB1D     		adds	r3, r7, #7
 258 000a 1A70     		strb	r2, [r3]
 251:Generated_Source\PSoC4/Btn_Interrupt.c **** 	uint8 interruptState;
 252:Generated_Source\PSoC4/Btn_Interrupt.c ****     uint32 priorityOffset = ((Btn_Interrupt__INTC_NUMBER % 4u) * 8u) + 6u;
 259              		.loc 1 252 0
 260 000c 1623     		movs	r3, #22
 261 000e FB60     		str	r3, [r7, #12]
ARM GAS  C:\Users\hasur\AppData\Local\Temp\cceEcun4.s 			page 10


 253:Generated_Source\PSoC4/Btn_Interrupt.c ****     
 254:Generated_Source\PSoC4/Btn_Interrupt.c **** 	interruptState = CyEnterCriticalSection();
 262              		.loc 1 254 0
 263 0010 0B23     		movs	r3, #11
 264 0012 FC18     		adds	r4, r7, r3
 265 0014 FFF7FEFF 		bl	CyEnterCriticalSection
 266 0018 0300     		movs	r3, r0
 267 001a 2370     		strb	r3, [r4]
 255:Generated_Source\PSoC4/Btn_Interrupt.c ****     *Btn_Interrupt_INTC_PRIOR = (*Btn_Interrupt_INTC_PRIOR & (uint32)(~Btn_Interrupt__INTC_PRIOR_MA
 268              		.loc 1 255 0
 269 001c 0A4B     		ldr	r3, .L17
 270 001e 0A4A     		ldr	r2, .L17
 271 0020 1268     		ldr	r2, [r2]
 272 0022 0A49     		ldr	r1, .L17+4
 273 0024 1140     		ands	r1, r2
 256:Generated_Source\PSoC4/Btn_Interrupt.c ****                                     ((uint32)priority << priorityOffset);
 274              		.loc 1 256 0
 275 0026 FA1D     		adds	r2, r7, #7
 276 0028 1078     		ldrb	r0, [r2]
 277 002a FA68     		ldr	r2, [r7, #12]
 278 002c 9040     		lsls	r0, r0, r2
 279 002e 0200     		movs	r2, r0
 255:Generated_Source\PSoC4/Btn_Interrupt.c ****     *Btn_Interrupt_INTC_PRIOR = (*Btn_Interrupt_INTC_PRIOR & (uint32)(~Btn_Interrupt__INTC_PRIOR_MA
 280              		.loc 1 255 0
 281 0030 0A43     		orrs	r2, r1
 282 0032 1A60     		str	r2, [r3]
 257:Generated_Source\PSoC4/Btn_Interrupt.c **** 	CyExitCriticalSection(interruptState);
 283              		.loc 1 257 0
 284 0034 0B23     		movs	r3, #11
 285 0036 FB18     		adds	r3, r7, r3
 286 0038 1B78     		ldrb	r3, [r3]
 287 003a 1800     		movs	r0, r3
 288 003c FFF7FEFF 		bl	CyExitCriticalSection
 258:Generated_Source\PSoC4/Btn_Interrupt.c **** }
 289              		.loc 1 258 0
 290 0040 C046     		nop
 291 0042 BD46     		mov	sp, r7
 292 0044 05B0     		add	sp, sp, #20
 293              		@ sp needed
 294 0046 90BD     		pop	{r4, r7, pc}
 295              	.L18:
 296              		.align	2
 297              	.L17:
 298 0048 00E400E0 		.word	-536812544
 299 004c FFFF3FFF 		.word	-12582913
 300              		.cfi_endproc
 301              	.LFE8:
 302              		.size	Btn_Interrupt_SetPriority, .-Btn_Interrupt_SetPriority
 303              		.section	.text.Btn_Interrupt_GetPriority,"ax",%progbits
 304              		.align	2
 305              		.global	Btn_Interrupt_GetPriority
 306              		.code	16
 307              		.thumb_func
 308              		.type	Btn_Interrupt_GetPriority, %function
 309              	Btn_Interrupt_GetPriority:
 310              	.LFB9:
 259:Generated_Source\PSoC4/Btn_Interrupt.c **** 
ARM GAS  C:\Users\hasur\AppData\Local\Temp\cceEcun4.s 			page 11


 260:Generated_Source\PSoC4/Btn_Interrupt.c **** 
 261:Generated_Source\PSoC4/Btn_Interrupt.c **** /*******************************************************************************
 262:Generated_Source\PSoC4/Btn_Interrupt.c **** * Function Name: Btn_Interrupt_GetPriority
 263:Generated_Source\PSoC4/Btn_Interrupt.c **** ********************************************************************************
 264:Generated_Source\PSoC4/Btn_Interrupt.c **** *
 265:Generated_Source\PSoC4/Btn_Interrupt.c **** * Summary:
 266:Generated_Source\PSoC4/Btn_Interrupt.c **** *   Gets the Priority of the Interrupt.
 267:Generated_Source\PSoC4/Btn_Interrupt.c **** *
 268:Generated_Source\PSoC4/Btn_Interrupt.c **** * Parameters:
 269:Generated_Source\PSoC4/Btn_Interrupt.c **** *   None
 270:Generated_Source\PSoC4/Btn_Interrupt.c **** *
 271:Generated_Source\PSoC4/Btn_Interrupt.c **** * Return:
 272:Generated_Source\PSoC4/Btn_Interrupt.c **** *   Priority of the interrupt, 0 being the highest priority
 273:Generated_Source\PSoC4/Btn_Interrupt.c **** *    PSoC 3 and PSoC 5LP: Priority is from 0 to 7.
 274:Generated_Source\PSoC4/Btn_Interrupt.c **** *    PSoC 4: Priority is from 0 to 3.
 275:Generated_Source\PSoC4/Btn_Interrupt.c **** *
 276:Generated_Source\PSoC4/Btn_Interrupt.c **** *******************************************************************************/
 277:Generated_Source\PSoC4/Btn_Interrupt.c **** uint8 Btn_Interrupt_GetPriority(void)
 278:Generated_Source\PSoC4/Btn_Interrupt.c **** {
 311              		.loc 1 278 0
 312              		.cfi_startproc
 313              		@ args = 0, pretend = 0, frame = 8
 314              		@ frame_needed = 1, uses_anonymous_args = 0
 315 0000 80B5     		push	{r7, lr}
 316              		.cfi_def_cfa_offset 8
 317              		.cfi_offset 7, -8
 318              		.cfi_offset 14, -4
 319 0002 82B0     		sub	sp, sp, #8
 320              		.cfi_def_cfa_offset 16
 321 0004 00AF     		add	r7, sp, #0
 322              		.cfi_def_cfa_register 7
 279:Generated_Source\PSoC4/Btn_Interrupt.c ****     uint32 priority;
 280:Generated_Source\PSoC4/Btn_Interrupt.c **** 	uint32 priorityOffset = ((Btn_Interrupt__INTC_NUMBER % 4u) * 8u) + 6u;
 323              		.loc 1 280 0
 324 0006 1623     		movs	r3, #22
 325 0008 7B60     		str	r3, [r7, #4]
 281:Generated_Source\PSoC4/Btn_Interrupt.c **** 
 282:Generated_Source\PSoC4/Btn_Interrupt.c ****     priority = (*Btn_Interrupt_INTC_PRIOR & Btn_Interrupt__INTC_PRIOR_MASK) >> priorityOffset;
 326              		.loc 1 282 0
 327 000a 074B     		ldr	r3, .L21
 328 000c 1A68     		ldr	r2, [r3]
 329 000e C023     		movs	r3, #192
 330 0010 1B04     		lsls	r3, r3, #16
 331 0012 1A40     		ands	r2, r3
 332 0014 7B68     		ldr	r3, [r7, #4]
 333 0016 DA40     		lsrs	r2, r2, r3
 334 0018 1300     		movs	r3, r2
 335 001a 3B60     		str	r3, [r7]
 283:Generated_Source\PSoC4/Btn_Interrupt.c **** 
 284:Generated_Source\PSoC4/Btn_Interrupt.c ****     return (uint8)priority;
 336              		.loc 1 284 0
 337 001c 3B68     		ldr	r3, [r7]
 338 001e DBB2     		uxtb	r3, r3
 285:Generated_Source\PSoC4/Btn_Interrupt.c **** }
 339              		.loc 1 285 0
 340 0020 1800     		movs	r0, r3
 341 0022 BD46     		mov	sp, r7
ARM GAS  C:\Users\hasur\AppData\Local\Temp\cceEcun4.s 			page 12


 342 0024 02B0     		add	sp, sp, #8
 343              		@ sp needed
 344 0026 80BD     		pop	{r7, pc}
 345              	.L22:
 346              		.align	2
 347              	.L21:
 348 0028 00E400E0 		.word	-536812544
 349              		.cfi_endproc
 350              	.LFE9:
 351              		.size	Btn_Interrupt_GetPriority, .-Btn_Interrupt_GetPriority
 352              		.section	.text.Btn_Interrupt_Enable,"ax",%progbits
 353              		.align	2
 354              		.global	Btn_Interrupt_Enable
 355              		.code	16
 356              		.thumb_func
 357              		.type	Btn_Interrupt_Enable, %function
 358              	Btn_Interrupt_Enable:
 359              	.LFB10:
 286:Generated_Source\PSoC4/Btn_Interrupt.c **** 
 287:Generated_Source\PSoC4/Btn_Interrupt.c **** 
 288:Generated_Source\PSoC4/Btn_Interrupt.c **** /*******************************************************************************
 289:Generated_Source\PSoC4/Btn_Interrupt.c **** * Function Name: Btn_Interrupt_Enable
 290:Generated_Source\PSoC4/Btn_Interrupt.c **** ********************************************************************************
 291:Generated_Source\PSoC4/Btn_Interrupt.c **** *
 292:Generated_Source\PSoC4/Btn_Interrupt.c **** * Summary:
 293:Generated_Source\PSoC4/Btn_Interrupt.c **** *   Enables the interrupt to the interrupt controller. Do not call this function
 294:Generated_Source\PSoC4/Btn_Interrupt.c **** *   unless ISR_Start() has been called or the functionality of the ISR_Start() 
 295:Generated_Source\PSoC4/Btn_Interrupt.c **** *   function, which sets the vector and the priority, has been called.
 296:Generated_Source\PSoC4/Btn_Interrupt.c **** *
 297:Generated_Source\PSoC4/Btn_Interrupt.c **** * Parameters:
 298:Generated_Source\PSoC4/Btn_Interrupt.c **** *   None
 299:Generated_Source\PSoC4/Btn_Interrupt.c **** *
 300:Generated_Source\PSoC4/Btn_Interrupt.c **** * Return:
 301:Generated_Source\PSoC4/Btn_Interrupt.c **** *   None
 302:Generated_Source\PSoC4/Btn_Interrupt.c **** *
 303:Generated_Source\PSoC4/Btn_Interrupt.c **** *******************************************************************************/
 304:Generated_Source\PSoC4/Btn_Interrupt.c **** void Btn_Interrupt_Enable(void)
 305:Generated_Source\PSoC4/Btn_Interrupt.c **** {
 360              		.loc 1 305 0
 361              		.cfi_startproc
 362              		@ args = 0, pretend = 0, frame = 0
 363              		@ frame_needed = 1, uses_anonymous_args = 0
 364 0000 80B5     		push	{r7, lr}
 365              		.cfi_def_cfa_offset 8
 366              		.cfi_offset 7, -8
 367              		.cfi_offset 14, -4
 368 0002 00AF     		add	r7, sp, #0
 369              		.cfi_def_cfa_register 7
 306:Generated_Source\PSoC4/Btn_Interrupt.c ****     /* Enable the general interrupt. */
 307:Generated_Source\PSoC4/Btn_Interrupt.c ****     *Btn_Interrupt_INTC_SET_EN = Btn_Interrupt__INTC_MASK;
 370              		.loc 1 307 0
 371 0004 024B     		ldr	r3, .L24
 372 0006 0422     		movs	r2, #4
 373 0008 1A60     		str	r2, [r3]
 308:Generated_Source\PSoC4/Btn_Interrupt.c **** }
 374              		.loc 1 308 0
 375 000a C046     		nop
ARM GAS  C:\Users\hasur\AppData\Local\Temp\cceEcun4.s 			page 13


 376 000c BD46     		mov	sp, r7
 377              		@ sp needed
 378 000e 80BD     		pop	{r7, pc}
 379              	.L25:
 380              		.align	2
 381              	.L24:
 382 0010 00E100E0 		.word	-536813312
 383              		.cfi_endproc
 384              	.LFE10:
 385              		.size	Btn_Interrupt_Enable, .-Btn_Interrupt_Enable
 386              		.section	.text.Btn_Interrupt_GetState,"ax",%progbits
 387              		.align	2
 388              		.global	Btn_Interrupt_GetState
 389              		.code	16
 390              		.thumb_func
 391              		.type	Btn_Interrupt_GetState, %function
 392              	Btn_Interrupt_GetState:
 393              	.LFB11:
 309:Generated_Source\PSoC4/Btn_Interrupt.c **** 
 310:Generated_Source\PSoC4/Btn_Interrupt.c **** 
 311:Generated_Source\PSoC4/Btn_Interrupt.c **** /*******************************************************************************
 312:Generated_Source\PSoC4/Btn_Interrupt.c **** * Function Name: Btn_Interrupt_GetState
 313:Generated_Source\PSoC4/Btn_Interrupt.c **** ********************************************************************************
 314:Generated_Source\PSoC4/Btn_Interrupt.c **** *
 315:Generated_Source\PSoC4/Btn_Interrupt.c **** * Summary:
 316:Generated_Source\PSoC4/Btn_Interrupt.c **** *   Gets the state (enabled, disabled) of the Interrupt.
 317:Generated_Source\PSoC4/Btn_Interrupt.c **** *
 318:Generated_Source\PSoC4/Btn_Interrupt.c **** * Parameters:
 319:Generated_Source\PSoC4/Btn_Interrupt.c **** *   None
 320:Generated_Source\PSoC4/Btn_Interrupt.c **** *
 321:Generated_Source\PSoC4/Btn_Interrupt.c **** * Return:
 322:Generated_Source\PSoC4/Btn_Interrupt.c **** *   1 if enabled, 0 if disabled.
 323:Generated_Source\PSoC4/Btn_Interrupt.c **** *
 324:Generated_Source\PSoC4/Btn_Interrupt.c **** *******************************************************************************/
 325:Generated_Source\PSoC4/Btn_Interrupt.c **** uint8 Btn_Interrupt_GetState(void)
 326:Generated_Source\PSoC4/Btn_Interrupt.c **** {
 394              		.loc 1 326 0
 395              		.cfi_startproc
 396              		@ args = 0, pretend = 0, frame = 0
 397              		@ frame_needed = 1, uses_anonymous_args = 0
 398 0000 80B5     		push	{r7, lr}
 399              		.cfi_def_cfa_offset 8
 400              		.cfi_offset 7, -8
 401              		.cfi_offset 14, -4
 402 0002 00AF     		add	r7, sp, #0
 403              		.cfi_def_cfa_register 7
 327:Generated_Source\PSoC4/Btn_Interrupt.c ****     /* Get the state of the general interrupt. */
 328:Generated_Source\PSoC4/Btn_Interrupt.c ****     return ((*Btn_Interrupt_INTC_SET_EN & (uint32)Btn_Interrupt__INTC_MASK) != 0u) ? 1u:0u;
 404              		.loc 1 328 0
 405 0004 054B     		ldr	r3, .L30
 406 0006 1B68     		ldr	r3, [r3]
 407 0008 0422     		movs	r2, #4
 408 000a 1340     		ands	r3, r2
 409 000c 01D0     		beq	.L27
 410              		.loc 1 328 0 is_stmt 0 discriminator 1
 411 000e 0123     		movs	r3, #1
 412 0010 00E0     		b	.L28
ARM GAS  C:\Users\hasur\AppData\Local\Temp\cceEcun4.s 			page 14


 413              	.L27:
 414              		.loc 1 328 0 discriminator 2
 415 0012 0023     		movs	r3, #0
 416              	.L28:
 329:Generated_Source\PSoC4/Btn_Interrupt.c **** }
 417              		.loc 1 329 0 is_stmt 1 discriminator 4
 418 0014 1800     		movs	r0, r3
 419 0016 BD46     		mov	sp, r7
 420              		@ sp needed
 421 0018 80BD     		pop	{r7, pc}
 422              	.L31:
 423 001a C046     		.align	2
 424              	.L30:
 425 001c 00E100E0 		.word	-536813312
 426              		.cfi_endproc
 427              	.LFE11:
 428              		.size	Btn_Interrupt_GetState, .-Btn_Interrupt_GetState
 429              		.section	.text.Btn_Interrupt_Disable,"ax",%progbits
 430              		.align	2
 431              		.global	Btn_Interrupt_Disable
 432              		.code	16
 433              		.thumb_func
 434              		.type	Btn_Interrupt_Disable, %function
 435              	Btn_Interrupt_Disable:
 436              	.LFB12:
 330:Generated_Source\PSoC4/Btn_Interrupt.c **** 
 331:Generated_Source\PSoC4/Btn_Interrupt.c **** 
 332:Generated_Source\PSoC4/Btn_Interrupt.c **** /*******************************************************************************
 333:Generated_Source\PSoC4/Btn_Interrupt.c **** * Function Name: Btn_Interrupt_Disable
 334:Generated_Source\PSoC4/Btn_Interrupt.c **** ********************************************************************************
 335:Generated_Source\PSoC4/Btn_Interrupt.c **** *
 336:Generated_Source\PSoC4/Btn_Interrupt.c **** * Summary:
 337:Generated_Source\PSoC4/Btn_Interrupt.c **** *   Disables the Interrupt in the interrupt controller.
 338:Generated_Source\PSoC4/Btn_Interrupt.c **** *
 339:Generated_Source\PSoC4/Btn_Interrupt.c **** * Parameters:
 340:Generated_Source\PSoC4/Btn_Interrupt.c **** *   None
 341:Generated_Source\PSoC4/Btn_Interrupt.c **** *
 342:Generated_Source\PSoC4/Btn_Interrupt.c **** * Return:
 343:Generated_Source\PSoC4/Btn_Interrupt.c **** *   None
 344:Generated_Source\PSoC4/Btn_Interrupt.c **** *
 345:Generated_Source\PSoC4/Btn_Interrupt.c **** *******************************************************************************/
 346:Generated_Source\PSoC4/Btn_Interrupt.c **** void Btn_Interrupt_Disable(void)
 347:Generated_Source\PSoC4/Btn_Interrupt.c **** {
 437              		.loc 1 347 0
 438              		.cfi_startproc
 439              		@ args = 0, pretend = 0, frame = 0
 440              		@ frame_needed = 1, uses_anonymous_args = 0
 441 0000 80B5     		push	{r7, lr}
 442              		.cfi_def_cfa_offset 8
 443              		.cfi_offset 7, -8
 444              		.cfi_offset 14, -4
 445 0002 00AF     		add	r7, sp, #0
 446              		.cfi_def_cfa_register 7
 348:Generated_Source\PSoC4/Btn_Interrupt.c ****     /* Disable the general interrupt. */
 349:Generated_Source\PSoC4/Btn_Interrupt.c ****     *Btn_Interrupt_INTC_CLR_EN = Btn_Interrupt__INTC_MASK;
 447              		.loc 1 349 0
 448 0004 024B     		ldr	r3, .L33
ARM GAS  C:\Users\hasur\AppData\Local\Temp\cceEcun4.s 			page 15


 449 0006 0422     		movs	r2, #4
 450 0008 1A60     		str	r2, [r3]
 350:Generated_Source\PSoC4/Btn_Interrupt.c **** }
 451              		.loc 1 350 0
 452 000a C046     		nop
 453 000c BD46     		mov	sp, r7
 454              		@ sp needed
 455 000e 80BD     		pop	{r7, pc}
 456              	.L34:
 457              		.align	2
 458              	.L33:
 459 0010 80E100E0 		.word	-536813184
 460              		.cfi_endproc
 461              	.LFE12:
 462              		.size	Btn_Interrupt_Disable, .-Btn_Interrupt_Disable
 463              		.section	.text.Btn_Interrupt_SetPending,"ax",%progbits
 464              		.align	2
 465              		.global	Btn_Interrupt_SetPending
 466              		.code	16
 467              		.thumb_func
 468              		.type	Btn_Interrupt_SetPending, %function
 469              	Btn_Interrupt_SetPending:
 470              	.LFB13:
 351:Generated_Source\PSoC4/Btn_Interrupt.c **** 
 352:Generated_Source\PSoC4/Btn_Interrupt.c **** 
 353:Generated_Source\PSoC4/Btn_Interrupt.c **** /*******************************************************************************
 354:Generated_Source\PSoC4/Btn_Interrupt.c **** * Function Name: Btn_Interrupt_SetPending
 355:Generated_Source\PSoC4/Btn_Interrupt.c **** ********************************************************************************
 356:Generated_Source\PSoC4/Btn_Interrupt.c **** *
 357:Generated_Source\PSoC4/Btn_Interrupt.c **** * Summary:
 358:Generated_Source\PSoC4/Btn_Interrupt.c **** *   Causes the Interrupt to enter the pending state, a software method of
 359:Generated_Source\PSoC4/Btn_Interrupt.c **** *   generating the interrupt.
 360:Generated_Source\PSoC4/Btn_Interrupt.c **** *
 361:Generated_Source\PSoC4/Btn_Interrupt.c **** * Parameters:
 362:Generated_Source\PSoC4/Btn_Interrupt.c **** *   None
 363:Generated_Source\PSoC4/Btn_Interrupt.c **** *
 364:Generated_Source\PSoC4/Btn_Interrupt.c **** * Return:
 365:Generated_Source\PSoC4/Btn_Interrupt.c **** *   None
 366:Generated_Source\PSoC4/Btn_Interrupt.c **** *
 367:Generated_Source\PSoC4/Btn_Interrupt.c **** * Side Effects:
 368:Generated_Source\PSoC4/Btn_Interrupt.c **** *   If interrupts are enabled and the interrupt is set up properly, the ISR is
 369:Generated_Source\PSoC4/Btn_Interrupt.c **** *   entered (depending on the priority of this interrupt and other pending 
 370:Generated_Source\PSoC4/Btn_Interrupt.c **** *   interrupts).
 371:Generated_Source\PSoC4/Btn_Interrupt.c **** *
 372:Generated_Source\PSoC4/Btn_Interrupt.c **** *******************************************************************************/
 373:Generated_Source\PSoC4/Btn_Interrupt.c **** void Btn_Interrupt_SetPending(void)
 374:Generated_Source\PSoC4/Btn_Interrupt.c **** {
 471              		.loc 1 374 0
 472              		.cfi_startproc
 473              		@ args = 0, pretend = 0, frame = 0
 474              		@ frame_needed = 1, uses_anonymous_args = 0
 475 0000 80B5     		push	{r7, lr}
 476              		.cfi_def_cfa_offset 8
 477              		.cfi_offset 7, -8
 478              		.cfi_offset 14, -4
 479 0002 00AF     		add	r7, sp, #0
 480              		.cfi_def_cfa_register 7
ARM GAS  C:\Users\hasur\AppData\Local\Temp\cceEcun4.s 			page 16


 375:Generated_Source\PSoC4/Btn_Interrupt.c ****     *Btn_Interrupt_INTC_SET_PD = Btn_Interrupt__INTC_MASK;
 481              		.loc 1 375 0
 482 0004 024B     		ldr	r3, .L36
 483 0006 0422     		movs	r2, #4
 484 0008 1A60     		str	r2, [r3]
 376:Generated_Source\PSoC4/Btn_Interrupt.c **** }
 485              		.loc 1 376 0
 486 000a C046     		nop
 487 000c BD46     		mov	sp, r7
 488              		@ sp needed
 489 000e 80BD     		pop	{r7, pc}
 490              	.L37:
 491              		.align	2
 492              	.L36:
 493 0010 00E200E0 		.word	-536813056
 494              		.cfi_endproc
 495              	.LFE13:
 496              		.size	Btn_Interrupt_SetPending, .-Btn_Interrupt_SetPending
 497              		.section	.text.Btn_Interrupt_ClearPending,"ax",%progbits
 498              		.align	2
 499              		.global	Btn_Interrupt_ClearPending
 500              		.code	16
 501              		.thumb_func
 502              		.type	Btn_Interrupt_ClearPending, %function
 503              	Btn_Interrupt_ClearPending:
 504              	.LFB14:
 377:Generated_Source\PSoC4/Btn_Interrupt.c **** 
 378:Generated_Source\PSoC4/Btn_Interrupt.c **** 
 379:Generated_Source\PSoC4/Btn_Interrupt.c **** /*******************************************************************************
 380:Generated_Source\PSoC4/Btn_Interrupt.c **** * Function Name: Btn_Interrupt_ClearPending
 381:Generated_Source\PSoC4/Btn_Interrupt.c **** ********************************************************************************
 382:Generated_Source\PSoC4/Btn_Interrupt.c **** *
 383:Generated_Source\PSoC4/Btn_Interrupt.c **** * Summary:
 384:Generated_Source\PSoC4/Btn_Interrupt.c **** *   Clears a pending interrupt in the interrupt controller.
 385:Generated_Source\PSoC4/Btn_Interrupt.c **** *
 386:Generated_Source\PSoC4/Btn_Interrupt.c **** *   Note Some interrupt sources are clear-on-read and require the block 
 387:Generated_Source\PSoC4/Btn_Interrupt.c **** *   interrupt/status register to be read/cleared with the appropriate block API 
 388:Generated_Source\PSoC4/Btn_Interrupt.c **** *   (GPIO, UART, and so on). Otherwise the ISR will continue to remain in 
 389:Generated_Source\PSoC4/Btn_Interrupt.c **** *   pending state even though the interrupt itself is cleared using this API.
 390:Generated_Source\PSoC4/Btn_Interrupt.c **** *
 391:Generated_Source\PSoC4/Btn_Interrupt.c **** * Parameters:
 392:Generated_Source\PSoC4/Btn_Interrupt.c **** *   None
 393:Generated_Source\PSoC4/Btn_Interrupt.c **** *
 394:Generated_Source\PSoC4/Btn_Interrupt.c **** * Return:
 395:Generated_Source\PSoC4/Btn_Interrupt.c **** *   None
 396:Generated_Source\PSoC4/Btn_Interrupt.c **** *
 397:Generated_Source\PSoC4/Btn_Interrupt.c **** *******************************************************************************/
 398:Generated_Source\PSoC4/Btn_Interrupt.c **** void Btn_Interrupt_ClearPending(void)
 399:Generated_Source\PSoC4/Btn_Interrupt.c **** {
 505              		.loc 1 399 0
 506              		.cfi_startproc
 507              		@ args = 0, pretend = 0, frame = 0
 508              		@ frame_needed = 1, uses_anonymous_args = 0
 509 0000 80B5     		push	{r7, lr}
 510              		.cfi_def_cfa_offset 8
 511              		.cfi_offset 7, -8
 512              		.cfi_offset 14, -4
ARM GAS  C:\Users\hasur\AppData\Local\Temp\cceEcun4.s 			page 17


 513 0002 00AF     		add	r7, sp, #0
 514              		.cfi_def_cfa_register 7
 400:Generated_Source\PSoC4/Btn_Interrupt.c ****     *Btn_Interrupt_INTC_CLR_PD = Btn_Interrupt__INTC_MASK;
 515              		.loc 1 400 0
 516 0004 024B     		ldr	r3, .L39
 517 0006 0422     		movs	r2, #4
 518 0008 1A60     		str	r2, [r3]
 401:Generated_Source\PSoC4/Btn_Interrupt.c **** }
 519              		.loc 1 401 0
 520 000a C046     		nop
 521 000c BD46     		mov	sp, r7
 522              		@ sp needed
 523 000e 80BD     		pop	{r7, pc}
 524              	.L40:
 525              		.align	2
 526              	.L39:
 527 0010 80E200E0 		.word	-536812928
 528              		.cfi_endproc
 529              	.LFE14:
 530              		.size	Btn_Interrupt_ClearPending, .-Btn_Interrupt_ClearPending
 531              		.text
 532              	.Letext0:
 533              		.file 2 "Generated_Source\\PSoC4/cytypes.h"
 534              		.section	.debug_info,"",%progbits
 535              	.Ldebug_info0:
 536 0000 77020000 		.4byte	0x277
 537 0004 0300     		.2byte	0x3
 538 0006 00000000 		.4byte	.Ldebug_abbrev0
 539 000a 04       		.byte	0x4
 540 000b 01       		.uleb128 0x1
 541 000c 88020000 		.4byte	.LASF34
 542 0010 0C       		.byte	0xc
 543 0011 90010000 		.4byte	.LASF35
 544 0015 03020000 		.4byte	.LASF36
 545 0019 00000000 		.4byte	.Ldebug_ranges0+0
 546 001d 00000000 		.4byte	0
 547 0021 00000000 		.4byte	0
 548 0025 00000000 		.4byte	.Ldebug_line0
 549 0029 02       		.uleb128 0x2
 550 002a 01       		.byte	0x1
 551 002b 06       		.byte	0x6
 552 002c 7C020000 		.4byte	.LASF0
 553 0030 02       		.uleb128 0x2
 554 0031 01       		.byte	0x1
 555 0032 08       		.byte	0x8
 556 0033 8F000000 		.4byte	.LASF1
 557 0037 02       		.uleb128 0x2
 558 0038 02       		.byte	0x2
 559 0039 05       		.byte	0x5
 560 003a F9010000 		.4byte	.LASF2
 561 003e 02       		.uleb128 0x2
 562 003f 02       		.byte	0x2
 563 0040 07       		.byte	0x7
 564 0041 45000000 		.4byte	.LASF3
 565 0045 02       		.uleb128 0x2
 566 0046 04       		.byte	0x4
 567 0047 05       		.byte	0x5
ARM GAS  C:\Users\hasur\AppData\Local\Temp\cceEcun4.s 			page 18


 568 0048 67020000 		.4byte	.LASF4
 569 004c 02       		.uleb128 0x2
 570 004d 04       		.byte	0x4
 571 004e 07       		.byte	0x7
 572 004f DB000000 		.4byte	.LASF5
 573 0053 02       		.uleb128 0x2
 574 0054 08       		.byte	0x8
 575 0055 05       		.byte	0x5
 576 0056 E6010000 		.4byte	.LASF6
 577 005a 02       		.uleb128 0x2
 578 005b 08       		.byte	0x8
 579 005c 07       		.byte	0x7
 580 005d 79010000 		.4byte	.LASF7
 581 0061 03       		.uleb128 0x3
 582 0062 04       		.byte	0x4
 583 0063 05       		.byte	0x5
 584 0064 696E7400 		.ascii	"int\000"
 585 0068 02       		.uleb128 0x2
 586 0069 04       		.byte	0x4
 587 006a 07       		.byte	0x7
 588 006b 64010000 		.4byte	.LASF8
 589 006f 04       		.uleb128 0x4
 590 0070 ED000000 		.4byte	.LASF9
 591 0074 02       		.byte	0x2
 592 0075 D201     		.2byte	0x1d2
 593 0077 30000000 		.4byte	0x30
 594 007b 04       		.uleb128 0x4
 595 007c 5D010000 		.4byte	.LASF10
 596 0080 02       		.byte	0x2
 597 0081 D401     		.2byte	0x1d4
 598 0083 4C000000 		.4byte	0x4c
 599 0087 02       		.uleb128 0x2
 600 0088 04       		.byte	0x4
 601 0089 04       		.byte	0x4
 602 008a 73000000 		.4byte	.LASF11
 603 008e 02       		.uleb128 0x2
 604 008f 08       		.byte	0x8
 605 0090 04       		.byte	0x4
 606 0091 26010000 		.4byte	.LASF12
 607 0095 02       		.uleb128 0x2
 608 0096 01       		.byte	0x1
 609 0097 08       		.byte	0x8
 610 0098 F4010000 		.4byte	.LASF13
 611 009c 04       		.uleb128 0x4
 612 009d 1A000000 		.4byte	.LASF14
 613 00a1 02       		.byte	0x2
 614 00a2 7E02     		.2byte	0x27e
 615 00a4 A8000000 		.4byte	0xa8
 616 00a8 05       		.uleb128 0x5
 617 00a9 7B000000 		.4byte	0x7b
 618 00ad 04       		.uleb128 0x4
 619 00ae B7010000 		.4byte	.LASF15
 620 00b2 02       		.byte	0x2
 621 00b3 8E02     		.2byte	0x28e
 622 00b5 B9000000 		.4byte	0xb9
 623 00b9 06       		.uleb128 0x6
 624 00ba 04       		.byte	0x4
ARM GAS  C:\Users\hasur\AppData\Local\Temp\cceEcun4.s 			page 19


 625 00bb BF000000 		.4byte	0xbf
 626 00bf 07       		.uleb128 0x7
 627 00c0 01       		.byte	0x1
 628 00c1 02       		.uleb128 0x2
 629 00c2 08       		.byte	0x8
 630 00c3 04       		.byte	0x4
 631 00c4 70020000 		.4byte	.LASF16
 632 00c8 02       		.uleb128 0x2
 633 00c9 04       		.byte	0x4
 634 00ca 07       		.byte	0x7
 635 00cb DD010000 		.4byte	.LASF17
 636 00cf 08       		.uleb128 0x8
 637 00d0 01       		.byte	0x1
 638 00d1 20030000 		.4byte	.LASF18
 639 00d5 01       		.byte	0x1
 640 00d6 38       		.byte	0x38
 641 00d7 01       		.byte	0x1
 642 00d8 00000000 		.4byte	.LFB2
 643 00dc 24000000 		.4byte	.LFE2
 644 00e0 01       		.byte	0x1
 645 00e1 9C       		.byte	0x9c
 646 00e2 01       		.byte	0x1
 647 00e3 09       		.uleb128 0x9
 648 00e4 01       		.byte	0x1
 649 00e5 34030000 		.4byte	.LASF21
 650 00e9 01       		.byte	0x1
 651 00ea 63       		.byte	0x63
 652 00eb 01       		.byte	0x1
 653 00ec 00000000 		.4byte	.LFB3
 654 00f0 26000000 		.4byte	.LFE3
 655 00f4 01       		.byte	0x1
 656 00f5 9C       		.byte	0x9c
 657 00f6 01       		.byte	0x1
 658 00f7 0A010000 		.4byte	0x10a
 659 00fb 0A       		.uleb128 0xa
 660 00fc 71010000 		.4byte	.LASF23
 661 0100 01       		.byte	0x1
 662 0101 63       		.byte	0x63
 663 0102 AD000000 		.4byte	0xad
 664 0106 02       		.byte	0x2
 665 0107 91       		.byte	0x91
 666 0108 74       		.sleb128 -12
 667 0109 00       		.byte	0
 668 010a 08       		.uleb128 0x8
 669 010b 01       		.byte	0x1
 670 010c 13010000 		.4byte	.LASF19
 671 0110 01       		.byte	0x1
 672 0111 81       		.byte	0x81
 673 0112 01       		.byte	0x1
 674 0113 00000000 		.4byte	.LFB4
 675 0117 1C000000 		.4byte	.LFE4
 676 011b 01       		.byte	0x1
 677 011c 9C       		.byte	0x9c
 678 011d 01       		.byte	0x1
 679 011e 0B       		.uleb128 0xb
 680 011f 01       		.byte	0x1
 681 0120 45010000 		.4byte	.LASF20
ARM GAS  C:\Users\hasur\AppData\Local\Temp\cceEcun4.s 			page 20


 682 0124 01       		.byte	0x1
 683 0125 9F       		.byte	0x9f
 684 0126 01       		.byte	0x1
 685 0127 00000000 		.4byte	.LFB5
 686 012b 0A000000 		.4byte	.LFE5
 687 012f 01       		.byte	0x1
 688 0130 9C       		.byte	0x9c
 689 0131 01       		.byte	0x1
 690 0132 0C       		.uleb128 0xc
 691 0133 01       		.byte	0x1
 692 0134 2D000000 		.4byte	.LASF22
 693 0138 01       		.byte	0x1
 694 0139 C7       		.byte	0xc7
 695 013a 01       		.byte	0x1
 696 013b 00000000 		.4byte	.LFB6
 697 013f 1C000000 		.4byte	.LFE6
 698 0143 01       		.byte	0x1
 699 0144 9C       		.byte	0x9c
 700 0145 01       		.byte	0x1
 701 0146 59010000 		.4byte	0x159
 702 014a 0A       		.uleb128 0xa
 703 014b 71010000 		.4byte	.LASF23
 704 014f 01       		.byte	0x1
 705 0150 C7       		.byte	0xc7
 706 0151 AD000000 		.4byte	0xad
 707 0155 02       		.byte	0x2
 708 0156 91       		.byte	0x91
 709 0157 74       		.sleb128 -12
 710 0158 00       		.byte	0
 711 0159 0D       		.uleb128 0xd
 712 015a 01       		.byte	0x1
 713 015b 2D010000 		.4byte	.LASF29
 714 015f 01       		.byte	0x1
 715 0160 DB       		.byte	0xdb
 716 0161 01       		.byte	0x1
 717 0162 AD000000 		.4byte	0xad
 718 0166 00000000 		.4byte	.LFB7
 719 016a 14000000 		.4byte	.LFE7
 720 016e 01       		.byte	0x1
 721 016f 9C       		.byte	0x9c
 722 0170 01       		.byte	0x1
 723 0171 09       		.uleb128 0x9
 724 0172 01       		.byte	0x1
 725 0173 00000000 		.4byte	.LASF24
 726 0177 01       		.byte	0x1
 727 0178 F9       		.byte	0xf9
 728 0179 01       		.byte	0x1
 729 017a 00000000 		.4byte	.LFB8
 730 017e 50000000 		.4byte	.LFE8
 731 0182 01       		.byte	0x1
 732 0183 9C       		.byte	0x9c
 733 0184 01       		.byte	0x1
 734 0185 B4010000 		.4byte	0x1b4
 735 0189 0A       		.uleb128 0xa
 736 018a 0A010000 		.4byte	.LASF25
 737 018e 01       		.byte	0x1
 738 018f F9       		.byte	0xf9
ARM GAS  C:\Users\hasur\AppData\Local\Temp\cceEcun4.s 			page 21


 739 0190 6F000000 		.4byte	0x6f
 740 0194 02       		.byte	0x2
 741 0195 91       		.byte	0x91
 742 0196 67       		.sleb128 -25
 743 0197 0E       		.uleb128 0xe
 744 0198 CC000000 		.4byte	.LASF26
 745 019c 01       		.byte	0x1
 746 019d FB       		.byte	0xfb
 747 019e 6F000000 		.4byte	0x6f
 748 01a2 02       		.byte	0x2
 749 01a3 91       		.byte	0x91
 750 01a4 6B       		.sleb128 -21
 751 01a5 0E       		.uleb128 0xe
 752 01a6 58020000 		.4byte	.LASF27
 753 01aa 01       		.byte	0x1
 754 01ab FC       		.byte	0xfc
 755 01ac 7B000000 		.4byte	0x7b
 756 01b0 02       		.byte	0x2
 757 01b1 91       		.byte	0x91
 758 01b2 6C       		.sleb128 -20
 759 01b3 00       		.byte	0
 760 01b4 0F       		.uleb128 0xf
 761 01b5 01       		.byte	0x1
 762 01b6 B2000000 		.4byte	.LASF37
 763 01ba 01       		.byte	0x1
 764 01bb 1501     		.2byte	0x115
 765 01bd 01       		.byte	0x1
 766 01be 6F000000 		.4byte	0x6f
 767 01c2 00000000 		.4byte	.LFB9
 768 01c6 2C000000 		.4byte	.LFE9
 769 01ca 01       		.byte	0x1
 770 01cb 9C       		.byte	0x9c
 771 01cc 01       		.byte	0x1
 772 01cd F0010000 		.4byte	0x1f0
 773 01d1 10       		.uleb128 0x10
 774 01d2 0A010000 		.4byte	.LASF25
 775 01d6 01       		.byte	0x1
 776 01d7 1701     		.2byte	0x117
 777 01d9 7B000000 		.4byte	0x7b
 778 01dd 02       		.byte	0x2
 779 01de 91       		.byte	0x91
 780 01df 70       		.sleb128 -16
 781 01e0 10       		.uleb128 0x10
 782 01e1 58020000 		.4byte	.LASF27
 783 01e5 01       		.byte	0x1
 784 01e6 1801     		.2byte	0x118
 785 01e8 7B000000 		.4byte	0x7b
 786 01ec 02       		.byte	0x2
 787 01ed 91       		.byte	0x91
 788 01ee 74       		.sleb128 -12
 789 01ef 00       		.byte	0
 790 01f0 11       		.uleb128 0x11
 791 01f1 01       		.byte	0x1
 792 01f2 9D000000 		.4byte	.LASF28
 793 01f6 01       		.byte	0x1
 794 01f7 3001     		.2byte	0x130
 795 01f9 01       		.byte	0x1
ARM GAS  C:\Users\hasur\AppData\Local\Temp\cceEcun4.s 			page 22


 796 01fa 00000000 		.4byte	.LFB10
 797 01fe 14000000 		.4byte	.LFE10
 798 0202 01       		.byte	0x1
 799 0203 9C       		.byte	0x9c
 800 0204 01       		.byte	0x1
 801 0205 12       		.uleb128 0x12
 802 0206 01       		.byte	0x1
 803 0207 F3000000 		.4byte	.LASF30
 804 020b 01       		.byte	0x1
 805 020c 4501     		.2byte	0x145
 806 020e 01       		.byte	0x1
 807 020f 6F000000 		.4byte	0x6f
 808 0213 00000000 		.4byte	.LFB11
 809 0217 20000000 		.4byte	.LFE11
 810 021b 01       		.byte	0x1
 811 021c 9C       		.byte	0x9c
 812 021d 01       		.byte	0x1
 813 021e 11       		.uleb128 0x11
 814 021f 01       		.byte	0x1
 815 0220 79000000 		.4byte	.LASF31
 816 0224 01       		.byte	0x1
 817 0225 5A01     		.2byte	0x15a
 818 0227 01       		.byte	0x1
 819 0228 00000000 		.4byte	.LFB12
 820 022c 14000000 		.4byte	.LFE12
 821 0230 01       		.byte	0x1
 822 0231 9C       		.byte	0x9c
 823 0232 01       		.byte	0x1
 824 0233 11       		.uleb128 0x11
 825 0234 01       		.byte	0x1
 826 0235 C4010000 		.4byte	.LASF32
 827 0239 01       		.byte	0x1
 828 023a 7501     		.2byte	0x175
 829 023c 01       		.byte	0x1
 830 023d 00000000 		.4byte	.LFB13
 831 0241 14000000 		.4byte	.LFE13
 832 0245 01       		.byte	0x1
 833 0246 9C       		.byte	0x9c
 834 0247 01       		.byte	0x1
 835 0248 11       		.uleb128 0x11
 836 0249 01       		.byte	0x1
 837 024a 58000000 		.4byte	.LASF33
 838 024e 01       		.byte	0x1
 839 024f 8E01     		.2byte	0x18e
 840 0251 01       		.byte	0x1
 841 0252 00000000 		.4byte	.LFB14
 842 0256 14000000 		.4byte	.LFE14
 843 025a 01       		.byte	0x1
 844 025b 9C       		.byte	0x9c
 845 025c 01       		.byte	0x1
 846 025d 13       		.uleb128 0x13
 847 025e AD000000 		.4byte	0xad
 848 0262 6D020000 		.4byte	0x26d
 849 0266 14       		.uleb128 0x14
 850 0267 C8000000 		.4byte	0xc8
 851 026b 2F       		.byte	0x2f
 852 026c 00       		.byte	0
ARM GAS  C:\Users\hasur\AppData\Local\Temp\cceEcun4.s 			page 23


 853 026d 15       		.uleb128 0x15
 854 026e 20000000 		.4byte	.LASF38
 855 0272 01       		.byte	0x1
 856 0273 21       		.byte	0x21
 857 0274 5D020000 		.4byte	0x25d
 858 0278 01       		.byte	0x1
 859 0279 01       		.byte	0x1
 860 027a 00       		.byte	0
 861              		.section	.debug_abbrev,"",%progbits
 862              	.Ldebug_abbrev0:
 863 0000 01       		.uleb128 0x1
 864 0001 11       		.uleb128 0x11
 865 0002 01       		.byte	0x1
 866 0003 25       		.uleb128 0x25
 867 0004 0E       		.uleb128 0xe
 868 0005 13       		.uleb128 0x13
 869 0006 0B       		.uleb128 0xb
 870 0007 03       		.uleb128 0x3
 871 0008 0E       		.uleb128 0xe
 872 0009 1B       		.uleb128 0x1b
 873 000a 0E       		.uleb128 0xe
 874 000b 55       		.uleb128 0x55
 875 000c 06       		.uleb128 0x6
 876 000d 11       		.uleb128 0x11
 877 000e 01       		.uleb128 0x1
 878 000f 52       		.uleb128 0x52
 879 0010 01       		.uleb128 0x1
 880 0011 10       		.uleb128 0x10
 881 0012 06       		.uleb128 0x6
 882 0013 00       		.byte	0
 883 0014 00       		.byte	0
 884 0015 02       		.uleb128 0x2
 885 0016 24       		.uleb128 0x24
 886 0017 00       		.byte	0
 887 0018 0B       		.uleb128 0xb
 888 0019 0B       		.uleb128 0xb
 889 001a 3E       		.uleb128 0x3e
 890 001b 0B       		.uleb128 0xb
 891 001c 03       		.uleb128 0x3
 892 001d 0E       		.uleb128 0xe
 893 001e 00       		.byte	0
 894 001f 00       		.byte	0
 895 0020 03       		.uleb128 0x3
 896 0021 24       		.uleb128 0x24
 897 0022 00       		.byte	0
 898 0023 0B       		.uleb128 0xb
 899 0024 0B       		.uleb128 0xb
 900 0025 3E       		.uleb128 0x3e
 901 0026 0B       		.uleb128 0xb
 902 0027 03       		.uleb128 0x3
 903 0028 08       		.uleb128 0x8
 904 0029 00       		.byte	0
 905 002a 00       		.byte	0
 906 002b 04       		.uleb128 0x4
 907 002c 16       		.uleb128 0x16
 908 002d 00       		.byte	0
 909 002e 03       		.uleb128 0x3
ARM GAS  C:\Users\hasur\AppData\Local\Temp\cceEcun4.s 			page 24


 910 002f 0E       		.uleb128 0xe
 911 0030 3A       		.uleb128 0x3a
 912 0031 0B       		.uleb128 0xb
 913 0032 3B       		.uleb128 0x3b
 914 0033 05       		.uleb128 0x5
 915 0034 49       		.uleb128 0x49
 916 0035 13       		.uleb128 0x13
 917 0036 00       		.byte	0
 918 0037 00       		.byte	0
 919 0038 05       		.uleb128 0x5
 920 0039 35       		.uleb128 0x35
 921 003a 00       		.byte	0
 922 003b 49       		.uleb128 0x49
 923 003c 13       		.uleb128 0x13
 924 003d 00       		.byte	0
 925 003e 00       		.byte	0
 926 003f 06       		.uleb128 0x6
 927 0040 0F       		.uleb128 0xf
 928 0041 00       		.byte	0
 929 0042 0B       		.uleb128 0xb
 930 0043 0B       		.uleb128 0xb
 931 0044 49       		.uleb128 0x49
 932 0045 13       		.uleb128 0x13
 933 0046 00       		.byte	0
 934 0047 00       		.byte	0
 935 0048 07       		.uleb128 0x7
 936 0049 15       		.uleb128 0x15
 937 004a 00       		.byte	0
 938 004b 27       		.uleb128 0x27
 939 004c 0C       		.uleb128 0xc
 940 004d 00       		.byte	0
 941 004e 00       		.byte	0
 942 004f 08       		.uleb128 0x8
 943 0050 2E       		.uleb128 0x2e
 944 0051 00       		.byte	0
 945 0052 3F       		.uleb128 0x3f
 946 0053 0C       		.uleb128 0xc
 947 0054 03       		.uleb128 0x3
 948 0055 0E       		.uleb128 0xe
 949 0056 3A       		.uleb128 0x3a
 950 0057 0B       		.uleb128 0xb
 951 0058 3B       		.uleb128 0x3b
 952 0059 0B       		.uleb128 0xb
 953 005a 27       		.uleb128 0x27
 954 005b 0C       		.uleb128 0xc
 955 005c 11       		.uleb128 0x11
 956 005d 01       		.uleb128 0x1
 957 005e 12       		.uleb128 0x12
 958 005f 01       		.uleb128 0x1
 959 0060 40       		.uleb128 0x40
 960 0061 0A       		.uleb128 0xa
 961 0062 9642     		.uleb128 0x2116
 962 0064 0C       		.uleb128 0xc
 963 0065 00       		.byte	0
 964 0066 00       		.byte	0
 965 0067 09       		.uleb128 0x9
 966 0068 2E       		.uleb128 0x2e
ARM GAS  C:\Users\hasur\AppData\Local\Temp\cceEcun4.s 			page 25


 967 0069 01       		.byte	0x1
 968 006a 3F       		.uleb128 0x3f
 969 006b 0C       		.uleb128 0xc
 970 006c 03       		.uleb128 0x3
 971 006d 0E       		.uleb128 0xe
 972 006e 3A       		.uleb128 0x3a
 973 006f 0B       		.uleb128 0xb
 974 0070 3B       		.uleb128 0x3b
 975 0071 0B       		.uleb128 0xb
 976 0072 27       		.uleb128 0x27
 977 0073 0C       		.uleb128 0xc
 978 0074 11       		.uleb128 0x11
 979 0075 01       		.uleb128 0x1
 980 0076 12       		.uleb128 0x12
 981 0077 01       		.uleb128 0x1
 982 0078 40       		.uleb128 0x40
 983 0079 0A       		.uleb128 0xa
 984 007a 9642     		.uleb128 0x2116
 985 007c 0C       		.uleb128 0xc
 986 007d 01       		.uleb128 0x1
 987 007e 13       		.uleb128 0x13
 988 007f 00       		.byte	0
 989 0080 00       		.byte	0
 990 0081 0A       		.uleb128 0xa
 991 0082 05       		.uleb128 0x5
 992 0083 00       		.byte	0
 993 0084 03       		.uleb128 0x3
 994 0085 0E       		.uleb128 0xe
 995 0086 3A       		.uleb128 0x3a
 996 0087 0B       		.uleb128 0xb
 997 0088 3B       		.uleb128 0x3b
 998 0089 0B       		.uleb128 0xb
 999 008a 49       		.uleb128 0x49
 1000 008b 13       		.uleb128 0x13
 1001 008c 02       		.uleb128 0x2
 1002 008d 0A       		.uleb128 0xa
 1003 008e 00       		.byte	0
 1004 008f 00       		.byte	0
 1005 0090 0B       		.uleb128 0xb
 1006 0091 2E       		.uleb128 0x2e
 1007 0092 00       		.byte	0
 1008 0093 3F       		.uleb128 0x3f
 1009 0094 0C       		.uleb128 0xc
 1010 0095 03       		.uleb128 0x3
 1011 0096 0E       		.uleb128 0xe
 1012 0097 3A       		.uleb128 0x3a
 1013 0098 0B       		.uleb128 0xb
 1014 0099 3B       		.uleb128 0x3b
 1015 009a 0B       		.uleb128 0xb
 1016 009b 27       		.uleb128 0x27
 1017 009c 0C       		.uleb128 0xc
 1018 009d 11       		.uleb128 0x11
 1019 009e 01       		.uleb128 0x1
 1020 009f 12       		.uleb128 0x12
 1021 00a0 01       		.uleb128 0x1
 1022 00a1 40       		.uleb128 0x40
 1023 00a2 0A       		.uleb128 0xa
ARM GAS  C:\Users\hasur\AppData\Local\Temp\cceEcun4.s 			page 26


 1024 00a3 9742     		.uleb128 0x2117
 1025 00a5 0C       		.uleb128 0xc
 1026 00a6 00       		.byte	0
 1027 00a7 00       		.byte	0
 1028 00a8 0C       		.uleb128 0xc
 1029 00a9 2E       		.uleb128 0x2e
 1030 00aa 01       		.byte	0x1
 1031 00ab 3F       		.uleb128 0x3f
 1032 00ac 0C       		.uleb128 0xc
 1033 00ad 03       		.uleb128 0x3
 1034 00ae 0E       		.uleb128 0xe
 1035 00af 3A       		.uleb128 0x3a
 1036 00b0 0B       		.uleb128 0xb
 1037 00b1 3B       		.uleb128 0x3b
 1038 00b2 0B       		.uleb128 0xb
 1039 00b3 27       		.uleb128 0x27
 1040 00b4 0C       		.uleb128 0xc
 1041 00b5 11       		.uleb128 0x11
 1042 00b6 01       		.uleb128 0x1
 1043 00b7 12       		.uleb128 0x12
 1044 00b8 01       		.uleb128 0x1
 1045 00b9 40       		.uleb128 0x40
 1046 00ba 0A       		.uleb128 0xa
 1047 00bb 9742     		.uleb128 0x2117
 1048 00bd 0C       		.uleb128 0xc
 1049 00be 01       		.uleb128 0x1
 1050 00bf 13       		.uleb128 0x13
 1051 00c0 00       		.byte	0
 1052 00c1 00       		.byte	0
 1053 00c2 0D       		.uleb128 0xd
 1054 00c3 2E       		.uleb128 0x2e
 1055 00c4 00       		.byte	0
 1056 00c5 3F       		.uleb128 0x3f
 1057 00c6 0C       		.uleb128 0xc
 1058 00c7 03       		.uleb128 0x3
 1059 00c8 0E       		.uleb128 0xe
 1060 00c9 3A       		.uleb128 0x3a
 1061 00ca 0B       		.uleb128 0xb
 1062 00cb 3B       		.uleb128 0x3b
 1063 00cc 0B       		.uleb128 0xb
 1064 00cd 27       		.uleb128 0x27
 1065 00ce 0C       		.uleb128 0xc
 1066 00cf 49       		.uleb128 0x49
 1067 00d0 13       		.uleb128 0x13
 1068 00d1 11       		.uleb128 0x11
 1069 00d2 01       		.uleb128 0x1
 1070 00d3 12       		.uleb128 0x12
 1071 00d4 01       		.uleb128 0x1
 1072 00d5 40       		.uleb128 0x40
 1073 00d6 0A       		.uleb128 0xa
 1074 00d7 9742     		.uleb128 0x2117
 1075 00d9 0C       		.uleb128 0xc
 1076 00da 00       		.byte	0
 1077 00db 00       		.byte	0
 1078 00dc 0E       		.uleb128 0xe
 1079 00dd 34       		.uleb128 0x34
 1080 00de 00       		.byte	0
ARM GAS  C:\Users\hasur\AppData\Local\Temp\cceEcun4.s 			page 27


 1081 00df 03       		.uleb128 0x3
 1082 00e0 0E       		.uleb128 0xe
 1083 00e1 3A       		.uleb128 0x3a
 1084 00e2 0B       		.uleb128 0xb
 1085 00e3 3B       		.uleb128 0x3b
 1086 00e4 0B       		.uleb128 0xb
 1087 00e5 49       		.uleb128 0x49
 1088 00e6 13       		.uleb128 0x13
 1089 00e7 02       		.uleb128 0x2
 1090 00e8 0A       		.uleb128 0xa
 1091 00e9 00       		.byte	0
 1092 00ea 00       		.byte	0
 1093 00eb 0F       		.uleb128 0xf
 1094 00ec 2E       		.uleb128 0x2e
 1095 00ed 01       		.byte	0x1
 1096 00ee 3F       		.uleb128 0x3f
 1097 00ef 0C       		.uleb128 0xc
 1098 00f0 03       		.uleb128 0x3
 1099 00f1 0E       		.uleb128 0xe
 1100 00f2 3A       		.uleb128 0x3a
 1101 00f3 0B       		.uleb128 0xb
 1102 00f4 3B       		.uleb128 0x3b
 1103 00f5 05       		.uleb128 0x5
 1104 00f6 27       		.uleb128 0x27
 1105 00f7 0C       		.uleb128 0xc
 1106 00f8 49       		.uleb128 0x49
 1107 00f9 13       		.uleb128 0x13
 1108 00fa 11       		.uleb128 0x11
 1109 00fb 01       		.uleb128 0x1
 1110 00fc 12       		.uleb128 0x12
 1111 00fd 01       		.uleb128 0x1
 1112 00fe 40       		.uleb128 0x40
 1113 00ff 0A       		.uleb128 0xa
 1114 0100 9742     		.uleb128 0x2117
 1115 0102 0C       		.uleb128 0xc
 1116 0103 01       		.uleb128 0x1
 1117 0104 13       		.uleb128 0x13
 1118 0105 00       		.byte	0
 1119 0106 00       		.byte	0
 1120 0107 10       		.uleb128 0x10
 1121 0108 34       		.uleb128 0x34
 1122 0109 00       		.byte	0
 1123 010a 03       		.uleb128 0x3
 1124 010b 0E       		.uleb128 0xe
 1125 010c 3A       		.uleb128 0x3a
 1126 010d 0B       		.uleb128 0xb
 1127 010e 3B       		.uleb128 0x3b
 1128 010f 05       		.uleb128 0x5
 1129 0110 49       		.uleb128 0x49
 1130 0111 13       		.uleb128 0x13
 1131 0112 02       		.uleb128 0x2
 1132 0113 0A       		.uleb128 0xa
 1133 0114 00       		.byte	0
 1134 0115 00       		.byte	0
 1135 0116 11       		.uleb128 0x11
 1136 0117 2E       		.uleb128 0x2e
 1137 0118 00       		.byte	0
ARM GAS  C:\Users\hasur\AppData\Local\Temp\cceEcun4.s 			page 28


 1138 0119 3F       		.uleb128 0x3f
 1139 011a 0C       		.uleb128 0xc
 1140 011b 03       		.uleb128 0x3
 1141 011c 0E       		.uleb128 0xe
 1142 011d 3A       		.uleb128 0x3a
 1143 011e 0B       		.uleb128 0xb
 1144 011f 3B       		.uleb128 0x3b
 1145 0120 05       		.uleb128 0x5
 1146 0121 27       		.uleb128 0x27
 1147 0122 0C       		.uleb128 0xc
 1148 0123 11       		.uleb128 0x11
 1149 0124 01       		.uleb128 0x1
 1150 0125 12       		.uleb128 0x12
 1151 0126 01       		.uleb128 0x1
 1152 0127 40       		.uleb128 0x40
 1153 0128 0A       		.uleb128 0xa
 1154 0129 9742     		.uleb128 0x2117
 1155 012b 0C       		.uleb128 0xc
 1156 012c 00       		.byte	0
 1157 012d 00       		.byte	0
 1158 012e 12       		.uleb128 0x12
 1159 012f 2E       		.uleb128 0x2e
 1160 0130 00       		.byte	0
 1161 0131 3F       		.uleb128 0x3f
 1162 0132 0C       		.uleb128 0xc
 1163 0133 03       		.uleb128 0x3
 1164 0134 0E       		.uleb128 0xe
 1165 0135 3A       		.uleb128 0x3a
 1166 0136 0B       		.uleb128 0xb
 1167 0137 3B       		.uleb128 0x3b
 1168 0138 05       		.uleb128 0x5
 1169 0139 27       		.uleb128 0x27
 1170 013a 0C       		.uleb128 0xc
 1171 013b 49       		.uleb128 0x49
 1172 013c 13       		.uleb128 0x13
 1173 013d 11       		.uleb128 0x11
 1174 013e 01       		.uleb128 0x1
 1175 013f 12       		.uleb128 0x12
 1176 0140 01       		.uleb128 0x1
 1177 0141 40       		.uleb128 0x40
 1178 0142 0A       		.uleb128 0xa
 1179 0143 9742     		.uleb128 0x2117
 1180 0145 0C       		.uleb128 0xc
 1181 0146 00       		.byte	0
 1182 0147 00       		.byte	0
 1183 0148 13       		.uleb128 0x13
 1184 0149 01       		.uleb128 0x1
 1185 014a 01       		.byte	0x1
 1186 014b 49       		.uleb128 0x49
 1187 014c 13       		.uleb128 0x13
 1188 014d 01       		.uleb128 0x1
 1189 014e 13       		.uleb128 0x13
 1190 014f 00       		.byte	0
 1191 0150 00       		.byte	0
 1192 0151 14       		.uleb128 0x14
 1193 0152 21       		.uleb128 0x21
 1194 0153 00       		.byte	0
ARM GAS  C:\Users\hasur\AppData\Local\Temp\cceEcun4.s 			page 29


 1195 0154 49       		.uleb128 0x49
 1196 0155 13       		.uleb128 0x13
 1197 0156 2F       		.uleb128 0x2f
 1198 0157 0B       		.uleb128 0xb
 1199 0158 00       		.byte	0
 1200 0159 00       		.byte	0
 1201 015a 15       		.uleb128 0x15
 1202 015b 34       		.uleb128 0x34
 1203 015c 00       		.byte	0
 1204 015d 03       		.uleb128 0x3
 1205 015e 0E       		.uleb128 0xe
 1206 015f 3A       		.uleb128 0x3a
 1207 0160 0B       		.uleb128 0xb
 1208 0161 3B       		.uleb128 0x3b
 1209 0162 0B       		.uleb128 0xb
 1210 0163 49       		.uleb128 0x49
 1211 0164 13       		.uleb128 0x13
 1212 0165 3F       		.uleb128 0x3f
 1213 0166 0C       		.uleb128 0xc
 1214 0167 3C       		.uleb128 0x3c
 1215 0168 0C       		.uleb128 0xc
 1216 0169 00       		.byte	0
 1217 016a 00       		.byte	0
 1218 016b 00       		.byte	0
 1219              		.section	.debug_aranges,"",%progbits
 1220 0000 7C000000 		.4byte	0x7c
 1221 0004 0200     		.2byte	0x2
 1222 0006 00000000 		.4byte	.Ldebug_info0
 1223 000a 04       		.byte	0x4
 1224 000b 00       		.byte	0
 1225 000c 0000     		.2byte	0
 1226 000e 0000     		.2byte	0
 1227 0010 00000000 		.4byte	.LFB2
 1228 0014 24000000 		.4byte	.LFE2-.LFB2
 1229 0018 00000000 		.4byte	.LFB3
 1230 001c 26000000 		.4byte	.LFE3-.LFB3
 1231 0020 00000000 		.4byte	.LFB4
 1232 0024 1C000000 		.4byte	.LFE4-.LFB4
 1233 0028 00000000 		.4byte	.LFB5
 1234 002c 0A000000 		.4byte	.LFE5-.LFB5
 1235 0030 00000000 		.4byte	.LFB6
 1236 0034 1C000000 		.4byte	.LFE6-.LFB6
 1237 0038 00000000 		.4byte	.LFB7
 1238 003c 14000000 		.4byte	.LFE7-.LFB7
 1239 0040 00000000 		.4byte	.LFB8
 1240 0044 50000000 		.4byte	.LFE8-.LFB8
 1241 0048 00000000 		.4byte	.LFB9
 1242 004c 2C000000 		.4byte	.LFE9-.LFB9
 1243 0050 00000000 		.4byte	.LFB10
 1244 0054 14000000 		.4byte	.LFE10-.LFB10
 1245 0058 00000000 		.4byte	.LFB11
 1246 005c 20000000 		.4byte	.LFE11-.LFB11
 1247 0060 00000000 		.4byte	.LFB12
 1248 0064 14000000 		.4byte	.LFE12-.LFB12
 1249 0068 00000000 		.4byte	.LFB13
 1250 006c 14000000 		.4byte	.LFE13-.LFB13
 1251 0070 00000000 		.4byte	.LFB14
ARM GAS  C:\Users\hasur\AppData\Local\Temp\cceEcun4.s 			page 30


 1252 0074 14000000 		.4byte	.LFE14-.LFB14
 1253 0078 00000000 		.4byte	0
 1254 007c 00000000 		.4byte	0
 1255              		.section	.debug_ranges,"",%progbits
 1256              	.Ldebug_ranges0:
 1257 0000 00000000 		.4byte	.LFB2
 1258 0004 24000000 		.4byte	.LFE2
 1259 0008 00000000 		.4byte	.LFB3
 1260 000c 26000000 		.4byte	.LFE3
 1261 0010 00000000 		.4byte	.LFB4
 1262 0014 1C000000 		.4byte	.LFE4
 1263 0018 00000000 		.4byte	.LFB5
 1264 001c 0A000000 		.4byte	.LFE5
 1265 0020 00000000 		.4byte	.LFB6
 1266 0024 1C000000 		.4byte	.LFE6
 1267 0028 00000000 		.4byte	.LFB7
 1268 002c 14000000 		.4byte	.LFE7
 1269 0030 00000000 		.4byte	.LFB8
 1270 0034 50000000 		.4byte	.LFE8
 1271 0038 00000000 		.4byte	.LFB9
 1272 003c 2C000000 		.4byte	.LFE9
 1273 0040 00000000 		.4byte	.LFB10
 1274 0044 14000000 		.4byte	.LFE10
 1275 0048 00000000 		.4byte	.LFB11
 1276 004c 20000000 		.4byte	.LFE11
 1277 0050 00000000 		.4byte	.LFB12
 1278 0054 14000000 		.4byte	.LFE12
 1279 0058 00000000 		.4byte	.LFB13
 1280 005c 14000000 		.4byte	.LFE13
 1281 0060 00000000 		.4byte	.LFB14
 1282 0064 14000000 		.4byte	.LFE14
 1283 0068 00000000 		.4byte	0
 1284 006c 00000000 		.4byte	0
 1285              		.section	.debug_line,"",%progbits
 1286              	.Ldebug_line0:
 1287 0000 58010000 		.section	.debug_str,"MS",%progbits,1
 1287      02004A00 
 1287      00000201 
 1287      FB0E0D00 
 1287      01010101 
 1288              	.LASF24:
 1289 0000 42746E5F 		.ascii	"Btn_Interrupt_SetPriority\000"
 1289      496E7465 
 1289      72727570 
 1289      745F5365 
 1289      74507269 
 1290              	.LASF14:
 1291 001a 72656733 		.ascii	"reg32\000"
 1291      3200
 1292              	.LASF38:
 1293 0020 43795261 		.ascii	"CyRamVectors\000"
 1293      6D566563 
 1293      746F7273 
 1293      00
 1294              	.LASF22:
 1295 002d 42746E5F 		.ascii	"Btn_Interrupt_SetVector\000"
 1295      496E7465 
ARM GAS  C:\Users\hasur\AppData\Local\Temp\cceEcun4.s 			page 31


 1295      72727570 
 1295      745F5365 
 1295      74566563 
 1296              	.LASF3:
 1297 0045 73686F72 		.ascii	"short unsigned int\000"
 1297      7420756E 
 1297      7369676E 
 1297      65642069 
 1297      6E7400
 1298              	.LASF33:
 1299 0058 42746E5F 		.ascii	"Btn_Interrupt_ClearPending\000"
 1299      496E7465 
 1299      72727570 
 1299      745F436C 
 1299      65617250 
 1300              	.LASF11:
 1301 0073 666C6F61 		.ascii	"float\000"
 1301      7400
 1302              	.LASF31:
 1303 0079 42746E5F 		.ascii	"Btn_Interrupt_Disable\000"
 1303      496E7465 
 1303      72727570 
 1303      745F4469 
 1303      7361626C 
 1304              	.LASF1:
 1305 008f 756E7369 		.ascii	"unsigned char\000"
 1305      676E6564 
 1305      20636861 
 1305      7200
 1306              	.LASF28:
 1307 009d 42746E5F 		.ascii	"Btn_Interrupt_Enable\000"
 1307      496E7465 
 1307      72727570 
 1307      745F456E 
 1307      61626C65 
 1308              	.LASF37:
 1309 00b2 42746E5F 		.ascii	"Btn_Interrupt_GetPriority\000"
 1309      496E7465 
 1309      72727570 
 1309      745F4765 
 1309      74507269 
 1310              	.LASF26:
 1311 00cc 696E7465 		.ascii	"interruptState\000"
 1311      72727570 
 1311      74537461 
 1311      746500
 1312              	.LASF5:
 1313 00db 6C6F6E67 		.ascii	"long unsigned int\000"
 1313      20756E73 
 1313      69676E65 
 1313      6420696E 
 1313      7400
 1314              	.LASF9:
 1315 00ed 75696E74 		.ascii	"uint8\000"
 1315      3800
 1316              	.LASF30:
 1317 00f3 42746E5F 		.ascii	"Btn_Interrupt_GetState\000"
ARM GAS  C:\Users\hasur\AppData\Local\Temp\cceEcun4.s 			page 32


 1317      496E7465 
 1317      72727570 
 1317      745F4765 
 1317      74537461 
 1318              	.LASF25:
 1319 010a 7072696F 		.ascii	"priority\000"
 1319      72697479 
 1319      00
 1320              	.LASF19:
 1321 0113 42746E5F 		.ascii	"Btn_Interrupt_Stop\000"
 1321      496E7465 
 1321      72727570 
 1321      745F5374 
 1321      6F7000
 1322              	.LASF12:
 1323 0126 646F7562 		.ascii	"double\000"
 1323      6C6500
 1324              	.LASF29:
 1325 012d 42746E5F 		.ascii	"Btn_Interrupt_GetVector\000"
 1325      496E7465 
 1325      72727570 
 1325      745F4765 
 1325      74566563 
 1326              	.LASF20:
 1327 0145 42746E5F 		.ascii	"Btn_Interrupt_Interrupt\000"
 1327      496E7465 
 1327      72727570 
 1327      745F496E 
 1327      74657272 
 1328              	.LASF10:
 1329 015d 75696E74 		.ascii	"uint32\000"
 1329      333200
 1330              	.LASF8:
 1331 0164 756E7369 		.ascii	"unsigned int\000"
 1331      676E6564 
 1331      20696E74 
 1331      00
 1332              	.LASF23:
 1333 0171 61646472 		.ascii	"address\000"
 1333      65737300 
 1334              	.LASF7:
 1335 0179 6C6F6E67 		.ascii	"long long unsigned int\000"
 1335      206C6F6E 
 1335      6720756E 
 1335      7369676E 
 1335      65642069 
 1336              	.LASF35:
 1337 0190 47656E65 		.ascii	"Generated_Source\\PSoC4\\Btn_Interrupt.c\000"
 1337      72617465 
 1337      645F536F 
 1337      75726365 
 1337      5C50536F 
 1338              	.LASF15:
 1339 01b7 63796973 		.ascii	"cyisraddress\000"
 1339      72616464 
 1339      72657373 
 1339      00
ARM GAS  C:\Users\hasur\AppData\Local\Temp\cceEcun4.s 			page 33


 1340              	.LASF32:
 1341 01c4 42746E5F 		.ascii	"Btn_Interrupt_SetPending\000"
 1341      496E7465 
 1341      72727570 
 1341      745F5365 
 1341      7450656E 
 1342              	.LASF17:
 1343 01dd 73697A65 		.ascii	"sizetype\000"
 1343      74797065 
 1343      00
 1344              	.LASF6:
 1345 01e6 6C6F6E67 		.ascii	"long long int\000"
 1345      206C6F6E 
 1345      6720696E 
 1345      7400
 1346              	.LASF13:
 1347 01f4 63686172 		.ascii	"char\000"
 1347      00
 1348              	.LASF2:
 1349 01f9 73686F72 		.ascii	"short int\000"
 1349      7420696E 
 1349      7400
 1350              	.LASF36:
 1351 0203 433A5C55 		.ascii	"C:\\Users\\hasur\\Documents\\PSoC_4_BLE_Pressure_Se"
 1351      73657273 
 1351      5C686173 
 1351      75725C44 
 1351      6F63756D 
 1352 0232 6E736F72 		.ascii	"nsor\\PSoC_4_BLE_Pressure_Sensor.cydsn\000"
 1352      5C50536F 
 1352      435F345F 
 1352      424C455F 
 1352      50726573 
 1353              	.LASF27:
 1354 0258 7072696F 		.ascii	"priorityOffset\000"
 1354      72697479 
 1354      4F666673 
 1354      657400
 1355              	.LASF4:
 1356 0267 6C6F6E67 		.ascii	"long int\000"
 1356      20696E74 
 1356      00
 1357              	.LASF16:
 1358 0270 6C6F6E67 		.ascii	"long double\000"
 1358      20646F75 
 1358      626C6500 
 1359              	.LASF0:
 1360 027c 7369676E 		.ascii	"signed char\000"
 1360      65642063 
 1360      68617200 
 1361              	.LASF34:
 1362 0288 474E5520 		.ascii	"GNU C11 5.4.1 20160609 (release) [ARM/embedded-5-br"
 1362      43313120 
 1362      352E342E 
 1362      31203230 
 1362      31363036 
 1363 02bb 616E6368 		.ascii	"anch revision 237715] -mcpu=cortex-m0 -mthumb -g -g"
ARM GAS  C:\Users\hasur\AppData\Local\Temp\cceEcun4.s 			page 34


 1363      20726576 
 1363      6973696F 
 1363      6E203233 
 1363      37373135 
 1364 02ee 64776172 		.ascii	"dwarf-3 -O0 -ffunction-sections -ffat-lto-objects\000"
 1364      662D3320 
 1364      2D4F3020 
 1364      2D666675 
 1364      6E637469 
 1365              	.LASF18:
 1366 0320 42746E5F 		.ascii	"Btn_Interrupt_Start\000"
 1366      496E7465 
 1366      72727570 
 1366      745F5374 
 1366      61727400 
 1367              	.LASF21:
 1368 0334 42746E5F 		.ascii	"Btn_Interrupt_StartEx\000"
 1368      496E7465 
 1368      72727570 
 1368      745F5374 
 1368      61727445 
 1369              		.ident	"GCC: (GNU Tools for ARM Embedded Processors) 5.4.1 20160609 (release) [ARM/embedded-5-bran
