ARM GAS  C:\Users\hasur\AppData\Local\Temp\cc73uoZF.s 			page 1


   1              		.syntax unified
   2              		.cpu cortex-m0
   3              		.fpu softvfp
   4              		.eabi_attribute 20, 1
   5              		.eabi_attribute 21, 1
   6              		.eabi_attribute 23, 3
   7              		.eabi_attribute 24, 1
   8              		.eabi_attribute 25, 1
   9              		.eabi_attribute 26, 1
  10              		.eabi_attribute 30, 6
  11              		.eabi_attribute 34, 0
  12              		.eabi_attribute 18, 4
  13              		.thumb
  14              		.syntax unified
  15              		.file	"cyutils.c"
  16              		.text
  17              	.Ltext0:
  18              		.cfi_sections	.debug_frame
  19              		.section	.text.CySetReg24,"ax",%progbits
  20              		.align	2
  21              		.global	CySetReg24
  22              		.code	16
  23              		.thumb_func
  24              		.type	CySetReg24, %function
  25              	CySetReg24:
  26              	.LFB0:
  27              		.file 1 "Generated_Source\\PSoC4\\cyutils.c"
   1:Generated_Source\PSoC4/cyutils.c **** /***************************************************************************//**
   2:Generated_Source\PSoC4/cyutils.c **** * \file cyutils.c
   3:Generated_Source\PSoC4/cyutils.c **** * \version 5.60
   4:Generated_Source\PSoC4/cyutils.c **** *
   5:Generated_Source\PSoC4/cyutils.c **** * \brief Provides a function to handle 24-bit value writes.
   6:Generated_Source\PSoC4/cyutils.c **** *
   7:Generated_Source\PSoC4/cyutils.c **** ********************************************************************************
   8:Generated_Source\PSoC4/cyutils.c **** * \copyright
   9:Generated_Source\PSoC4/cyutils.c **** * Copyright 2008-2017, Cypress Semiconductor Corporation.  All rights reserved.
  10:Generated_Source\PSoC4/cyutils.c **** * You may use this file only in accordance with the license, terms, conditions,
  11:Generated_Source\PSoC4/cyutils.c **** * disclaimers, and limitations in the end user license agreement accompanying
  12:Generated_Source\PSoC4/cyutils.c **** * the software package with which this file was provided.
  13:Generated_Source\PSoC4/cyutils.c **** *******************************************************************************/
  14:Generated_Source\PSoC4/cyutils.c **** 
  15:Generated_Source\PSoC4/cyutils.c **** #include "cytypes.h"
  16:Generated_Source\PSoC4/cyutils.c **** 
  17:Generated_Source\PSoC4/cyutils.c **** #if (!CY_PSOC3)
  18:Generated_Source\PSoC4/cyutils.c **** 
  19:Generated_Source\PSoC4/cyutils.c ****     /***************************************************************************
  20:Generated_Source\PSoC4/cyutils.c ****     * Function Name: CySetReg24
  21:Generated_Source\PSoC4/cyutils.c ****     ************************************************************************//**
  22:Generated_Source\PSoC4/cyutils.c ****     *
  23:Generated_Source\PSoC4/cyutils.c ****     * Writes a 24-bit value to the specified register.
  24:Generated_Source\PSoC4/cyutils.c ****     *
  25:Generated_Source\PSoC4/cyutils.c ****     * \param addr The address where data must be written.
  26:Generated_Source\PSoC4/cyutils.c ****     * \param value The data that must be written.
  27:Generated_Source\PSoC4/cyutils.c ****     *
  28:Generated_Source\PSoC4/cyutils.c ****     * \reentrant No
  29:Generated_Source\PSoC4/cyutils.c ****     *
  30:Generated_Source\PSoC4/cyutils.c ****     ***************************************************************************/
ARM GAS  C:\Users\hasur\AppData\Local\Temp\cc73uoZF.s 			page 2


  31:Generated_Source\PSoC4/cyutils.c ****     void CySetReg24(uint32 volatile * addr, uint32 value)
  32:Generated_Source\PSoC4/cyutils.c ****     {
  28              		.loc 1 32 0
  29              		.cfi_startproc
  30              		@ args = 0, pretend = 0, frame = 16
  31              		@ frame_needed = 1, uses_anonymous_args = 0
  32 0000 80B5     		push	{r7, lr}
  33              		.cfi_def_cfa_offset 8
  34              		.cfi_offset 7, -8
  35              		.cfi_offset 14, -4
  36 0002 84B0     		sub	sp, sp, #16
  37              		.cfi_def_cfa_offset 24
  38 0004 00AF     		add	r7, sp, #0
  39              		.cfi_def_cfa_register 7
  40 0006 7860     		str	r0, [r7, #4]
  41 0008 3960     		str	r1, [r7]
  33:Generated_Source\PSoC4/cyutils.c ****         uint8 volatile *tmpAddr;
  34:Generated_Source\PSoC4/cyutils.c **** 
  35:Generated_Source\PSoC4/cyutils.c ****         tmpAddr = (uint8 volatile *) addr;
  42              		.loc 1 35 0
  43 000a 7B68     		ldr	r3, [r7, #4]
  44 000c FB60     		str	r3, [r7, #12]
  36:Generated_Source\PSoC4/cyutils.c **** 
  37:Generated_Source\PSoC4/cyutils.c ****         tmpAddr[0u] = (uint8) value;
  45              		.loc 1 37 0
  46 000e 3B68     		ldr	r3, [r7]
  47 0010 DAB2     		uxtb	r2, r3
  48 0012 FB68     		ldr	r3, [r7, #12]
  49 0014 1A70     		strb	r2, [r3]
  38:Generated_Source\PSoC4/cyutils.c ****         tmpAddr[1u] = (uint8) (value >> 8u);
  50              		.loc 1 38 0
  51 0016 FB68     		ldr	r3, [r7, #12]
  52 0018 0133     		adds	r3, r3, #1
  53 001a 3A68     		ldr	r2, [r7]
  54 001c 120A     		lsrs	r2, r2, #8
  55 001e D2B2     		uxtb	r2, r2
  56 0020 1A70     		strb	r2, [r3]
  39:Generated_Source\PSoC4/cyutils.c ****         tmpAddr[2u] = (uint8) (value >> 16u);
  57              		.loc 1 39 0
  58 0022 FB68     		ldr	r3, [r7, #12]
  59 0024 0233     		adds	r3, r3, #2
  60 0026 3A68     		ldr	r2, [r7]
  61 0028 120C     		lsrs	r2, r2, #16
  62 002a D2B2     		uxtb	r2, r2
  63 002c 1A70     		strb	r2, [r3]
  40:Generated_Source\PSoC4/cyutils.c ****     }
  64              		.loc 1 40 0
  65 002e C046     		nop
  66 0030 BD46     		mov	sp, r7
  67 0032 04B0     		add	sp, sp, #16
  68              		@ sp needed
  69 0034 80BD     		pop	{r7, pc}
  70              		.cfi_endproc
  71              	.LFE0:
  72              		.size	CySetReg24, .-CySetReg24
  73 0036 C046     		.section	.text.CyGetReg24,"ax",%progbits
  74              		.align	2
ARM GAS  C:\Users\hasur\AppData\Local\Temp\cc73uoZF.s 			page 3


  75              		.global	CyGetReg24
  76              		.code	16
  77              		.thumb_func
  78              		.type	CyGetReg24, %function
  79              	CyGetReg24:
  80              	.LFB1:
  41:Generated_Source\PSoC4/cyutils.c **** 
  42:Generated_Source\PSoC4/cyutils.c **** 
  43:Generated_Source\PSoC4/cyutils.c ****     #if(CY_PSOC4)
  44:Generated_Source\PSoC4/cyutils.c **** 
  45:Generated_Source\PSoC4/cyutils.c ****         /***************************************************************************
  46:Generated_Source\PSoC4/cyutils.c ****         * Function Name: CyGetReg24
  47:Generated_Source\PSoC4/cyutils.c ****         ************************************************************************//**
  48:Generated_Source\PSoC4/cyutils.c ****         *
  49:Generated_Source\PSoC4/cyutils.c ****         * Reads the 24-bit value from the specified register.
  50:Generated_Source\PSoC4/cyutils.c ****         *
  51:Generated_Source\PSoC4/cyutils.c ****         * \param addr The address where data must be read.
  52:Generated_Source\PSoC4/cyutils.c ****         *
  53:Generated_Source\PSoC4/cyutils.c ****         * \reentrant No
  54:Generated_Source\PSoC4/cyutils.c ****         *
  55:Generated_Source\PSoC4/cyutils.c ****         ***************************************************************************/
  56:Generated_Source\PSoC4/cyutils.c ****         uint32 CyGetReg24(uint32 const volatile * addr)
  57:Generated_Source\PSoC4/cyutils.c ****         {
  81              		.loc 1 57 0
  82              		.cfi_startproc
  83              		@ args = 0, pretend = 0, frame = 16
  84              		@ frame_needed = 1, uses_anonymous_args = 0
  85 0000 80B5     		push	{r7, lr}
  86              		.cfi_def_cfa_offset 8
  87              		.cfi_offset 7, -8
  88              		.cfi_offset 14, -4
  89 0002 84B0     		sub	sp, sp, #16
  90              		.cfi_def_cfa_offset 24
  91 0004 00AF     		add	r7, sp, #0
  92              		.cfi_def_cfa_register 7
  93 0006 7860     		str	r0, [r7, #4]
  58:Generated_Source\PSoC4/cyutils.c ****             uint8 const volatile *tmpAddr;
  59:Generated_Source\PSoC4/cyutils.c ****             uint32 value;
  60:Generated_Source\PSoC4/cyutils.c **** 
  61:Generated_Source\PSoC4/cyutils.c ****             tmpAddr = (uint8 const volatile *) addr;
  94              		.loc 1 61 0
  95 0008 7B68     		ldr	r3, [r7, #4]
  96 000a FB60     		str	r3, [r7, #12]
  62:Generated_Source\PSoC4/cyutils.c **** 
  63:Generated_Source\PSoC4/cyutils.c ****             value  =  (uint32) tmpAddr[0u];
  97              		.loc 1 63 0
  98 000c FB68     		ldr	r3, [r7, #12]
  99 000e 1B78     		ldrb	r3, [r3]
 100 0010 DBB2     		uxtb	r3, r3
 101 0012 BB60     		str	r3, [r7, #8]
  64:Generated_Source\PSoC4/cyutils.c ****             value |= ((uint32) tmpAddr[1u] << 8u );
 102              		.loc 1 64 0
 103 0014 FB68     		ldr	r3, [r7, #12]
 104 0016 0133     		adds	r3, r3, #1
 105 0018 1B78     		ldrb	r3, [r3]
 106 001a DBB2     		uxtb	r3, r3
 107 001c 1B02     		lsls	r3, r3, #8
ARM GAS  C:\Users\hasur\AppData\Local\Temp\cc73uoZF.s 			page 4


 108 001e BA68     		ldr	r2, [r7, #8]
 109 0020 1343     		orrs	r3, r2
 110 0022 BB60     		str	r3, [r7, #8]
  65:Generated_Source\PSoC4/cyutils.c ****             value |= ((uint32) tmpAddr[2u] << 16u);
 111              		.loc 1 65 0
 112 0024 FB68     		ldr	r3, [r7, #12]
 113 0026 0233     		adds	r3, r3, #2
 114 0028 1B78     		ldrb	r3, [r3]
 115 002a DBB2     		uxtb	r3, r3
 116 002c 1B04     		lsls	r3, r3, #16
 117 002e BA68     		ldr	r2, [r7, #8]
 118 0030 1343     		orrs	r3, r2
 119 0032 BB60     		str	r3, [r7, #8]
  66:Generated_Source\PSoC4/cyutils.c **** 
  67:Generated_Source\PSoC4/cyutils.c ****             return(value);
 120              		.loc 1 67 0
 121 0034 BB68     		ldr	r3, [r7, #8]
  68:Generated_Source\PSoC4/cyutils.c ****         }
 122              		.loc 1 68 0
 123 0036 1800     		movs	r0, r3
 124 0038 BD46     		mov	sp, r7
 125 003a 04B0     		add	sp, sp, #16
 126              		@ sp needed
 127 003c 80BD     		pop	{r7, pc}
 128              		.cfi_endproc
 129              	.LFE1:
 130              		.size	CyGetReg24, .-CyGetReg24
 131 003e C046     		.text
 132              	.Letext0:
 133              		.file 2 "Generated_Source\\PSoC4\\cytypes.h"
 134              		.section	.debug_info,"",%progbits
 135              	.Ldebug_info0:
 136 0000 4F010000 		.4byte	0x14f
 137 0004 0300     		.2byte	0x3
 138 0006 00000000 		.4byte	.Ldebug_abbrev0
 139 000a 04       		.byte	0x4
 140 000b 01       		.uleb128 0x1
 141 000c 42010000 		.4byte	.LASF17
 142 0010 0C       		.byte	0xc
 143 0011 E9000000 		.4byte	.LASF18
 144 0015 69000000 		.4byte	.LASF19
 145 0019 00000000 		.4byte	.Ldebug_ranges0+0
 146 001d 00000000 		.4byte	0
 147 0021 00000000 		.4byte	0
 148 0025 00000000 		.4byte	.Ldebug_line0
 149 0029 02       		.uleb128 0x2
 150 002a 01       		.byte	0x1
 151 002b 06       		.byte	0x6
 152 002c 36010000 		.4byte	.LASF0
 153 0030 02       		.uleb128 0x2
 154 0031 01       		.byte	0x1
 155 0032 08       		.byte	0x8
 156 0033 27000000 		.4byte	.LASF1
 157 0037 02       		.uleb128 0x2
 158 0038 02       		.byte	0x2
 159 0039 05       		.byte	0x5
 160 003a 1D010000 		.4byte	.LASF2
ARM GAS  C:\Users\hasur\AppData\Local\Temp\cc73uoZF.s 			page 5


 161 003e 02       		.uleb128 0x2
 162 003f 02       		.byte	0x2
 163 0040 07       		.byte	0x7
 164 0041 4F000000 		.4byte	.LASF3
 165 0045 02       		.uleb128 0x2
 166 0046 04       		.byte	0x4
 167 0047 05       		.byte	0x5
 168 0048 2D010000 		.4byte	.LASF4
 169 004c 02       		.uleb128 0x2
 170 004d 04       		.byte	0x4
 171 004e 07       		.byte	0x7
 172 004f 3D000000 		.4byte	.LASF5
 173 0053 02       		.uleb128 0x2
 174 0054 08       		.byte	0x8
 175 0055 05       		.byte	0x5
 176 0056 0A010000 		.4byte	.LASF6
 177 005a 02       		.uleb128 0x2
 178 005b 08       		.byte	0x8
 179 005c 07       		.byte	0x7
 180 005d D2000000 		.4byte	.LASF7
 181 0061 03       		.uleb128 0x3
 182 0062 04       		.byte	0x4
 183 0063 05       		.byte	0x5
 184 0064 696E7400 		.ascii	"int\000"
 185 0068 02       		.uleb128 0x2
 186 0069 04       		.byte	0x4
 187 006a 07       		.byte	0x7
 188 006b C5000000 		.4byte	.LASF8
 189 006f 04       		.uleb128 0x4
 190 0070 27010000 		.4byte	.LASF9
 191 0074 02       		.byte	0x2
 192 0075 D201     		.2byte	0x1d2
 193 0077 30000000 		.4byte	0x30
 194 007b 04       		.uleb128 0x4
 195 007c BE000000 		.4byte	.LASF10
 196 0080 02       		.byte	0x2
 197 0081 D401     		.2byte	0x1d4
 198 0083 4C000000 		.4byte	0x4c
 199 0087 02       		.uleb128 0x2
 200 0088 04       		.byte	0x4
 201 0089 04       		.byte	0x4
 202 008a 21000000 		.4byte	.LASF11
 203 008e 02       		.uleb128 0x2
 204 008f 08       		.byte	0x8
 205 0090 04       		.byte	0x4
 206 0091 62000000 		.4byte	.LASF12
 207 0095 02       		.uleb128 0x2
 208 0096 01       		.byte	0x1
 209 0097 08       		.byte	0x8
 210 0098 18010000 		.4byte	.LASF13
 211 009c 05       		.uleb128 0x5
 212 009d 6F000000 		.4byte	0x6f
 213 00a1 05       		.uleb128 0x5
 214 00a2 7B000000 		.4byte	0x7b
 215 00a6 06       		.uleb128 0x6
 216 00a7 01       		.byte	0x1
 217 00a8 11000000 		.4byte	.LASF20
ARM GAS  C:\Users\hasur\AppData\Local\Temp\cc73uoZF.s 			page 6


 218 00ac 01       		.byte	0x1
 219 00ad 1F       		.byte	0x1f
 220 00ae 01       		.byte	0x1
 221 00af 00000000 		.4byte	.LFB0
 222 00b3 36000000 		.4byte	.LFE0
 223 00b7 01       		.byte	0x1
 224 00b8 9C       		.byte	0x9c
 225 00b9 01       		.byte	0x1
 226 00ba E9000000 		.4byte	0xe9
 227 00be 07       		.uleb128 0x7
 228 00bf 1C000000 		.4byte	.LASF14
 229 00c3 01       		.byte	0x1
 230 00c4 1F       		.byte	0x1f
 231 00c5 E9000000 		.4byte	0xe9
 232 00c9 02       		.byte	0x2
 233 00ca 91       		.byte	0x91
 234 00cb 6C       		.sleb128 -20
 235 00cc 07       		.uleb128 0x7
 236 00cd 00000000 		.4byte	.LASF15
 237 00d1 01       		.byte	0x1
 238 00d2 1F       		.byte	0x1f
 239 00d3 7B000000 		.4byte	0x7b
 240 00d7 02       		.byte	0x2
 241 00d8 91       		.byte	0x91
 242 00d9 68       		.sleb128 -24
 243 00da 08       		.uleb128 0x8
 244 00db 35000000 		.4byte	.LASF16
 245 00df 01       		.byte	0x1
 246 00e0 21       		.byte	0x21
 247 00e1 EF000000 		.4byte	0xef
 248 00e5 02       		.byte	0x2
 249 00e6 91       		.byte	0x91
 250 00e7 74       		.sleb128 -12
 251 00e8 00       		.byte	0
 252 00e9 09       		.uleb128 0x9
 253 00ea 04       		.byte	0x4
 254 00eb A1000000 		.4byte	0xa1
 255 00ef 09       		.uleb128 0x9
 256 00f0 04       		.byte	0x4
 257 00f1 9C000000 		.4byte	0x9c
 258 00f5 0A       		.uleb128 0xa
 259 00f6 01       		.byte	0x1
 260 00f7 06000000 		.4byte	.LASF21
 261 00fb 01       		.byte	0x1
 262 00fc 38       		.byte	0x38
 263 00fd 01       		.byte	0x1
 264 00fe 7B000000 		.4byte	0x7b
 265 0102 00000000 		.4byte	.LFB1
 266 0106 3E000000 		.4byte	.LFE1
 267 010a 01       		.byte	0x1
 268 010b 9C       		.byte	0x9c
 269 010c 01       		.byte	0x1
 270 010d 3C010000 		.4byte	0x13c
 271 0111 07       		.uleb128 0x7
 272 0112 1C000000 		.4byte	.LASF14
 273 0116 01       		.byte	0x1
 274 0117 38       		.byte	0x38
ARM GAS  C:\Users\hasur\AppData\Local\Temp\cc73uoZF.s 			page 7


 275 0118 3C010000 		.4byte	0x13c
 276 011c 02       		.byte	0x2
 277 011d 91       		.byte	0x91
 278 011e 6C       		.sleb128 -20
 279 011f 08       		.uleb128 0x8
 280 0120 35000000 		.4byte	.LASF16
 281 0124 01       		.byte	0x1
 282 0125 3A       		.byte	0x3a
 283 0126 47010000 		.4byte	0x147
 284 012a 02       		.byte	0x2
 285 012b 91       		.byte	0x91
 286 012c 74       		.sleb128 -12
 287 012d 08       		.uleb128 0x8
 288 012e 00000000 		.4byte	.LASF15
 289 0132 01       		.byte	0x1
 290 0133 3B       		.byte	0x3b
 291 0134 7B000000 		.4byte	0x7b
 292 0138 02       		.byte	0x2
 293 0139 91       		.byte	0x91
 294 013a 70       		.sleb128 -16
 295 013b 00       		.byte	0
 296 013c 09       		.uleb128 0x9
 297 013d 04       		.byte	0x4
 298 013e 42010000 		.4byte	0x142
 299 0142 0B       		.uleb128 0xb
 300 0143 A1000000 		.4byte	0xa1
 301 0147 09       		.uleb128 0x9
 302 0148 04       		.byte	0x4
 303 0149 4D010000 		.4byte	0x14d
 304 014d 0B       		.uleb128 0xb
 305 014e 9C000000 		.4byte	0x9c
 306 0152 00       		.byte	0
 307              		.section	.debug_abbrev,"",%progbits
 308              	.Ldebug_abbrev0:
 309 0000 01       		.uleb128 0x1
 310 0001 11       		.uleb128 0x11
 311 0002 01       		.byte	0x1
 312 0003 25       		.uleb128 0x25
 313 0004 0E       		.uleb128 0xe
 314 0005 13       		.uleb128 0x13
 315 0006 0B       		.uleb128 0xb
 316 0007 03       		.uleb128 0x3
 317 0008 0E       		.uleb128 0xe
 318 0009 1B       		.uleb128 0x1b
 319 000a 0E       		.uleb128 0xe
 320 000b 55       		.uleb128 0x55
 321 000c 06       		.uleb128 0x6
 322 000d 11       		.uleb128 0x11
 323 000e 01       		.uleb128 0x1
 324 000f 52       		.uleb128 0x52
 325 0010 01       		.uleb128 0x1
 326 0011 10       		.uleb128 0x10
 327 0012 06       		.uleb128 0x6
 328 0013 00       		.byte	0
 329 0014 00       		.byte	0
 330 0015 02       		.uleb128 0x2
 331 0016 24       		.uleb128 0x24
ARM GAS  C:\Users\hasur\AppData\Local\Temp\cc73uoZF.s 			page 8


 332 0017 00       		.byte	0
 333 0018 0B       		.uleb128 0xb
 334 0019 0B       		.uleb128 0xb
 335 001a 3E       		.uleb128 0x3e
 336 001b 0B       		.uleb128 0xb
 337 001c 03       		.uleb128 0x3
 338 001d 0E       		.uleb128 0xe
 339 001e 00       		.byte	0
 340 001f 00       		.byte	0
 341 0020 03       		.uleb128 0x3
 342 0021 24       		.uleb128 0x24
 343 0022 00       		.byte	0
 344 0023 0B       		.uleb128 0xb
 345 0024 0B       		.uleb128 0xb
 346 0025 3E       		.uleb128 0x3e
 347 0026 0B       		.uleb128 0xb
 348 0027 03       		.uleb128 0x3
 349 0028 08       		.uleb128 0x8
 350 0029 00       		.byte	0
 351 002a 00       		.byte	0
 352 002b 04       		.uleb128 0x4
 353 002c 16       		.uleb128 0x16
 354 002d 00       		.byte	0
 355 002e 03       		.uleb128 0x3
 356 002f 0E       		.uleb128 0xe
 357 0030 3A       		.uleb128 0x3a
 358 0031 0B       		.uleb128 0xb
 359 0032 3B       		.uleb128 0x3b
 360 0033 05       		.uleb128 0x5
 361 0034 49       		.uleb128 0x49
 362 0035 13       		.uleb128 0x13
 363 0036 00       		.byte	0
 364 0037 00       		.byte	0
 365 0038 05       		.uleb128 0x5
 366 0039 35       		.uleb128 0x35
 367 003a 00       		.byte	0
 368 003b 49       		.uleb128 0x49
 369 003c 13       		.uleb128 0x13
 370 003d 00       		.byte	0
 371 003e 00       		.byte	0
 372 003f 06       		.uleb128 0x6
 373 0040 2E       		.uleb128 0x2e
 374 0041 01       		.byte	0x1
 375 0042 3F       		.uleb128 0x3f
 376 0043 0C       		.uleb128 0xc
 377 0044 03       		.uleb128 0x3
 378 0045 0E       		.uleb128 0xe
 379 0046 3A       		.uleb128 0x3a
 380 0047 0B       		.uleb128 0xb
 381 0048 3B       		.uleb128 0x3b
 382 0049 0B       		.uleb128 0xb
 383 004a 27       		.uleb128 0x27
 384 004b 0C       		.uleb128 0xc
 385 004c 11       		.uleb128 0x11
 386 004d 01       		.uleb128 0x1
 387 004e 12       		.uleb128 0x12
 388 004f 01       		.uleb128 0x1
ARM GAS  C:\Users\hasur\AppData\Local\Temp\cc73uoZF.s 			page 9


 389 0050 40       		.uleb128 0x40
 390 0051 0A       		.uleb128 0xa
 391 0052 9742     		.uleb128 0x2117
 392 0054 0C       		.uleb128 0xc
 393 0055 01       		.uleb128 0x1
 394 0056 13       		.uleb128 0x13
 395 0057 00       		.byte	0
 396 0058 00       		.byte	0
 397 0059 07       		.uleb128 0x7
 398 005a 05       		.uleb128 0x5
 399 005b 00       		.byte	0
 400 005c 03       		.uleb128 0x3
 401 005d 0E       		.uleb128 0xe
 402 005e 3A       		.uleb128 0x3a
 403 005f 0B       		.uleb128 0xb
 404 0060 3B       		.uleb128 0x3b
 405 0061 0B       		.uleb128 0xb
 406 0062 49       		.uleb128 0x49
 407 0063 13       		.uleb128 0x13
 408 0064 02       		.uleb128 0x2
 409 0065 0A       		.uleb128 0xa
 410 0066 00       		.byte	0
 411 0067 00       		.byte	0
 412 0068 08       		.uleb128 0x8
 413 0069 34       		.uleb128 0x34
 414 006a 00       		.byte	0
 415 006b 03       		.uleb128 0x3
 416 006c 0E       		.uleb128 0xe
 417 006d 3A       		.uleb128 0x3a
 418 006e 0B       		.uleb128 0xb
 419 006f 3B       		.uleb128 0x3b
 420 0070 0B       		.uleb128 0xb
 421 0071 49       		.uleb128 0x49
 422 0072 13       		.uleb128 0x13
 423 0073 02       		.uleb128 0x2
 424 0074 0A       		.uleb128 0xa
 425 0075 00       		.byte	0
 426 0076 00       		.byte	0
 427 0077 09       		.uleb128 0x9
 428 0078 0F       		.uleb128 0xf
 429 0079 00       		.byte	0
 430 007a 0B       		.uleb128 0xb
 431 007b 0B       		.uleb128 0xb
 432 007c 49       		.uleb128 0x49
 433 007d 13       		.uleb128 0x13
 434 007e 00       		.byte	0
 435 007f 00       		.byte	0
 436 0080 0A       		.uleb128 0xa
 437 0081 2E       		.uleb128 0x2e
 438 0082 01       		.byte	0x1
 439 0083 3F       		.uleb128 0x3f
 440 0084 0C       		.uleb128 0xc
 441 0085 03       		.uleb128 0x3
 442 0086 0E       		.uleb128 0xe
 443 0087 3A       		.uleb128 0x3a
 444 0088 0B       		.uleb128 0xb
 445 0089 3B       		.uleb128 0x3b
ARM GAS  C:\Users\hasur\AppData\Local\Temp\cc73uoZF.s 			page 10


 446 008a 0B       		.uleb128 0xb
 447 008b 27       		.uleb128 0x27
 448 008c 0C       		.uleb128 0xc
 449 008d 49       		.uleb128 0x49
 450 008e 13       		.uleb128 0x13
 451 008f 11       		.uleb128 0x11
 452 0090 01       		.uleb128 0x1
 453 0091 12       		.uleb128 0x12
 454 0092 01       		.uleb128 0x1
 455 0093 40       		.uleb128 0x40
 456 0094 0A       		.uleb128 0xa
 457 0095 9742     		.uleb128 0x2117
 458 0097 0C       		.uleb128 0xc
 459 0098 01       		.uleb128 0x1
 460 0099 13       		.uleb128 0x13
 461 009a 00       		.byte	0
 462 009b 00       		.byte	0
 463 009c 0B       		.uleb128 0xb
 464 009d 26       		.uleb128 0x26
 465 009e 00       		.byte	0
 466 009f 49       		.uleb128 0x49
 467 00a0 13       		.uleb128 0x13
 468 00a1 00       		.byte	0
 469 00a2 00       		.byte	0
 470 00a3 00       		.byte	0
 471              		.section	.debug_aranges,"",%progbits
 472 0000 24000000 		.4byte	0x24
 473 0004 0200     		.2byte	0x2
 474 0006 00000000 		.4byte	.Ldebug_info0
 475 000a 04       		.byte	0x4
 476 000b 00       		.byte	0
 477 000c 0000     		.2byte	0
 478 000e 0000     		.2byte	0
 479 0010 00000000 		.4byte	.LFB0
 480 0014 36000000 		.4byte	.LFE0-.LFB0
 481 0018 00000000 		.4byte	.LFB1
 482 001c 3E000000 		.4byte	.LFE1-.LFB1
 483 0020 00000000 		.4byte	0
 484 0024 00000000 		.4byte	0
 485              		.section	.debug_ranges,"",%progbits
 486              	.Ldebug_ranges0:
 487 0000 00000000 		.4byte	.LFB0
 488 0004 36000000 		.4byte	.LFE0
 489 0008 00000000 		.4byte	.LFB1
 490 000c 3E000000 		.4byte	.LFE1
 491 0010 00000000 		.4byte	0
 492 0014 00000000 		.4byte	0
 493              		.section	.debug_line,"",%progbits
 494              	.Ldebug_line0:
 495 0000 73000000 		.section	.debug_str,"MS",%progbits,1
 495      02004400 
 495      00000201 
 495      FB0E0D00 
 495      01010101 
 496              	.LASF15:
 497 0000 76616C75 		.ascii	"value\000"
 497      6500
ARM GAS  C:\Users\hasur\AppData\Local\Temp\cc73uoZF.s 			page 11


 498              	.LASF21:
 499 0006 43794765 		.ascii	"CyGetReg24\000"
 499      74526567 
 499      323400
 500              	.LASF20:
 501 0011 43795365 		.ascii	"CySetReg24\000"
 501      74526567 
 501      323400
 502              	.LASF14:
 503 001c 61646472 		.ascii	"addr\000"
 503      00
 504              	.LASF11:
 505 0021 666C6F61 		.ascii	"float\000"
 505      7400
 506              	.LASF1:
 507 0027 756E7369 		.ascii	"unsigned char\000"
 507      676E6564 
 507      20636861 
 507      7200
 508              	.LASF16:
 509 0035 746D7041 		.ascii	"tmpAddr\000"
 509      64647200 
 510              	.LASF5:
 511 003d 6C6F6E67 		.ascii	"long unsigned int\000"
 511      20756E73 
 511      69676E65 
 511      6420696E 
 511      7400
 512              	.LASF3:
 513 004f 73686F72 		.ascii	"short unsigned int\000"
 513      7420756E 
 513      7369676E 
 513      65642069 
 513      6E7400
 514              	.LASF12:
 515 0062 646F7562 		.ascii	"double\000"
 515      6C6500
 516              	.LASF19:
 517 0069 433A5C55 		.ascii	"C:\\Users\\hasur\\Documents\\PSoC_4_BLE_Pressure_Se"
 517      73657273 
 517      5C686173 
 517      75725C44 
 517      6F63756D 
 518 0098 6E736F72 		.ascii	"nsor\\PSoC_4_BLE_Pressure_Sensor.cydsn\000"
 518      5C50536F 
 518      435F345F 
 518      424C455F 
 518      50726573 
 519              	.LASF10:
 520 00be 75696E74 		.ascii	"uint32\000"
 520      333200
 521              	.LASF8:
 522 00c5 756E7369 		.ascii	"unsigned int\000"
 522      676E6564 
 522      20696E74 
 522      00
 523              	.LASF7:
ARM GAS  C:\Users\hasur\AppData\Local\Temp\cc73uoZF.s 			page 12


 524 00d2 6C6F6E67 		.ascii	"long long unsigned int\000"
 524      206C6F6E 
 524      6720756E 
 524      7369676E 
 524      65642069 
 525              	.LASF18:
 526 00e9 47656E65 		.ascii	"Generated_Source\\PSoC4\\cyutils.c\000"
 526      72617465 
 526      645F536F 
 526      75726365 
 526      5C50536F 
 527              	.LASF6:
 528 010a 6C6F6E67 		.ascii	"long long int\000"
 528      206C6F6E 
 528      6720696E 
 528      7400
 529              	.LASF13:
 530 0118 63686172 		.ascii	"char\000"
 530      00
 531              	.LASF2:
 532 011d 73686F72 		.ascii	"short int\000"
 532      7420696E 
 532      7400
 533              	.LASF9:
 534 0127 75696E74 		.ascii	"uint8\000"
 534      3800
 535              	.LASF4:
 536 012d 6C6F6E67 		.ascii	"long int\000"
 536      20696E74 
 536      00
 537              	.LASF0:
 538 0136 7369676E 		.ascii	"signed char\000"
 538      65642063 
 538      68617200 
 539              	.LASF17:
 540 0142 474E5520 		.ascii	"GNU C11 5.4.1 20160609 (release) [ARM/embedded-5-br"
 540      43313120 
 540      352E342E 
 540      31203230 
 540      31363036 
 541 0175 616E6368 		.ascii	"anch revision 237715] -mcpu=cortex-m0 -mthumb -g -g"
 541      20726576 
 541      6973696F 
 541      6E203233 
 541      37373135 
 542 01a8 64776172 		.ascii	"dwarf-3 -O0 -ffunction-sections -ffat-lto-objects\000"
 542      662D3320 
 542      2D4F3020 
 542      2D666675 
 542      6E637469 
 543              		.ident	"GCC: (GNU Tools for ARM Embedded Processors) 5.4.1 20160609 (release) [ARM/embedded-5-bran
