ARM GAS  C:\Users\hasur\AppData\Local\Temp\ccznSC52.s 			page 1


   1              		.syntax unified
   2              		.cpu cortex-m0
   3              		.fpu softvfp
   4              		.eabi_attribute 20, 1
   5              		.eabi_attribute 21, 1
   6              		.eabi_attribute 23, 3
   7              		.eabi_attribute 24, 1
   8              		.eabi_attribute 25, 1
   9              		.eabi_attribute 26, 1
  10              		.eabi_attribute 30, 6
  11              		.eabi_attribute 34, 0
  12              		.eabi_attribute 18, 4
  13              		.thumb
  14              		.syntax unified
  15              		.file	"I2C_SCB_IRQ.c"
  16              		.text
  17              	.Ltext0:
  18              		.cfi_sections	.debug_frame
  19              		.section	.text.I2C_SCB_IRQ_Start,"ax",%progbits
  20              		.align	2
  21              		.global	I2C_SCB_IRQ_Start
  22              		.code	16
  23              		.thumb_func
  24              		.type	I2C_SCB_IRQ_Start, %function
  25              	I2C_SCB_IRQ_Start:
  26              	.LFB2:
  27              		.file 1 "Generated_Source\\PSoC4\\I2C_SCB_IRQ.c"
   1:Generated_Source\PSoC4/I2C_SCB_IRQ.c **** /*******************************************************************************
   2:Generated_Source\PSoC4/I2C_SCB_IRQ.c **** * File Name: I2C_SCB_IRQ.c  
   3:Generated_Source\PSoC4/I2C_SCB_IRQ.c **** * Version 1.70
   4:Generated_Source\PSoC4/I2C_SCB_IRQ.c **** *
   5:Generated_Source\PSoC4/I2C_SCB_IRQ.c **** *  Description:
   6:Generated_Source\PSoC4/I2C_SCB_IRQ.c **** *   API for controlling the state of an interrupt.
   7:Generated_Source\PSoC4/I2C_SCB_IRQ.c **** *
   8:Generated_Source\PSoC4/I2C_SCB_IRQ.c **** *
   9:Generated_Source\PSoC4/I2C_SCB_IRQ.c **** *  Note:
  10:Generated_Source\PSoC4/I2C_SCB_IRQ.c **** *
  11:Generated_Source\PSoC4/I2C_SCB_IRQ.c **** ********************************************************************************
  12:Generated_Source\PSoC4/I2C_SCB_IRQ.c **** * Copyright 2008-2015, Cypress Semiconductor Corporation.  All rights reserved.
  13:Generated_Source\PSoC4/I2C_SCB_IRQ.c **** * You may use this file only in accordance with the license, terms, conditions, 
  14:Generated_Source\PSoC4/I2C_SCB_IRQ.c **** * disclaimers, and limitations in the end user license agreement accompanying 
  15:Generated_Source\PSoC4/I2C_SCB_IRQ.c **** * the software package with which this file was provided.
  16:Generated_Source\PSoC4/I2C_SCB_IRQ.c **** *******************************************************************************/
  17:Generated_Source\PSoC4/I2C_SCB_IRQ.c **** 
  18:Generated_Source\PSoC4/I2C_SCB_IRQ.c **** 
  19:Generated_Source\PSoC4/I2C_SCB_IRQ.c **** #include <cydevice_trm.h>
  20:Generated_Source\PSoC4/I2C_SCB_IRQ.c **** #include <CyLib.h>
  21:Generated_Source\PSoC4/I2C_SCB_IRQ.c **** #include <I2C_SCB_IRQ.h>
  22:Generated_Source\PSoC4/I2C_SCB_IRQ.c **** 
  23:Generated_Source\PSoC4/I2C_SCB_IRQ.c **** 
  24:Generated_Source\PSoC4/I2C_SCB_IRQ.c **** #if !defined(I2C_SCB_IRQ__REMOVED) /* Check for removal by optimization */
  25:Generated_Source\PSoC4/I2C_SCB_IRQ.c **** 
  26:Generated_Source\PSoC4/I2C_SCB_IRQ.c **** /*******************************************************************************
  27:Generated_Source\PSoC4/I2C_SCB_IRQ.c **** *  Place your includes, defines and code here 
  28:Generated_Source\PSoC4/I2C_SCB_IRQ.c **** ********************************************************************************/
  29:Generated_Source\PSoC4/I2C_SCB_IRQ.c **** /* `#START I2C_SCB_IRQ_intc` */
  30:Generated_Source\PSoC4/I2C_SCB_IRQ.c **** 
ARM GAS  C:\Users\hasur\AppData\Local\Temp\ccznSC52.s 			page 2


  31:Generated_Source\PSoC4/I2C_SCB_IRQ.c **** /* `#END` */
  32:Generated_Source\PSoC4/I2C_SCB_IRQ.c **** 
  33:Generated_Source\PSoC4/I2C_SCB_IRQ.c **** extern cyisraddress CyRamVectors[CYINT_IRQ_BASE + CY_NUM_INTERRUPTS];
  34:Generated_Source\PSoC4/I2C_SCB_IRQ.c **** 
  35:Generated_Source\PSoC4/I2C_SCB_IRQ.c **** /* Declared in startup, used to set unused interrupts to. */
  36:Generated_Source\PSoC4/I2C_SCB_IRQ.c **** CY_ISR_PROTO(IntDefaultHandler);
  37:Generated_Source\PSoC4/I2C_SCB_IRQ.c **** 
  38:Generated_Source\PSoC4/I2C_SCB_IRQ.c **** 
  39:Generated_Source\PSoC4/I2C_SCB_IRQ.c **** /*******************************************************************************
  40:Generated_Source\PSoC4/I2C_SCB_IRQ.c **** * Function Name: I2C_SCB_IRQ_Start
  41:Generated_Source\PSoC4/I2C_SCB_IRQ.c **** ********************************************************************************
  42:Generated_Source\PSoC4/I2C_SCB_IRQ.c **** *
  43:Generated_Source\PSoC4/I2C_SCB_IRQ.c **** * Summary:
  44:Generated_Source\PSoC4/I2C_SCB_IRQ.c **** *  Set up the interrupt and enable it. This function disables the interrupt, 
  45:Generated_Source\PSoC4/I2C_SCB_IRQ.c **** *  sets the default interrupt vector, sets the priority from the value in the
  46:Generated_Source\PSoC4/I2C_SCB_IRQ.c **** *  Design Wide Resources Interrupt Editor, then enables the interrupt to the 
  47:Generated_Source\PSoC4/I2C_SCB_IRQ.c **** *  interrupt controller.
  48:Generated_Source\PSoC4/I2C_SCB_IRQ.c **** *
  49:Generated_Source\PSoC4/I2C_SCB_IRQ.c **** * Parameters:  
  50:Generated_Source\PSoC4/I2C_SCB_IRQ.c **** *   None
  51:Generated_Source\PSoC4/I2C_SCB_IRQ.c **** *
  52:Generated_Source\PSoC4/I2C_SCB_IRQ.c **** * Return:
  53:Generated_Source\PSoC4/I2C_SCB_IRQ.c **** *   None
  54:Generated_Source\PSoC4/I2C_SCB_IRQ.c **** *
  55:Generated_Source\PSoC4/I2C_SCB_IRQ.c **** *******************************************************************************/
  56:Generated_Source\PSoC4/I2C_SCB_IRQ.c **** void I2C_SCB_IRQ_Start(void)
  57:Generated_Source\PSoC4/I2C_SCB_IRQ.c **** {
  28              		.loc 1 57 0
  29              		.cfi_startproc
  30              		@ args = 0, pretend = 0, frame = 0
  31              		@ frame_needed = 1, uses_anonymous_args = 0
  32 0000 80B5     		push	{r7, lr}
  33              		.cfi_def_cfa_offset 8
  34              		.cfi_offset 7, -8
  35              		.cfi_offset 14, -4
  36 0002 00AF     		add	r7, sp, #0
  37              		.cfi_def_cfa_register 7
  58:Generated_Source\PSoC4/I2C_SCB_IRQ.c ****     /* For all we know the interrupt is active. */
  59:Generated_Source\PSoC4/I2C_SCB_IRQ.c ****     I2C_SCB_IRQ_Disable();
  38              		.loc 1 59 0
  39 0004 FFF7FEFF 		bl	I2C_SCB_IRQ_Disable
  60:Generated_Source\PSoC4/I2C_SCB_IRQ.c **** 
  61:Generated_Source\PSoC4/I2C_SCB_IRQ.c ****     /* Set the ISR to point to the I2C_SCB_IRQ Interrupt. */
  62:Generated_Source\PSoC4/I2C_SCB_IRQ.c ****     I2C_SCB_IRQ_SetVector(&I2C_SCB_IRQ_Interrupt);
  40              		.loc 1 62 0
  41 0008 054B     		ldr	r3, .L2
  42 000a 1800     		movs	r0, r3
  43 000c FFF7FEFF 		bl	I2C_SCB_IRQ_SetVector
  63:Generated_Source\PSoC4/I2C_SCB_IRQ.c **** 
  64:Generated_Source\PSoC4/I2C_SCB_IRQ.c ****     /* Set the priority. */
  65:Generated_Source\PSoC4/I2C_SCB_IRQ.c ****     I2C_SCB_IRQ_SetPriority((uint8)I2C_SCB_IRQ_INTC_PRIOR_NUMBER);
  44              		.loc 1 65 0
  45 0010 0320     		movs	r0, #3
  46 0012 FFF7FEFF 		bl	I2C_SCB_IRQ_SetPriority
  66:Generated_Source\PSoC4/I2C_SCB_IRQ.c **** 
  67:Generated_Source\PSoC4/I2C_SCB_IRQ.c ****     /* Enable it. */
  68:Generated_Source\PSoC4/I2C_SCB_IRQ.c ****     I2C_SCB_IRQ_Enable();
ARM GAS  C:\Users\hasur\AppData\Local\Temp\ccznSC52.s 			page 3


  47              		.loc 1 68 0
  48 0016 FFF7FEFF 		bl	I2C_SCB_IRQ_Enable
  69:Generated_Source\PSoC4/I2C_SCB_IRQ.c **** }
  49              		.loc 1 69 0
  50 001a C046     		nop
  51 001c BD46     		mov	sp, r7
  52              		@ sp needed
  53 001e 80BD     		pop	{r7, pc}
  54              	.L3:
  55              		.align	2
  56              	.L2:
  57 0020 00000000 		.word	I2C_SCB_IRQ_Interrupt
  58              		.cfi_endproc
  59              	.LFE2:
  60              		.size	I2C_SCB_IRQ_Start, .-I2C_SCB_IRQ_Start
  61              		.section	.text.I2C_SCB_IRQ_StartEx,"ax",%progbits
  62              		.align	2
  63              		.global	I2C_SCB_IRQ_StartEx
  64              		.code	16
  65              		.thumb_func
  66              		.type	I2C_SCB_IRQ_StartEx, %function
  67              	I2C_SCB_IRQ_StartEx:
  68              	.LFB3:
  70:Generated_Source\PSoC4/I2C_SCB_IRQ.c **** 
  71:Generated_Source\PSoC4/I2C_SCB_IRQ.c **** 
  72:Generated_Source\PSoC4/I2C_SCB_IRQ.c **** /*******************************************************************************
  73:Generated_Source\PSoC4/I2C_SCB_IRQ.c **** * Function Name: I2C_SCB_IRQ_StartEx
  74:Generated_Source\PSoC4/I2C_SCB_IRQ.c **** ********************************************************************************
  75:Generated_Source\PSoC4/I2C_SCB_IRQ.c **** *
  76:Generated_Source\PSoC4/I2C_SCB_IRQ.c **** * Summary:
  77:Generated_Source\PSoC4/I2C_SCB_IRQ.c **** *  Sets up the interrupt and enables it. This function disables the interrupt,
  78:Generated_Source\PSoC4/I2C_SCB_IRQ.c **** *  sets the interrupt vector based on the address passed in, sets the priority 
  79:Generated_Source\PSoC4/I2C_SCB_IRQ.c **** *  from the value in the Design Wide Resources Interrupt Editor, then enables 
  80:Generated_Source\PSoC4/I2C_SCB_IRQ.c **** *  the interrupt to the interrupt controller.
  81:Generated_Source\PSoC4/I2C_SCB_IRQ.c **** *  
  82:Generated_Source\PSoC4/I2C_SCB_IRQ.c **** *  When defining ISR functions, the CY_ISR and CY_ISR_PROTO macros should be 
  83:Generated_Source\PSoC4/I2C_SCB_IRQ.c **** *  used to provide consistent definition across compilers:
  84:Generated_Source\PSoC4/I2C_SCB_IRQ.c **** *  
  85:Generated_Source\PSoC4/I2C_SCB_IRQ.c **** *  Function definition example:
  86:Generated_Source\PSoC4/I2C_SCB_IRQ.c **** *   CY_ISR(MyISR)
  87:Generated_Source\PSoC4/I2C_SCB_IRQ.c **** *   {
  88:Generated_Source\PSoC4/I2C_SCB_IRQ.c **** *   }
  89:Generated_Source\PSoC4/I2C_SCB_IRQ.c **** *   Function prototype example:
  90:Generated_Source\PSoC4/I2C_SCB_IRQ.c **** *   CY_ISR_PROTO(MyISR);
  91:Generated_Source\PSoC4/I2C_SCB_IRQ.c **** *
  92:Generated_Source\PSoC4/I2C_SCB_IRQ.c **** * Parameters:  
  93:Generated_Source\PSoC4/I2C_SCB_IRQ.c **** *   address: Address of the ISR to set in the interrupt vector table.
  94:Generated_Source\PSoC4/I2C_SCB_IRQ.c **** *
  95:Generated_Source\PSoC4/I2C_SCB_IRQ.c **** * Return:
  96:Generated_Source\PSoC4/I2C_SCB_IRQ.c **** *   None
  97:Generated_Source\PSoC4/I2C_SCB_IRQ.c **** *
  98:Generated_Source\PSoC4/I2C_SCB_IRQ.c **** *******************************************************************************/
  99:Generated_Source\PSoC4/I2C_SCB_IRQ.c **** void I2C_SCB_IRQ_StartEx(cyisraddress address)
 100:Generated_Source\PSoC4/I2C_SCB_IRQ.c **** {
  69              		.loc 1 100 0
  70              		.cfi_startproc
  71              		@ args = 0, pretend = 0, frame = 8
ARM GAS  C:\Users\hasur\AppData\Local\Temp\ccznSC52.s 			page 4


  72              		@ frame_needed = 1, uses_anonymous_args = 0
  73 0000 80B5     		push	{r7, lr}
  74              		.cfi_def_cfa_offset 8
  75              		.cfi_offset 7, -8
  76              		.cfi_offset 14, -4
  77 0002 82B0     		sub	sp, sp, #8
  78              		.cfi_def_cfa_offset 16
  79 0004 00AF     		add	r7, sp, #0
  80              		.cfi_def_cfa_register 7
  81 0006 7860     		str	r0, [r7, #4]
 101:Generated_Source\PSoC4/I2C_SCB_IRQ.c ****     /* For all we know the interrupt is active. */
 102:Generated_Source\PSoC4/I2C_SCB_IRQ.c ****     I2C_SCB_IRQ_Disable();
  82              		.loc 1 102 0
  83 0008 FFF7FEFF 		bl	I2C_SCB_IRQ_Disable
 103:Generated_Source\PSoC4/I2C_SCB_IRQ.c **** 
 104:Generated_Source\PSoC4/I2C_SCB_IRQ.c ****     /* Set the ISR to point to the I2C_SCB_IRQ Interrupt. */
 105:Generated_Source\PSoC4/I2C_SCB_IRQ.c ****     I2C_SCB_IRQ_SetVector(address);
  84              		.loc 1 105 0
  85 000c 7B68     		ldr	r3, [r7, #4]
  86 000e 1800     		movs	r0, r3
  87 0010 FFF7FEFF 		bl	I2C_SCB_IRQ_SetVector
 106:Generated_Source\PSoC4/I2C_SCB_IRQ.c **** 
 107:Generated_Source\PSoC4/I2C_SCB_IRQ.c ****     /* Set the priority. */
 108:Generated_Source\PSoC4/I2C_SCB_IRQ.c ****     I2C_SCB_IRQ_SetPriority((uint8)I2C_SCB_IRQ_INTC_PRIOR_NUMBER);
  88              		.loc 1 108 0
  89 0014 0320     		movs	r0, #3
  90 0016 FFF7FEFF 		bl	I2C_SCB_IRQ_SetPriority
 109:Generated_Source\PSoC4/I2C_SCB_IRQ.c **** 
 110:Generated_Source\PSoC4/I2C_SCB_IRQ.c ****     /* Enable it. */
 111:Generated_Source\PSoC4/I2C_SCB_IRQ.c ****     I2C_SCB_IRQ_Enable();
  91              		.loc 1 111 0
  92 001a FFF7FEFF 		bl	I2C_SCB_IRQ_Enable
 112:Generated_Source\PSoC4/I2C_SCB_IRQ.c **** }
  93              		.loc 1 112 0
  94 001e C046     		nop
  95 0020 BD46     		mov	sp, r7
  96 0022 02B0     		add	sp, sp, #8
  97              		@ sp needed
  98 0024 80BD     		pop	{r7, pc}
  99              		.cfi_endproc
 100              	.LFE3:
 101              		.size	I2C_SCB_IRQ_StartEx, .-I2C_SCB_IRQ_StartEx
 102 0026 C046     		.section	.text.I2C_SCB_IRQ_Stop,"ax",%progbits
 103              		.align	2
 104              		.global	I2C_SCB_IRQ_Stop
 105              		.code	16
 106              		.thumb_func
 107              		.type	I2C_SCB_IRQ_Stop, %function
 108              	I2C_SCB_IRQ_Stop:
 109              	.LFB4:
 113:Generated_Source\PSoC4/I2C_SCB_IRQ.c **** 
 114:Generated_Source\PSoC4/I2C_SCB_IRQ.c **** 
 115:Generated_Source\PSoC4/I2C_SCB_IRQ.c **** /*******************************************************************************
 116:Generated_Source\PSoC4/I2C_SCB_IRQ.c **** * Function Name: I2C_SCB_IRQ_Stop
 117:Generated_Source\PSoC4/I2C_SCB_IRQ.c **** ********************************************************************************
 118:Generated_Source\PSoC4/I2C_SCB_IRQ.c **** *
 119:Generated_Source\PSoC4/I2C_SCB_IRQ.c **** * Summary:
ARM GAS  C:\Users\hasur\AppData\Local\Temp\ccznSC52.s 			page 5


 120:Generated_Source\PSoC4/I2C_SCB_IRQ.c **** *   Disables and removes the interrupt.
 121:Generated_Source\PSoC4/I2C_SCB_IRQ.c **** *
 122:Generated_Source\PSoC4/I2C_SCB_IRQ.c **** * Parameters:  
 123:Generated_Source\PSoC4/I2C_SCB_IRQ.c **** *   None
 124:Generated_Source\PSoC4/I2C_SCB_IRQ.c **** *
 125:Generated_Source\PSoC4/I2C_SCB_IRQ.c **** * Return:
 126:Generated_Source\PSoC4/I2C_SCB_IRQ.c **** *   None
 127:Generated_Source\PSoC4/I2C_SCB_IRQ.c **** *
 128:Generated_Source\PSoC4/I2C_SCB_IRQ.c **** *******************************************************************************/
 129:Generated_Source\PSoC4/I2C_SCB_IRQ.c **** void I2C_SCB_IRQ_Stop(void)
 130:Generated_Source\PSoC4/I2C_SCB_IRQ.c **** {
 110              		.loc 1 130 0
 111              		.cfi_startproc
 112              		@ args = 0, pretend = 0, frame = 0
 113              		@ frame_needed = 1, uses_anonymous_args = 0
 114 0000 80B5     		push	{r7, lr}
 115              		.cfi_def_cfa_offset 8
 116              		.cfi_offset 7, -8
 117              		.cfi_offset 14, -4
 118 0002 00AF     		add	r7, sp, #0
 119              		.cfi_def_cfa_register 7
 131:Generated_Source\PSoC4/I2C_SCB_IRQ.c ****     /* Disable this interrupt. */
 132:Generated_Source\PSoC4/I2C_SCB_IRQ.c ****     I2C_SCB_IRQ_Disable();
 120              		.loc 1 132 0
 121 0004 FFF7FEFF 		bl	I2C_SCB_IRQ_Disable
 133:Generated_Source\PSoC4/I2C_SCB_IRQ.c **** 
 134:Generated_Source\PSoC4/I2C_SCB_IRQ.c ****     /* Set the ISR to point to the passive one. */
 135:Generated_Source\PSoC4/I2C_SCB_IRQ.c ****     I2C_SCB_IRQ_SetVector(&IntDefaultHandler);
 122              		.loc 1 135 0
 123 0008 034B     		ldr	r3, .L6
 124 000a 1800     		movs	r0, r3
 125 000c FFF7FEFF 		bl	I2C_SCB_IRQ_SetVector
 136:Generated_Source\PSoC4/I2C_SCB_IRQ.c **** }
 126              		.loc 1 136 0
 127 0010 C046     		nop
 128 0012 BD46     		mov	sp, r7
 129              		@ sp needed
 130 0014 80BD     		pop	{r7, pc}
 131              	.L7:
 132 0016 C046     		.align	2
 133              	.L6:
 134 0018 00000000 		.word	IntDefaultHandler
 135              		.cfi_endproc
 136              	.LFE4:
 137              		.size	I2C_SCB_IRQ_Stop, .-I2C_SCB_IRQ_Stop
 138              		.section	.text.I2C_SCB_IRQ_Interrupt,"ax",%progbits
 139              		.align	2
 140              		.global	I2C_SCB_IRQ_Interrupt
 141              		.code	16
 142              		.thumb_func
 143              		.type	I2C_SCB_IRQ_Interrupt, %function
 144              	I2C_SCB_IRQ_Interrupt:
 145              	.LFB5:
 137:Generated_Source\PSoC4/I2C_SCB_IRQ.c **** 
 138:Generated_Source\PSoC4/I2C_SCB_IRQ.c **** 
 139:Generated_Source\PSoC4/I2C_SCB_IRQ.c **** /*******************************************************************************
 140:Generated_Source\PSoC4/I2C_SCB_IRQ.c **** * Function Name: I2C_SCB_IRQ_Interrupt
ARM GAS  C:\Users\hasur\AppData\Local\Temp\ccznSC52.s 			page 6


 141:Generated_Source\PSoC4/I2C_SCB_IRQ.c **** ********************************************************************************
 142:Generated_Source\PSoC4/I2C_SCB_IRQ.c **** *
 143:Generated_Source\PSoC4/I2C_SCB_IRQ.c **** * Summary:
 144:Generated_Source\PSoC4/I2C_SCB_IRQ.c **** *   The default Interrupt Service Routine for I2C_SCB_IRQ.
 145:Generated_Source\PSoC4/I2C_SCB_IRQ.c **** *
 146:Generated_Source\PSoC4/I2C_SCB_IRQ.c **** *   Add custom code between the START and END comments to keep the next version
 147:Generated_Source\PSoC4/I2C_SCB_IRQ.c **** *   of this file from over-writing your code.
 148:Generated_Source\PSoC4/I2C_SCB_IRQ.c **** *
 149:Generated_Source\PSoC4/I2C_SCB_IRQ.c **** *   Note You may use either the default ISR by using this API, or you may define
 150:Generated_Source\PSoC4/I2C_SCB_IRQ.c **** *   your own separate ISR through ISR_StartEx().
 151:Generated_Source\PSoC4/I2C_SCB_IRQ.c **** *
 152:Generated_Source\PSoC4/I2C_SCB_IRQ.c **** * Parameters:  
 153:Generated_Source\PSoC4/I2C_SCB_IRQ.c **** *   None
 154:Generated_Source\PSoC4/I2C_SCB_IRQ.c **** *
 155:Generated_Source\PSoC4/I2C_SCB_IRQ.c **** * Return:
 156:Generated_Source\PSoC4/I2C_SCB_IRQ.c **** *   None
 157:Generated_Source\PSoC4/I2C_SCB_IRQ.c **** *
 158:Generated_Source\PSoC4/I2C_SCB_IRQ.c **** *******************************************************************************/
 159:Generated_Source\PSoC4/I2C_SCB_IRQ.c **** CY_ISR(I2C_SCB_IRQ_Interrupt)
 160:Generated_Source\PSoC4/I2C_SCB_IRQ.c **** {
 146              		.loc 1 160 0
 147              		.cfi_startproc
 148              		@ args = 0, pretend = 0, frame = 0
 149              		@ frame_needed = 1, uses_anonymous_args = 0
 150 0000 80B5     		push	{r7, lr}
 151              		.cfi_def_cfa_offset 8
 152              		.cfi_offset 7, -8
 153              		.cfi_offset 14, -4
 154 0002 00AF     		add	r7, sp, #0
 155              		.cfi_def_cfa_register 7
 161:Generated_Source\PSoC4/I2C_SCB_IRQ.c ****     #ifdef I2C_SCB_IRQ_INTERRUPT_INTERRUPT_CALLBACK
 162:Generated_Source\PSoC4/I2C_SCB_IRQ.c ****         I2C_SCB_IRQ_Interrupt_InterruptCallback();
 163:Generated_Source\PSoC4/I2C_SCB_IRQ.c ****     #endif /* I2C_SCB_IRQ_INTERRUPT_INTERRUPT_CALLBACK */ 
 164:Generated_Source\PSoC4/I2C_SCB_IRQ.c **** 
 165:Generated_Source\PSoC4/I2C_SCB_IRQ.c ****     /*  Place your Interrupt code here. */
 166:Generated_Source\PSoC4/I2C_SCB_IRQ.c ****     /* `#START I2C_SCB_IRQ_Interrupt` */
 167:Generated_Source\PSoC4/I2C_SCB_IRQ.c **** 
 168:Generated_Source\PSoC4/I2C_SCB_IRQ.c ****     /* `#END` */
 169:Generated_Source\PSoC4/I2C_SCB_IRQ.c **** }
 156              		.loc 1 169 0
 157 0004 C046     		nop
 158 0006 BD46     		mov	sp, r7
 159              		@ sp needed
 160 0008 80BD     		pop	{r7, pc}
 161              		.cfi_endproc
 162              	.LFE5:
 163              		.size	I2C_SCB_IRQ_Interrupt, .-I2C_SCB_IRQ_Interrupt
 164              		.section	.text.I2C_SCB_IRQ_SetVector,"ax",%progbits
 165              		.align	2
 166              		.global	I2C_SCB_IRQ_SetVector
 167              		.code	16
 168              		.thumb_func
 169              		.type	I2C_SCB_IRQ_SetVector, %function
 170              	I2C_SCB_IRQ_SetVector:
 171              	.LFB6:
 170:Generated_Source\PSoC4/I2C_SCB_IRQ.c **** 
 171:Generated_Source\PSoC4/I2C_SCB_IRQ.c **** 
ARM GAS  C:\Users\hasur\AppData\Local\Temp\ccznSC52.s 			page 7


 172:Generated_Source\PSoC4/I2C_SCB_IRQ.c **** /*******************************************************************************
 173:Generated_Source\PSoC4/I2C_SCB_IRQ.c **** * Function Name: I2C_SCB_IRQ_SetVector
 174:Generated_Source\PSoC4/I2C_SCB_IRQ.c **** ********************************************************************************
 175:Generated_Source\PSoC4/I2C_SCB_IRQ.c **** *
 176:Generated_Source\PSoC4/I2C_SCB_IRQ.c **** * Summary:
 177:Generated_Source\PSoC4/I2C_SCB_IRQ.c **** *   Change the ISR vector for the Interrupt. Note calling I2C_SCB_IRQ_Start
 178:Generated_Source\PSoC4/I2C_SCB_IRQ.c **** *   will override any effect this method would have had. To set the vector 
 179:Generated_Source\PSoC4/I2C_SCB_IRQ.c **** *   before the component has been started use I2C_SCB_IRQ_StartEx instead.
 180:Generated_Source\PSoC4/I2C_SCB_IRQ.c **** * 
 181:Generated_Source\PSoC4/I2C_SCB_IRQ.c **** *   When defining ISR functions, the CY_ISR and CY_ISR_PROTO macros should be 
 182:Generated_Source\PSoC4/I2C_SCB_IRQ.c **** *   used to provide consistent definition across compilers:
 183:Generated_Source\PSoC4/I2C_SCB_IRQ.c **** *
 184:Generated_Source\PSoC4/I2C_SCB_IRQ.c **** *   Function definition example:
 185:Generated_Source\PSoC4/I2C_SCB_IRQ.c **** *   CY_ISR(MyISR)
 186:Generated_Source\PSoC4/I2C_SCB_IRQ.c **** *   {
 187:Generated_Source\PSoC4/I2C_SCB_IRQ.c **** *   }
 188:Generated_Source\PSoC4/I2C_SCB_IRQ.c **** *
 189:Generated_Source\PSoC4/I2C_SCB_IRQ.c **** *   Function prototype example:
 190:Generated_Source\PSoC4/I2C_SCB_IRQ.c **** *     CY_ISR_PROTO(MyISR);
 191:Generated_Source\PSoC4/I2C_SCB_IRQ.c **** *
 192:Generated_Source\PSoC4/I2C_SCB_IRQ.c **** * Parameters:
 193:Generated_Source\PSoC4/I2C_SCB_IRQ.c **** *   address: Address of the ISR to set in the interrupt vector table.
 194:Generated_Source\PSoC4/I2C_SCB_IRQ.c **** *
 195:Generated_Source\PSoC4/I2C_SCB_IRQ.c **** * Return:
 196:Generated_Source\PSoC4/I2C_SCB_IRQ.c **** *   None
 197:Generated_Source\PSoC4/I2C_SCB_IRQ.c **** *
 198:Generated_Source\PSoC4/I2C_SCB_IRQ.c **** *******************************************************************************/
 199:Generated_Source\PSoC4/I2C_SCB_IRQ.c **** void I2C_SCB_IRQ_SetVector(cyisraddress address)
 200:Generated_Source\PSoC4/I2C_SCB_IRQ.c **** {
 172              		.loc 1 200 0
 173              		.cfi_startproc
 174              		@ args = 0, pretend = 0, frame = 8
 175              		@ frame_needed = 1, uses_anonymous_args = 0
 176 0000 80B5     		push	{r7, lr}
 177              		.cfi_def_cfa_offset 8
 178              		.cfi_offset 7, -8
 179              		.cfi_offset 14, -4
 180 0002 82B0     		sub	sp, sp, #8
 181              		.cfi_def_cfa_offset 16
 182 0004 00AF     		add	r7, sp, #0
 183              		.cfi_def_cfa_register 7
 184 0006 7860     		str	r0, [r7, #4]
 201:Generated_Source\PSoC4/I2C_SCB_IRQ.c ****     CyRamVectors[CYINT_IRQ_BASE + I2C_SCB_IRQ__INTC_NUMBER] = address;
 185              		.loc 1 201 0
 186 0008 034B     		ldr	r3, .L10
 187 000a 7A68     		ldr	r2, [r7, #4]
 188 000c 5A66     		str	r2, [r3, #100]
 202:Generated_Source\PSoC4/I2C_SCB_IRQ.c **** }
 189              		.loc 1 202 0
 190 000e C046     		nop
 191 0010 BD46     		mov	sp, r7
 192 0012 02B0     		add	sp, sp, #8
 193              		@ sp needed
 194 0014 80BD     		pop	{r7, pc}
 195              	.L11:
 196 0016 C046     		.align	2
 197              	.L10:
ARM GAS  C:\Users\hasur\AppData\Local\Temp\ccznSC52.s 			page 8


 198 0018 00000000 		.word	CyRamVectors
 199              		.cfi_endproc
 200              	.LFE6:
 201              		.size	I2C_SCB_IRQ_SetVector, .-I2C_SCB_IRQ_SetVector
 202              		.section	.text.I2C_SCB_IRQ_GetVector,"ax",%progbits
 203              		.align	2
 204              		.global	I2C_SCB_IRQ_GetVector
 205              		.code	16
 206              		.thumb_func
 207              		.type	I2C_SCB_IRQ_GetVector, %function
 208              	I2C_SCB_IRQ_GetVector:
 209              	.LFB7:
 203:Generated_Source\PSoC4/I2C_SCB_IRQ.c **** 
 204:Generated_Source\PSoC4/I2C_SCB_IRQ.c **** 
 205:Generated_Source\PSoC4/I2C_SCB_IRQ.c **** /*******************************************************************************
 206:Generated_Source\PSoC4/I2C_SCB_IRQ.c **** * Function Name: I2C_SCB_IRQ_GetVector
 207:Generated_Source\PSoC4/I2C_SCB_IRQ.c **** ********************************************************************************
 208:Generated_Source\PSoC4/I2C_SCB_IRQ.c **** *
 209:Generated_Source\PSoC4/I2C_SCB_IRQ.c **** * Summary:
 210:Generated_Source\PSoC4/I2C_SCB_IRQ.c **** *   Gets the "address" of the current ISR vector for the Interrupt.
 211:Generated_Source\PSoC4/I2C_SCB_IRQ.c **** *
 212:Generated_Source\PSoC4/I2C_SCB_IRQ.c **** * Parameters:
 213:Generated_Source\PSoC4/I2C_SCB_IRQ.c **** *   None
 214:Generated_Source\PSoC4/I2C_SCB_IRQ.c **** *
 215:Generated_Source\PSoC4/I2C_SCB_IRQ.c **** * Return:
 216:Generated_Source\PSoC4/I2C_SCB_IRQ.c **** *   Address of the ISR in the interrupt vector table.
 217:Generated_Source\PSoC4/I2C_SCB_IRQ.c **** *
 218:Generated_Source\PSoC4/I2C_SCB_IRQ.c **** *******************************************************************************/
 219:Generated_Source\PSoC4/I2C_SCB_IRQ.c **** cyisraddress I2C_SCB_IRQ_GetVector(void)
 220:Generated_Source\PSoC4/I2C_SCB_IRQ.c **** {
 210              		.loc 1 220 0
 211              		.cfi_startproc
 212              		@ args = 0, pretend = 0, frame = 0
 213              		@ frame_needed = 1, uses_anonymous_args = 0
 214 0000 80B5     		push	{r7, lr}
 215              		.cfi_def_cfa_offset 8
 216              		.cfi_offset 7, -8
 217              		.cfi_offset 14, -4
 218 0002 00AF     		add	r7, sp, #0
 219              		.cfi_def_cfa_register 7
 221:Generated_Source\PSoC4/I2C_SCB_IRQ.c ****     return CyRamVectors[CYINT_IRQ_BASE + I2C_SCB_IRQ__INTC_NUMBER];
 220              		.loc 1 221 0
 221 0004 024B     		ldr	r3, .L14
 222 0006 5B6E     		ldr	r3, [r3, #100]
 222:Generated_Source\PSoC4/I2C_SCB_IRQ.c **** }
 223              		.loc 1 222 0
 224 0008 1800     		movs	r0, r3
 225 000a BD46     		mov	sp, r7
 226              		@ sp needed
 227 000c 80BD     		pop	{r7, pc}
 228              	.L15:
 229 000e C046     		.align	2
 230              	.L14:
 231 0010 00000000 		.word	CyRamVectors
 232              		.cfi_endproc
 233              	.LFE7:
 234              		.size	I2C_SCB_IRQ_GetVector, .-I2C_SCB_IRQ_GetVector
ARM GAS  C:\Users\hasur\AppData\Local\Temp\ccznSC52.s 			page 9


 235              		.section	.text.I2C_SCB_IRQ_SetPriority,"ax",%progbits
 236              		.align	2
 237              		.global	I2C_SCB_IRQ_SetPriority
 238              		.code	16
 239              		.thumb_func
 240              		.type	I2C_SCB_IRQ_SetPriority, %function
 241              	I2C_SCB_IRQ_SetPriority:
 242              	.LFB8:
 223:Generated_Source\PSoC4/I2C_SCB_IRQ.c **** 
 224:Generated_Source\PSoC4/I2C_SCB_IRQ.c **** 
 225:Generated_Source\PSoC4/I2C_SCB_IRQ.c **** /*******************************************************************************
 226:Generated_Source\PSoC4/I2C_SCB_IRQ.c **** * Function Name: I2C_SCB_IRQ_SetPriority
 227:Generated_Source\PSoC4/I2C_SCB_IRQ.c **** ********************************************************************************
 228:Generated_Source\PSoC4/I2C_SCB_IRQ.c **** *
 229:Generated_Source\PSoC4/I2C_SCB_IRQ.c **** * Summary:
 230:Generated_Source\PSoC4/I2C_SCB_IRQ.c **** *   Sets the Priority of the Interrupt. 
 231:Generated_Source\PSoC4/I2C_SCB_IRQ.c **** *
 232:Generated_Source\PSoC4/I2C_SCB_IRQ.c **** *   Note calling I2C_SCB_IRQ_Start or I2C_SCB_IRQ_StartEx will 
 233:Generated_Source\PSoC4/I2C_SCB_IRQ.c **** *   override any effect this API would have had. This API should only be called
 234:Generated_Source\PSoC4/I2C_SCB_IRQ.c **** *   after I2C_SCB_IRQ_Start or I2C_SCB_IRQ_StartEx has been called. 
 235:Generated_Source\PSoC4/I2C_SCB_IRQ.c **** *   To set the initial priority for the component, use the Design-Wide Resources
 236:Generated_Source\PSoC4/I2C_SCB_IRQ.c **** *   Interrupt Editor.
 237:Generated_Source\PSoC4/I2C_SCB_IRQ.c **** *
 238:Generated_Source\PSoC4/I2C_SCB_IRQ.c **** *   Note This API has no effect on Non-maskable interrupt NMI).
 239:Generated_Source\PSoC4/I2C_SCB_IRQ.c **** *
 240:Generated_Source\PSoC4/I2C_SCB_IRQ.c **** * Parameters:
 241:Generated_Source\PSoC4/I2C_SCB_IRQ.c **** *   priority: Priority of the interrupt, 0 being the highest priority
 242:Generated_Source\PSoC4/I2C_SCB_IRQ.c **** *             PSoC 3 and PSoC 5LP: Priority is from 0 to 7.
 243:Generated_Source\PSoC4/I2C_SCB_IRQ.c **** *             PSoC 4: Priority is from 0 to 3.
 244:Generated_Source\PSoC4/I2C_SCB_IRQ.c **** *
 245:Generated_Source\PSoC4/I2C_SCB_IRQ.c **** * Return:
 246:Generated_Source\PSoC4/I2C_SCB_IRQ.c **** *   None
 247:Generated_Source\PSoC4/I2C_SCB_IRQ.c **** *
 248:Generated_Source\PSoC4/I2C_SCB_IRQ.c **** *******************************************************************************/
 249:Generated_Source\PSoC4/I2C_SCB_IRQ.c **** void I2C_SCB_IRQ_SetPriority(uint8 priority)
 250:Generated_Source\PSoC4/I2C_SCB_IRQ.c **** {
 243              		.loc 1 250 0
 244              		.cfi_startproc
 245              		@ args = 0, pretend = 0, frame = 16
 246              		@ frame_needed = 1, uses_anonymous_args = 0
 247 0000 90B5     		push	{r4, r7, lr}
 248              		.cfi_def_cfa_offset 12
 249              		.cfi_offset 4, -12
 250              		.cfi_offset 7, -8
 251              		.cfi_offset 14, -4
 252 0002 85B0     		sub	sp, sp, #20
 253              		.cfi_def_cfa_offset 32
 254 0004 00AF     		add	r7, sp, #0
 255              		.cfi_def_cfa_register 7
 256 0006 0200     		movs	r2, r0
 257 0008 FB1D     		adds	r3, r7, #7
 258 000a 1A70     		strb	r2, [r3]
 251:Generated_Source\PSoC4/I2C_SCB_IRQ.c **** 	uint8 interruptState;
 252:Generated_Source\PSoC4/I2C_SCB_IRQ.c ****     uint32 priorityOffset = ((I2C_SCB_IRQ__INTC_NUMBER % 4u) * 8u) + 6u;
 259              		.loc 1 252 0
 260 000c 0E23     		movs	r3, #14
 261 000e FB60     		str	r3, [r7, #12]
ARM GAS  C:\Users\hasur\AppData\Local\Temp\ccznSC52.s 			page 10


 253:Generated_Source\PSoC4/I2C_SCB_IRQ.c ****     
 254:Generated_Source\PSoC4/I2C_SCB_IRQ.c **** 	interruptState = CyEnterCriticalSection();
 262              		.loc 1 254 0
 263 0010 0B23     		movs	r3, #11
 264 0012 FC18     		adds	r4, r7, r3
 265 0014 FFF7FEFF 		bl	CyEnterCriticalSection
 266 0018 0300     		movs	r3, r0
 267 001a 2370     		strb	r3, [r4]
 255:Generated_Source\PSoC4/I2C_SCB_IRQ.c ****     *I2C_SCB_IRQ_INTC_PRIOR = (*I2C_SCB_IRQ_INTC_PRIOR & (uint32)(~I2C_SCB_IRQ__INTC_PRIOR_MASK)) |
 268              		.loc 1 255 0
 269 001c 0A4B     		ldr	r3, .L17
 270 001e 0A4A     		ldr	r2, .L17
 271 0020 1268     		ldr	r2, [r2]
 272 0022 0A49     		ldr	r1, .L17+4
 273 0024 1140     		ands	r1, r2
 256:Generated_Source\PSoC4/I2C_SCB_IRQ.c ****                                     ((uint32)priority << priorityOffset);
 274              		.loc 1 256 0
 275 0026 FA1D     		adds	r2, r7, #7
 276 0028 1078     		ldrb	r0, [r2]
 277 002a FA68     		ldr	r2, [r7, #12]
 278 002c 9040     		lsls	r0, r0, r2
 279 002e 0200     		movs	r2, r0
 255:Generated_Source\PSoC4/I2C_SCB_IRQ.c ****     *I2C_SCB_IRQ_INTC_PRIOR = (*I2C_SCB_IRQ_INTC_PRIOR & (uint32)(~I2C_SCB_IRQ__INTC_PRIOR_MASK)) |
 280              		.loc 1 255 0
 281 0030 0A43     		orrs	r2, r1
 282 0032 1A60     		str	r2, [r3]
 257:Generated_Source\PSoC4/I2C_SCB_IRQ.c **** 	CyExitCriticalSection(interruptState);
 283              		.loc 1 257 0
 284 0034 0B23     		movs	r3, #11
 285 0036 FB18     		adds	r3, r7, r3
 286 0038 1B78     		ldrb	r3, [r3]
 287 003a 1800     		movs	r0, r3
 288 003c FFF7FEFF 		bl	CyExitCriticalSection
 258:Generated_Source\PSoC4/I2C_SCB_IRQ.c **** }
 289              		.loc 1 258 0
 290 0040 C046     		nop
 291 0042 BD46     		mov	sp, r7
 292 0044 05B0     		add	sp, sp, #20
 293              		@ sp needed
 294 0046 90BD     		pop	{r4, r7, pc}
 295              	.L18:
 296              		.align	2
 297              	.L17:
 298 0048 08E400E0 		.word	-536812536
 299 004c FF3FFFFF 		.word	-49153
 300              		.cfi_endproc
 301              	.LFE8:
 302              		.size	I2C_SCB_IRQ_SetPriority, .-I2C_SCB_IRQ_SetPriority
 303              		.section	.text.I2C_SCB_IRQ_GetPriority,"ax",%progbits
 304              		.align	2
 305              		.global	I2C_SCB_IRQ_GetPriority
 306              		.code	16
 307              		.thumb_func
 308              		.type	I2C_SCB_IRQ_GetPriority, %function
 309              	I2C_SCB_IRQ_GetPriority:
 310              	.LFB9:
 259:Generated_Source\PSoC4/I2C_SCB_IRQ.c **** 
ARM GAS  C:\Users\hasur\AppData\Local\Temp\ccznSC52.s 			page 11


 260:Generated_Source\PSoC4/I2C_SCB_IRQ.c **** 
 261:Generated_Source\PSoC4/I2C_SCB_IRQ.c **** /*******************************************************************************
 262:Generated_Source\PSoC4/I2C_SCB_IRQ.c **** * Function Name: I2C_SCB_IRQ_GetPriority
 263:Generated_Source\PSoC4/I2C_SCB_IRQ.c **** ********************************************************************************
 264:Generated_Source\PSoC4/I2C_SCB_IRQ.c **** *
 265:Generated_Source\PSoC4/I2C_SCB_IRQ.c **** * Summary:
 266:Generated_Source\PSoC4/I2C_SCB_IRQ.c **** *   Gets the Priority of the Interrupt.
 267:Generated_Source\PSoC4/I2C_SCB_IRQ.c **** *
 268:Generated_Source\PSoC4/I2C_SCB_IRQ.c **** * Parameters:
 269:Generated_Source\PSoC4/I2C_SCB_IRQ.c **** *   None
 270:Generated_Source\PSoC4/I2C_SCB_IRQ.c **** *
 271:Generated_Source\PSoC4/I2C_SCB_IRQ.c **** * Return:
 272:Generated_Source\PSoC4/I2C_SCB_IRQ.c **** *   Priority of the interrupt, 0 being the highest priority
 273:Generated_Source\PSoC4/I2C_SCB_IRQ.c **** *    PSoC 3 and PSoC 5LP: Priority is from 0 to 7.
 274:Generated_Source\PSoC4/I2C_SCB_IRQ.c **** *    PSoC 4: Priority is from 0 to 3.
 275:Generated_Source\PSoC4/I2C_SCB_IRQ.c **** *
 276:Generated_Source\PSoC4/I2C_SCB_IRQ.c **** *******************************************************************************/
 277:Generated_Source\PSoC4/I2C_SCB_IRQ.c **** uint8 I2C_SCB_IRQ_GetPriority(void)
 278:Generated_Source\PSoC4/I2C_SCB_IRQ.c **** {
 311              		.loc 1 278 0
 312              		.cfi_startproc
 313              		@ args = 0, pretend = 0, frame = 8
 314              		@ frame_needed = 1, uses_anonymous_args = 0
 315 0000 80B5     		push	{r7, lr}
 316              		.cfi_def_cfa_offset 8
 317              		.cfi_offset 7, -8
 318              		.cfi_offset 14, -4
 319 0002 82B0     		sub	sp, sp, #8
 320              		.cfi_def_cfa_offset 16
 321 0004 00AF     		add	r7, sp, #0
 322              		.cfi_def_cfa_register 7
 279:Generated_Source\PSoC4/I2C_SCB_IRQ.c ****     uint32 priority;
 280:Generated_Source\PSoC4/I2C_SCB_IRQ.c **** 	uint32 priorityOffset = ((I2C_SCB_IRQ__INTC_NUMBER % 4u) * 8u) + 6u;
 323              		.loc 1 280 0
 324 0006 0E23     		movs	r3, #14
 325 0008 7B60     		str	r3, [r7, #4]
 281:Generated_Source\PSoC4/I2C_SCB_IRQ.c **** 
 282:Generated_Source\PSoC4/I2C_SCB_IRQ.c ****     priority = (*I2C_SCB_IRQ_INTC_PRIOR & I2C_SCB_IRQ__INTC_PRIOR_MASK) >> priorityOffset;
 326              		.loc 1 282 0
 327 000a 074B     		ldr	r3, .L21
 328 000c 1A68     		ldr	r2, [r3]
 329 000e C023     		movs	r3, #192
 330 0010 1B02     		lsls	r3, r3, #8
 331 0012 1A40     		ands	r2, r3
 332 0014 7B68     		ldr	r3, [r7, #4]
 333 0016 DA40     		lsrs	r2, r2, r3
 334 0018 1300     		movs	r3, r2
 335 001a 3B60     		str	r3, [r7]
 283:Generated_Source\PSoC4/I2C_SCB_IRQ.c **** 
 284:Generated_Source\PSoC4/I2C_SCB_IRQ.c ****     return (uint8)priority;
 336              		.loc 1 284 0
 337 001c 3B68     		ldr	r3, [r7]
 338 001e DBB2     		uxtb	r3, r3
 285:Generated_Source\PSoC4/I2C_SCB_IRQ.c **** }
 339              		.loc 1 285 0
 340 0020 1800     		movs	r0, r3
 341 0022 BD46     		mov	sp, r7
ARM GAS  C:\Users\hasur\AppData\Local\Temp\ccznSC52.s 			page 12


 342 0024 02B0     		add	sp, sp, #8
 343              		@ sp needed
 344 0026 80BD     		pop	{r7, pc}
 345              	.L22:
 346              		.align	2
 347              	.L21:
 348 0028 08E400E0 		.word	-536812536
 349              		.cfi_endproc
 350              	.LFE9:
 351              		.size	I2C_SCB_IRQ_GetPriority, .-I2C_SCB_IRQ_GetPriority
 352              		.section	.text.I2C_SCB_IRQ_Enable,"ax",%progbits
 353              		.align	2
 354              		.global	I2C_SCB_IRQ_Enable
 355              		.code	16
 356              		.thumb_func
 357              		.type	I2C_SCB_IRQ_Enable, %function
 358              	I2C_SCB_IRQ_Enable:
 359              	.LFB10:
 286:Generated_Source\PSoC4/I2C_SCB_IRQ.c **** 
 287:Generated_Source\PSoC4/I2C_SCB_IRQ.c **** 
 288:Generated_Source\PSoC4/I2C_SCB_IRQ.c **** /*******************************************************************************
 289:Generated_Source\PSoC4/I2C_SCB_IRQ.c **** * Function Name: I2C_SCB_IRQ_Enable
 290:Generated_Source\PSoC4/I2C_SCB_IRQ.c **** ********************************************************************************
 291:Generated_Source\PSoC4/I2C_SCB_IRQ.c **** *
 292:Generated_Source\PSoC4/I2C_SCB_IRQ.c **** * Summary:
 293:Generated_Source\PSoC4/I2C_SCB_IRQ.c **** *   Enables the interrupt to the interrupt controller. Do not call this function
 294:Generated_Source\PSoC4/I2C_SCB_IRQ.c **** *   unless ISR_Start() has been called or the functionality of the ISR_Start() 
 295:Generated_Source\PSoC4/I2C_SCB_IRQ.c **** *   function, which sets the vector and the priority, has been called.
 296:Generated_Source\PSoC4/I2C_SCB_IRQ.c **** *
 297:Generated_Source\PSoC4/I2C_SCB_IRQ.c **** * Parameters:
 298:Generated_Source\PSoC4/I2C_SCB_IRQ.c **** *   None
 299:Generated_Source\PSoC4/I2C_SCB_IRQ.c **** *
 300:Generated_Source\PSoC4/I2C_SCB_IRQ.c **** * Return:
 301:Generated_Source\PSoC4/I2C_SCB_IRQ.c **** *   None
 302:Generated_Source\PSoC4/I2C_SCB_IRQ.c **** *
 303:Generated_Source\PSoC4/I2C_SCB_IRQ.c **** *******************************************************************************/
 304:Generated_Source\PSoC4/I2C_SCB_IRQ.c **** void I2C_SCB_IRQ_Enable(void)
 305:Generated_Source\PSoC4/I2C_SCB_IRQ.c **** {
 360              		.loc 1 305 0
 361              		.cfi_startproc
 362              		@ args = 0, pretend = 0, frame = 0
 363              		@ frame_needed = 1, uses_anonymous_args = 0
 364 0000 80B5     		push	{r7, lr}
 365              		.cfi_def_cfa_offset 8
 366              		.cfi_offset 7, -8
 367              		.cfi_offset 14, -4
 368 0002 00AF     		add	r7, sp, #0
 369              		.cfi_def_cfa_register 7
 306:Generated_Source\PSoC4/I2C_SCB_IRQ.c ****     /* Enable the general interrupt. */
 307:Generated_Source\PSoC4/I2C_SCB_IRQ.c ****     *I2C_SCB_IRQ_INTC_SET_EN = I2C_SCB_IRQ__INTC_MASK;
 370              		.loc 1 307 0
 371 0004 034B     		ldr	r3, .L24
 372 0006 8022     		movs	r2, #128
 373 0008 9200     		lsls	r2, r2, #2
 374 000a 1A60     		str	r2, [r3]
 308:Generated_Source\PSoC4/I2C_SCB_IRQ.c **** }
 375              		.loc 1 308 0
ARM GAS  C:\Users\hasur\AppData\Local\Temp\ccznSC52.s 			page 13


 376 000c C046     		nop
 377 000e BD46     		mov	sp, r7
 378              		@ sp needed
 379 0010 80BD     		pop	{r7, pc}
 380              	.L25:
 381 0012 C046     		.align	2
 382              	.L24:
 383 0014 00E100E0 		.word	-536813312
 384              		.cfi_endproc
 385              	.LFE10:
 386              		.size	I2C_SCB_IRQ_Enable, .-I2C_SCB_IRQ_Enable
 387              		.section	.text.I2C_SCB_IRQ_GetState,"ax",%progbits
 388              		.align	2
 389              		.global	I2C_SCB_IRQ_GetState
 390              		.code	16
 391              		.thumb_func
 392              		.type	I2C_SCB_IRQ_GetState, %function
 393              	I2C_SCB_IRQ_GetState:
 394              	.LFB11:
 309:Generated_Source\PSoC4/I2C_SCB_IRQ.c **** 
 310:Generated_Source\PSoC4/I2C_SCB_IRQ.c **** 
 311:Generated_Source\PSoC4/I2C_SCB_IRQ.c **** /*******************************************************************************
 312:Generated_Source\PSoC4/I2C_SCB_IRQ.c **** * Function Name: I2C_SCB_IRQ_GetState
 313:Generated_Source\PSoC4/I2C_SCB_IRQ.c **** ********************************************************************************
 314:Generated_Source\PSoC4/I2C_SCB_IRQ.c **** *
 315:Generated_Source\PSoC4/I2C_SCB_IRQ.c **** * Summary:
 316:Generated_Source\PSoC4/I2C_SCB_IRQ.c **** *   Gets the state (enabled, disabled) of the Interrupt.
 317:Generated_Source\PSoC4/I2C_SCB_IRQ.c **** *
 318:Generated_Source\PSoC4/I2C_SCB_IRQ.c **** * Parameters:
 319:Generated_Source\PSoC4/I2C_SCB_IRQ.c **** *   None
 320:Generated_Source\PSoC4/I2C_SCB_IRQ.c **** *
 321:Generated_Source\PSoC4/I2C_SCB_IRQ.c **** * Return:
 322:Generated_Source\PSoC4/I2C_SCB_IRQ.c **** *   1 if enabled, 0 if disabled.
 323:Generated_Source\PSoC4/I2C_SCB_IRQ.c **** *
 324:Generated_Source\PSoC4/I2C_SCB_IRQ.c **** *******************************************************************************/
 325:Generated_Source\PSoC4/I2C_SCB_IRQ.c **** uint8 I2C_SCB_IRQ_GetState(void)
 326:Generated_Source\PSoC4/I2C_SCB_IRQ.c **** {
 395              		.loc 1 326 0
 396              		.cfi_startproc
 397              		@ args = 0, pretend = 0, frame = 0
 398              		@ frame_needed = 1, uses_anonymous_args = 0
 399 0000 80B5     		push	{r7, lr}
 400              		.cfi_def_cfa_offset 8
 401              		.cfi_offset 7, -8
 402              		.cfi_offset 14, -4
 403 0002 00AF     		add	r7, sp, #0
 404              		.cfi_def_cfa_register 7
 327:Generated_Source\PSoC4/I2C_SCB_IRQ.c ****     /* Get the state of the general interrupt. */
 328:Generated_Source\PSoC4/I2C_SCB_IRQ.c ****     return ((*I2C_SCB_IRQ_INTC_SET_EN & (uint32)I2C_SCB_IRQ__INTC_MASK) != 0u) ? 1u:0u;
 405              		.loc 1 328 0
 406 0004 054B     		ldr	r3, .L30
 407 0006 1A68     		ldr	r2, [r3]
 408 0008 8023     		movs	r3, #128
 409 000a 9B00     		lsls	r3, r3, #2
 410 000c 1340     		ands	r3, r2
 411 000e 01D0     		beq	.L27
 412              		.loc 1 328 0 is_stmt 0 discriminator 1
ARM GAS  C:\Users\hasur\AppData\Local\Temp\ccznSC52.s 			page 14


 413 0010 0123     		movs	r3, #1
 414 0012 00E0     		b	.L28
 415              	.L27:
 416              		.loc 1 328 0 discriminator 2
 417 0014 0023     		movs	r3, #0
 418              	.L28:
 329:Generated_Source\PSoC4/I2C_SCB_IRQ.c **** }
 419              		.loc 1 329 0 is_stmt 1 discriminator 4
 420 0016 1800     		movs	r0, r3
 421 0018 BD46     		mov	sp, r7
 422              		@ sp needed
 423 001a 80BD     		pop	{r7, pc}
 424              	.L31:
 425              		.align	2
 426              	.L30:
 427 001c 00E100E0 		.word	-536813312
 428              		.cfi_endproc
 429              	.LFE11:
 430              		.size	I2C_SCB_IRQ_GetState, .-I2C_SCB_IRQ_GetState
 431              		.section	.text.I2C_SCB_IRQ_Disable,"ax",%progbits
 432              		.align	2
 433              		.global	I2C_SCB_IRQ_Disable
 434              		.code	16
 435              		.thumb_func
 436              		.type	I2C_SCB_IRQ_Disable, %function
 437              	I2C_SCB_IRQ_Disable:
 438              	.LFB12:
 330:Generated_Source\PSoC4/I2C_SCB_IRQ.c **** 
 331:Generated_Source\PSoC4/I2C_SCB_IRQ.c **** 
 332:Generated_Source\PSoC4/I2C_SCB_IRQ.c **** /*******************************************************************************
 333:Generated_Source\PSoC4/I2C_SCB_IRQ.c **** * Function Name: I2C_SCB_IRQ_Disable
 334:Generated_Source\PSoC4/I2C_SCB_IRQ.c **** ********************************************************************************
 335:Generated_Source\PSoC4/I2C_SCB_IRQ.c **** *
 336:Generated_Source\PSoC4/I2C_SCB_IRQ.c **** * Summary:
 337:Generated_Source\PSoC4/I2C_SCB_IRQ.c **** *   Disables the Interrupt in the interrupt controller.
 338:Generated_Source\PSoC4/I2C_SCB_IRQ.c **** *
 339:Generated_Source\PSoC4/I2C_SCB_IRQ.c **** * Parameters:
 340:Generated_Source\PSoC4/I2C_SCB_IRQ.c **** *   None
 341:Generated_Source\PSoC4/I2C_SCB_IRQ.c **** *
 342:Generated_Source\PSoC4/I2C_SCB_IRQ.c **** * Return:
 343:Generated_Source\PSoC4/I2C_SCB_IRQ.c **** *   None
 344:Generated_Source\PSoC4/I2C_SCB_IRQ.c **** *
 345:Generated_Source\PSoC4/I2C_SCB_IRQ.c **** *******************************************************************************/
 346:Generated_Source\PSoC4/I2C_SCB_IRQ.c **** void I2C_SCB_IRQ_Disable(void)
 347:Generated_Source\PSoC4/I2C_SCB_IRQ.c **** {
 439              		.loc 1 347 0
 440              		.cfi_startproc
 441              		@ args = 0, pretend = 0, frame = 0
 442              		@ frame_needed = 1, uses_anonymous_args = 0
 443 0000 80B5     		push	{r7, lr}
 444              		.cfi_def_cfa_offset 8
 445              		.cfi_offset 7, -8
 446              		.cfi_offset 14, -4
 447 0002 00AF     		add	r7, sp, #0
 448              		.cfi_def_cfa_register 7
 348:Generated_Source\PSoC4/I2C_SCB_IRQ.c ****     /* Disable the general interrupt. */
 349:Generated_Source\PSoC4/I2C_SCB_IRQ.c ****     *I2C_SCB_IRQ_INTC_CLR_EN = I2C_SCB_IRQ__INTC_MASK;
ARM GAS  C:\Users\hasur\AppData\Local\Temp\ccznSC52.s 			page 15


 449              		.loc 1 349 0
 450 0004 034B     		ldr	r3, .L33
 451 0006 8022     		movs	r2, #128
 452 0008 9200     		lsls	r2, r2, #2
 453 000a 1A60     		str	r2, [r3]
 350:Generated_Source\PSoC4/I2C_SCB_IRQ.c **** }
 454              		.loc 1 350 0
 455 000c C046     		nop
 456 000e BD46     		mov	sp, r7
 457              		@ sp needed
 458 0010 80BD     		pop	{r7, pc}
 459              	.L34:
 460 0012 C046     		.align	2
 461              	.L33:
 462 0014 80E100E0 		.word	-536813184
 463              		.cfi_endproc
 464              	.LFE12:
 465              		.size	I2C_SCB_IRQ_Disable, .-I2C_SCB_IRQ_Disable
 466              		.section	.text.I2C_SCB_IRQ_SetPending,"ax",%progbits
 467              		.align	2
 468              		.global	I2C_SCB_IRQ_SetPending
 469              		.code	16
 470              		.thumb_func
 471              		.type	I2C_SCB_IRQ_SetPending, %function
 472              	I2C_SCB_IRQ_SetPending:
 473              	.LFB13:
 351:Generated_Source\PSoC4/I2C_SCB_IRQ.c **** 
 352:Generated_Source\PSoC4/I2C_SCB_IRQ.c **** 
 353:Generated_Source\PSoC4/I2C_SCB_IRQ.c **** /*******************************************************************************
 354:Generated_Source\PSoC4/I2C_SCB_IRQ.c **** * Function Name: I2C_SCB_IRQ_SetPending
 355:Generated_Source\PSoC4/I2C_SCB_IRQ.c **** ********************************************************************************
 356:Generated_Source\PSoC4/I2C_SCB_IRQ.c **** *
 357:Generated_Source\PSoC4/I2C_SCB_IRQ.c **** * Summary:
 358:Generated_Source\PSoC4/I2C_SCB_IRQ.c **** *   Causes the Interrupt to enter the pending state, a software method of
 359:Generated_Source\PSoC4/I2C_SCB_IRQ.c **** *   generating the interrupt.
 360:Generated_Source\PSoC4/I2C_SCB_IRQ.c **** *
 361:Generated_Source\PSoC4/I2C_SCB_IRQ.c **** * Parameters:
 362:Generated_Source\PSoC4/I2C_SCB_IRQ.c **** *   None
 363:Generated_Source\PSoC4/I2C_SCB_IRQ.c **** *
 364:Generated_Source\PSoC4/I2C_SCB_IRQ.c **** * Return:
 365:Generated_Source\PSoC4/I2C_SCB_IRQ.c **** *   None
 366:Generated_Source\PSoC4/I2C_SCB_IRQ.c **** *
 367:Generated_Source\PSoC4/I2C_SCB_IRQ.c **** * Side Effects:
 368:Generated_Source\PSoC4/I2C_SCB_IRQ.c **** *   If interrupts are enabled and the interrupt is set up properly, the ISR is
 369:Generated_Source\PSoC4/I2C_SCB_IRQ.c **** *   entered (depending on the priority of this interrupt and other pending 
 370:Generated_Source\PSoC4/I2C_SCB_IRQ.c **** *   interrupts).
 371:Generated_Source\PSoC4/I2C_SCB_IRQ.c **** *
 372:Generated_Source\PSoC4/I2C_SCB_IRQ.c **** *******************************************************************************/
 373:Generated_Source\PSoC4/I2C_SCB_IRQ.c **** void I2C_SCB_IRQ_SetPending(void)
 374:Generated_Source\PSoC4/I2C_SCB_IRQ.c **** {
 474              		.loc 1 374 0
 475              		.cfi_startproc
 476              		@ args = 0, pretend = 0, frame = 0
 477              		@ frame_needed = 1, uses_anonymous_args = 0
 478 0000 80B5     		push	{r7, lr}
 479              		.cfi_def_cfa_offset 8
 480              		.cfi_offset 7, -8
ARM GAS  C:\Users\hasur\AppData\Local\Temp\ccznSC52.s 			page 16


 481              		.cfi_offset 14, -4
 482 0002 00AF     		add	r7, sp, #0
 483              		.cfi_def_cfa_register 7
 375:Generated_Source\PSoC4/I2C_SCB_IRQ.c ****     *I2C_SCB_IRQ_INTC_SET_PD = I2C_SCB_IRQ__INTC_MASK;
 484              		.loc 1 375 0
 485 0004 034B     		ldr	r3, .L36
 486 0006 8022     		movs	r2, #128
 487 0008 9200     		lsls	r2, r2, #2
 488 000a 1A60     		str	r2, [r3]
 376:Generated_Source\PSoC4/I2C_SCB_IRQ.c **** }
 489              		.loc 1 376 0
 490 000c C046     		nop
 491 000e BD46     		mov	sp, r7
 492              		@ sp needed
 493 0010 80BD     		pop	{r7, pc}
 494              	.L37:
 495 0012 C046     		.align	2
 496              	.L36:
 497 0014 00E200E0 		.word	-536813056
 498              		.cfi_endproc
 499              	.LFE13:
 500              		.size	I2C_SCB_IRQ_SetPending, .-I2C_SCB_IRQ_SetPending
 501              		.section	.text.I2C_SCB_IRQ_ClearPending,"ax",%progbits
 502              		.align	2
 503              		.global	I2C_SCB_IRQ_ClearPending
 504              		.code	16
 505              		.thumb_func
 506              		.type	I2C_SCB_IRQ_ClearPending, %function
 507              	I2C_SCB_IRQ_ClearPending:
 508              	.LFB14:
 377:Generated_Source\PSoC4/I2C_SCB_IRQ.c **** 
 378:Generated_Source\PSoC4/I2C_SCB_IRQ.c **** 
 379:Generated_Source\PSoC4/I2C_SCB_IRQ.c **** /*******************************************************************************
 380:Generated_Source\PSoC4/I2C_SCB_IRQ.c **** * Function Name: I2C_SCB_IRQ_ClearPending
 381:Generated_Source\PSoC4/I2C_SCB_IRQ.c **** ********************************************************************************
 382:Generated_Source\PSoC4/I2C_SCB_IRQ.c **** *
 383:Generated_Source\PSoC4/I2C_SCB_IRQ.c **** * Summary:
 384:Generated_Source\PSoC4/I2C_SCB_IRQ.c **** *   Clears a pending interrupt in the interrupt controller.
 385:Generated_Source\PSoC4/I2C_SCB_IRQ.c **** *
 386:Generated_Source\PSoC4/I2C_SCB_IRQ.c **** *   Note Some interrupt sources are clear-on-read and require the block 
 387:Generated_Source\PSoC4/I2C_SCB_IRQ.c **** *   interrupt/status register to be read/cleared with the appropriate block API 
 388:Generated_Source\PSoC4/I2C_SCB_IRQ.c **** *   (GPIO, UART, and so on). Otherwise the ISR will continue to remain in 
 389:Generated_Source\PSoC4/I2C_SCB_IRQ.c **** *   pending state even though the interrupt itself is cleared using this API.
 390:Generated_Source\PSoC4/I2C_SCB_IRQ.c **** *
 391:Generated_Source\PSoC4/I2C_SCB_IRQ.c **** * Parameters:
 392:Generated_Source\PSoC4/I2C_SCB_IRQ.c **** *   None
 393:Generated_Source\PSoC4/I2C_SCB_IRQ.c **** *
 394:Generated_Source\PSoC4/I2C_SCB_IRQ.c **** * Return:
 395:Generated_Source\PSoC4/I2C_SCB_IRQ.c **** *   None
 396:Generated_Source\PSoC4/I2C_SCB_IRQ.c **** *
 397:Generated_Source\PSoC4/I2C_SCB_IRQ.c **** *******************************************************************************/
 398:Generated_Source\PSoC4/I2C_SCB_IRQ.c **** void I2C_SCB_IRQ_ClearPending(void)
 399:Generated_Source\PSoC4/I2C_SCB_IRQ.c **** {
 509              		.loc 1 399 0
 510              		.cfi_startproc
 511              		@ args = 0, pretend = 0, frame = 0
 512              		@ frame_needed = 1, uses_anonymous_args = 0
ARM GAS  C:\Users\hasur\AppData\Local\Temp\ccznSC52.s 			page 17


 513 0000 80B5     		push	{r7, lr}
 514              		.cfi_def_cfa_offset 8
 515              		.cfi_offset 7, -8
 516              		.cfi_offset 14, -4
 517 0002 00AF     		add	r7, sp, #0
 518              		.cfi_def_cfa_register 7
 400:Generated_Source\PSoC4/I2C_SCB_IRQ.c ****     *I2C_SCB_IRQ_INTC_CLR_PD = I2C_SCB_IRQ__INTC_MASK;
 519              		.loc 1 400 0
 520 0004 034B     		ldr	r3, .L39
 521 0006 8022     		movs	r2, #128
 522 0008 9200     		lsls	r2, r2, #2
 523 000a 1A60     		str	r2, [r3]
 401:Generated_Source\PSoC4/I2C_SCB_IRQ.c **** }
 524              		.loc 1 401 0
 525 000c C046     		nop
 526 000e BD46     		mov	sp, r7
 527              		@ sp needed
 528 0010 80BD     		pop	{r7, pc}
 529              	.L40:
 530 0012 C046     		.align	2
 531              	.L39:
 532 0014 80E200E0 		.word	-536812928
 533              		.cfi_endproc
 534              	.LFE14:
 535              		.size	I2C_SCB_IRQ_ClearPending, .-I2C_SCB_IRQ_ClearPending
 536              		.text
 537              	.Letext0:
 538              		.file 2 "Generated_Source\\PSoC4/cytypes.h"
 539              		.section	.debug_info,"",%progbits
 540              	.Ldebug_info0:
 541 0000 77020000 		.4byte	0x277
 542 0004 0300     		.2byte	0x3
 543 0006 00000000 		.4byte	.Ldebug_abbrev0
 544 000a 04       		.byte	0x4
 545 000b 01       		.uleb128 0x1
 546 000c 85020000 		.4byte	.LASF34
 547 0010 0C       		.byte	0xc
 548 0011 3C000000 		.4byte	.LASF35
 549 0015 15010000 		.4byte	.LASF36
 550 0019 00000000 		.4byte	.Ldebug_ranges0+0
 551 001d 00000000 		.4byte	0
 552 0021 00000000 		.4byte	0
 553 0025 00000000 		.4byte	.Ldebug_line0
 554 0029 02       		.uleb128 0x2
 555 002a 01       		.byte	0x1
 556 002b 06       		.byte	0x6
 557 002c 79020000 		.4byte	.LASF0
 558 0030 02       		.uleb128 0x2
 559 0031 01       		.byte	0x1
 560 0032 08       		.byte	0x8
 561 0033 67000000 		.4byte	.LASF1
 562 0037 02       		.uleb128 0x2
 563 0038 02       		.byte	0x2
 564 0039 05       		.byte	0x5
 565 003a 45020000 		.4byte	.LASF2
 566 003e 02       		.uleb128 0x2
 567 003f 02       		.byte	0x2
ARM GAS  C:\Users\hasur\AppData\Local\Temp\ccznSC52.s 			page 18


 568 0040 07       		.byte	0x7
 569 0041 29000000 		.4byte	.LASF3
 570 0045 02       		.uleb128 0x2
 571 0046 04       		.byte	0x4
 572 0047 05       		.byte	0x5
 573 0048 64020000 		.4byte	.LASF4
 574 004c 02       		.uleb128 0x2
 575 004d 04       		.byte	0x4
 576 004e 07       		.byte	0x7
 577 004f 84000000 		.4byte	.LASF5
 578 0053 02       		.uleb128 0x2
 579 0054 08       		.byte	0x8
 580 0055 05       		.byte	0x5
 581 0056 09020000 		.4byte	.LASF6
 582 005a 02       		.uleb128 0x2
 583 005b 08       		.byte	0x8
 584 005c 07       		.byte	0x7
 585 005d B0010000 		.4byte	.LASF7
 586 0061 03       		.uleb128 0x3
 587 0062 04       		.byte	0x4
 588 0063 05       		.byte	0x5
 589 0064 696E7400 		.ascii	"int\000"
 590 0068 02       		.uleb128 0x2
 591 0069 04       		.byte	0x4
 592 006a 07       		.byte	0x7
 593 006b 84010000 		.4byte	.LASF8
 594 006f 04       		.uleb128 0x4
 595 0070 4F020000 		.4byte	.LASF9
 596 0074 02       		.byte	0x2
 597 0075 D201     		.2byte	0x1d2
 598 0077 30000000 		.4byte	0x30
 599 007b 04       		.uleb128 0x4
 600 007c 7D010000 		.4byte	.LASF10
 601 0080 02       		.byte	0x2
 602 0081 D401     		.2byte	0x1d4
 603 0083 4C000000 		.4byte	0x4c
 604 0087 02       		.uleb128 0x2
 605 0088 04       		.byte	0x4
 606 0089 04       		.byte	0x4
 607 008a 61000000 		.4byte	.LASF11
 608 008e 02       		.uleb128 0x2
 609 008f 08       		.byte	0x8
 610 0090 04       		.byte	0x4
 611 0091 CD000000 		.4byte	.LASF12
 612 0095 02       		.uleb128 0x2
 613 0096 01       		.byte	0x1
 614 0097 08       		.byte	0x8
 615 0098 2C020000 		.4byte	.LASF13
 616 009c 04       		.uleb128 0x4
 617 009d 16000000 		.4byte	.LASF14
 618 00a1 02       		.byte	0x2
 619 00a2 7E02     		.2byte	0x27e
 620 00a4 A8000000 		.4byte	0xa8
 621 00a8 05       		.uleb128 0x5
 622 00a9 7B000000 		.4byte	0x7b
 623 00ad 04       		.uleb128 0x4
 624 00ae C7010000 		.4byte	.LASF15
ARM GAS  C:\Users\hasur\AppData\Local\Temp\ccznSC52.s 			page 19


 625 00b2 02       		.byte	0x2
 626 00b3 8E02     		.2byte	0x28e
 627 00b5 B9000000 		.4byte	0xb9
 628 00b9 06       		.uleb128 0x6
 629 00ba 04       		.byte	0x4
 630 00bb BF000000 		.4byte	0xbf
 631 00bf 07       		.uleb128 0x7
 632 00c0 01       		.byte	0x1
 633 00c1 02       		.uleb128 0x2
 634 00c2 08       		.byte	0x8
 635 00c3 04       		.byte	0x4
 636 00c4 6D020000 		.4byte	.LASF16
 637 00c8 02       		.uleb128 0x2
 638 00c9 04       		.byte	0x4
 639 00ca 07       		.byte	0x7
 640 00cb 00020000 		.4byte	.LASF17
 641 00cf 08       		.uleb128 0x8
 642 00d0 01       		.byte	0x1
 643 00d1 EA000000 		.4byte	.LASF18
 644 00d5 01       		.byte	0x1
 645 00d6 38       		.byte	0x38
 646 00d7 01       		.byte	0x1
 647 00d8 00000000 		.4byte	.LFB2
 648 00dc 24000000 		.4byte	.LFE2
 649 00e0 01       		.byte	0x1
 650 00e1 9C       		.byte	0x9c
 651 00e2 01       		.byte	0x1
 652 00e3 09       		.uleb128 0x9
 653 00e4 01       		.byte	0x1
 654 00e5 D4010000 		.4byte	.LASF21
 655 00e9 01       		.byte	0x1
 656 00ea 63       		.byte	0x63
 657 00eb 01       		.byte	0x1
 658 00ec 00000000 		.4byte	.LFB3
 659 00f0 26000000 		.4byte	.LFE3
 660 00f4 01       		.byte	0x1
 661 00f5 9C       		.byte	0x9c
 662 00f6 01       		.byte	0x1
 663 00f7 0A010000 		.4byte	0x10a
 664 00fb 0A       		.uleb128 0xa
 665 00fc A8010000 		.4byte	.LASF23
 666 0100 01       		.byte	0x1
 667 0101 63       		.byte	0x63
 668 0102 AD000000 		.4byte	0xad
 669 0106 02       		.byte	0x2
 670 0107 91       		.byte	0x91
 671 0108 74       		.sleb128 -12
 672 0109 00       		.byte	0
 673 010a 08       		.uleb128 0x8
 674 010b 01       		.byte	0x1
 675 010c 1D030000 		.4byte	.LASF19
 676 0110 01       		.byte	0x1
 677 0111 81       		.byte	0x81
 678 0112 01       		.byte	0x1
 679 0113 00000000 		.4byte	.LFB4
 680 0117 1C000000 		.4byte	.LFE4
 681 011b 01       		.byte	0x1
ARM GAS  C:\Users\hasur\AppData\Local\Temp\ccznSC52.s 			page 20


 682 011c 9C       		.byte	0x9c
 683 011d 01       		.byte	0x1
 684 011e 0B       		.uleb128 0xb
 685 011f 01       		.byte	0x1
 686 0120 B7000000 		.4byte	.LASF20
 687 0124 01       		.byte	0x1
 688 0125 9F       		.byte	0x9f
 689 0126 01       		.byte	0x1
 690 0127 00000000 		.4byte	.LFB5
 691 012b 0A000000 		.4byte	.LFE5
 692 012f 01       		.byte	0x1
 693 0130 9C       		.byte	0x9c
 694 0131 01       		.byte	0x1
 695 0132 0C       		.uleb128 0xc
 696 0133 01       		.byte	0x1
 697 0134 D4000000 		.4byte	.LASF22
 698 0138 01       		.byte	0x1
 699 0139 C7       		.byte	0xc7
 700 013a 01       		.byte	0x1
 701 013b 00000000 		.4byte	.LFB6
 702 013f 1C000000 		.4byte	.LFE6
 703 0143 01       		.byte	0x1
 704 0144 9C       		.byte	0x9c
 705 0145 01       		.byte	0x1
 706 0146 59010000 		.4byte	0x159
 707 014a 0A       		.uleb128 0xa
 708 014b A8010000 		.4byte	.LASF23
 709 014f 01       		.byte	0x1
 710 0150 C7       		.byte	0xc7
 711 0151 AD000000 		.4byte	0xad
 712 0155 02       		.byte	0x2
 713 0156 91       		.byte	0x91
 714 0157 74       		.sleb128 -12
 715 0158 00       		.byte	0
 716 0159 0D       		.uleb128 0xd
 717 015a 01       		.byte	0x1
 718 015b 00000000 		.4byte	.LASF29
 719 015f 01       		.byte	0x1
 720 0160 DB       		.byte	0xdb
 721 0161 01       		.byte	0x1
 722 0162 AD000000 		.4byte	0xad
 723 0166 00000000 		.4byte	.LFB7
 724 016a 14000000 		.4byte	.LFE7
 725 016e 01       		.byte	0x1
 726 016f 9C       		.byte	0x9c
 727 0170 01       		.byte	0x1
 728 0171 09       		.uleb128 0x9
 729 0172 01       		.byte	0x1
 730 0173 E8010000 		.4byte	.LASF24
 731 0177 01       		.byte	0x1
 732 0178 F9       		.byte	0xf9
 733 0179 01       		.byte	0x1
 734 017a 00000000 		.4byte	.LFB8
 735 017e 50000000 		.4byte	.LFE8
 736 0182 01       		.byte	0x1
 737 0183 9C       		.byte	0x9c
 738 0184 01       		.byte	0x1
ARM GAS  C:\Users\hasur\AppData\Local\Temp\ccznSC52.s 			page 21


 739 0185 B4010000 		.4byte	0x1b4
 740 0189 0A       		.uleb128 0xa
 741 018a AE000000 		.4byte	.LASF25
 742 018e 01       		.byte	0x1
 743 018f F9       		.byte	0xf9
 744 0190 6F000000 		.4byte	0x6f
 745 0194 02       		.byte	0x2
 746 0195 91       		.byte	0x91
 747 0196 67       		.sleb128 -25
 748 0197 0E       		.uleb128 0xe
 749 0198 75000000 		.4byte	.LASF26
 750 019c 01       		.byte	0x1
 751 019d FB       		.byte	0xfb
 752 019e 6F000000 		.4byte	0x6f
 753 01a2 02       		.byte	0x2
 754 01a3 91       		.byte	0x91
 755 01a4 6B       		.sleb128 -21
 756 01a5 0E       		.uleb128 0xe
 757 01a6 55020000 		.4byte	.LASF27
 758 01aa 01       		.byte	0x1
 759 01ab FC       		.byte	0xfc
 760 01ac 7B000000 		.4byte	0x7b
 761 01b0 02       		.byte	0x2
 762 01b1 91       		.byte	0x91
 763 01b2 6C       		.sleb128 -20
 764 01b3 00       		.byte	0
 765 01b4 0F       		.uleb128 0xf
 766 01b5 01       		.byte	0x1
 767 01b6 96000000 		.4byte	.LASF37
 768 01ba 01       		.byte	0x1
 769 01bb 1501     		.2byte	0x115
 770 01bd 01       		.byte	0x1
 771 01be 6F000000 		.4byte	0x6f
 772 01c2 00000000 		.4byte	.LFB9
 773 01c6 2C000000 		.4byte	.LFE9
 774 01ca 01       		.byte	0x1
 775 01cb 9C       		.byte	0x9c
 776 01cc 01       		.byte	0x1
 777 01cd F0010000 		.4byte	0x1f0
 778 01d1 10       		.uleb128 0x10
 779 01d2 AE000000 		.4byte	.LASF25
 780 01d6 01       		.byte	0x1
 781 01d7 1701     		.2byte	0x117
 782 01d9 7B000000 		.4byte	0x7b
 783 01dd 02       		.byte	0x2
 784 01de 91       		.byte	0x91
 785 01df 70       		.sleb128 -16
 786 01e0 10       		.uleb128 0x10
 787 01e1 55020000 		.4byte	.LASF27
 788 01e5 01       		.byte	0x1
 789 01e6 1801     		.2byte	0x118
 790 01e8 7B000000 		.4byte	0x7b
 791 01ec 02       		.byte	0x2
 792 01ed 91       		.byte	0x91
 793 01ee 74       		.sleb128 -12
 794 01ef 00       		.byte	0
 795 01f0 11       		.uleb128 0x11
ARM GAS  C:\Users\hasur\AppData\Local\Temp\ccznSC52.s 			page 22


 796 01f1 01       		.byte	0x1
 797 01f2 6A010000 		.4byte	.LASF28
 798 01f6 01       		.byte	0x1
 799 01f7 3001     		.2byte	0x130
 800 01f9 01       		.byte	0x1
 801 01fa 00000000 		.4byte	.LFB10
 802 01fe 18000000 		.4byte	.LFE10
 803 0202 01       		.byte	0x1
 804 0203 9C       		.byte	0x9c
 805 0204 01       		.byte	0x1
 806 0205 12       		.uleb128 0x12
 807 0206 01       		.byte	0x1
 808 0207 17020000 		.4byte	.LASF30
 809 020b 01       		.byte	0x1
 810 020c 4501     		.2byte	0x145
 811 020e 01       		.byte	0x1
 812 020f 6F000000 		.4byte	0x6f
 813 0213 00000000 		.4byte	.LFB11
 814 0217 20000000 		.4byte	.LFE11
 815 021b 01       		.byte	0x1
 816 021c 9C       		.byte	0x9c
 817 021d 01       		.byte	0x1
 818 021e 11       		.uleb128 0x11
 819 021f 01       		.byte	0x1
 820 0220 31020000 		.4byte	.LASF31
 821 0224 01       		.byte	0x1
 822 0225 5A01     		.2byte	0x15a
 823 0227 01       		.byte	0x1
 824 0228 00000000 		.4byte	.LFB12
 825 022c 18000000 		.4byte	.LFE12
 826 0230 01       		.byte	0x1
 827 0231 9C       		.byte	0x9c
 828 0232 01       		.byte	0x1
 829 0233 11       		.uleb128 0x11
 830 0234 01       		.byte	0x1
 831 0235 91010000 		.4byte	.LASF32
 832 0239 01       		.byte	0x1
 833 023a 7501     		.2byte	0x175
 834 023c 01       		.byte	0x1
 835 023d 00000000 		.4byte	.LFB13
 836 0241 18000000 		.4byte	.LFE13
 837 0245 01       		.byte	0x1
 838 0246 9C       		.byte	0x9c
 839 0247 01       		.byte	0x1
 840 0248 11       		.uleb128 0x11
 841 0249 01       		.byte	0x1
 842 024a FC000000 		.4byte	.LASF33
 843 024e 01       		.byte	0x1
 844 024f 8E01     		.2byte	0x18e
 845 0251 01       		.byte	0x1
 846 0252 00000000 		.4byte	.LFB14
 847 0256 18000000 		.4byte	.LFE14
 848 025a 01       		.byte	0x1
 849 025b 9C       		.byte	0x9c
 850 025c 01       		.byte	0x1
 851 025d 13       		.uleb128 0x13
 852 025e AD000000 		.4byte	0xad
ARM GAS  C:\Users\hasur\AppData\Local\Temp\ccznSC52.s 			page 23


 853 0262 6D020000 		.4byte	0x26d
 854 0266 14       		.uleb128 0x14
 855 0267 C8000000 		.4byte	0xc8
 856 026b 2F       		.byte	0x2f
 857 026c 00       		.byte	0
 858 026d 15       		.uleb128 0x15
 859 026e 1C000000 		.4byte	.LASF38
 860 0272 01       		.byte	0x1
 861 0273 21       		.byte	0x21
 862 0274 5D020000 		.4byte	0x25d
 863 0278 01       		.byte	0x1
 864 0279 01       		.byte	0x1
 865 027a 00       		.byte	0
 866              		.section	.debug_abbrev,"",%progbits
 867              	.Ldebug_abbrev0:
 868 0000 01       		.uleb128 0x1
 869 0001 11       		.uleb128 0x11
 870 0002 01       		.byte	0x1
 871 0003 25       		.uleb128 0x25
 872 0004 0E       		.uleb128 0xe
 873 0005 13       		.uleb128 0x13
 874 0006 0B       		.uleb128 0xb
 875 0007 03       		.uleb128 0x3
 876 0008 0E       		.uleb128 0xe
 877 0009 1B       		.uleb128 0x1b
 878 000a 0E       		.uleb128 0xe
 879 000b 55       		.uleb128 0x55
 880 000c 06       		.uleb128 0x6
 881 000d 11       		.uleb128 0x11
 882 000e 01       		.uleb128 0x1
 883 000f 52       		.uleb128 0x52
 884 0010 01       		.uleb128 0x1
 885 0011 10       		.uleb128 0x10
 886 0012 06       		.uleb128 0x6
 887 0013 00       		.byte	0
 888 0014 00       		.byte	0
 889 0015 02       		.uleb128 0x2
 890 0016 24       		.uleb128 0x24
 891 0017 00       		.byte	0
 892 0018 0B       		.uleb128 0xb
 893 0019 0B       		.uleb128 0xb
 894 001a 3E       		.uleb128 0x3e
 895 001b 0B       		.uleb128 0xb
 896 001c 03       		.uleb128 0x3
 897 001d 0E       		.uleb128 0xe
 898 001e 00       		.byte	0
 899 001f 00       		.byte	0
 900 0020 03       		.uleb128 0x3
 901 0021 24       		.uleb128 0x24
 902 0022 00       		.byte	0
 903 0023 0B       		.uleb128 0xb
 904 0024 0B       		.uleb128 0xb
 905 0025 3E       		.uleb128 0x3e
 906 0026 0B       		.uleb128 0xb
 907 0027 03       		.uleb128 0x3
 908 0028 08       		.uleb128 0x8
 909 0029 00       		.byte	0
ARM GAS  C:\Users\hasur\AppData\Local\Temp\ccznSC52.s 			page 24


 910 002a 00       		.byte	0
 911 002b 04       		.uleb128 0x4
 912 002c 16       		.uleb128 0x16
 913 002d 00       		.byte	0
 914 002e 03       		.uleb128 0x3
 915 002f 0E       		.uleb128 0xe
 916 0030 3A       		.uleb128 0x3a
 917 0031 0B       		.uleb128 0xb
 918 0032 3B       		.uleb128 0x3b
 919 0033 05       		.uleb128 0x5
 920 0034 49       		.uleb128 0x49
 921 0035 13       		.uleb128 0x13
 922 0036 00       		.byte	0
 923 0037 00       		.byte	0
 924 0038 05       		.uleb128 0x5
 925 0039 35       		.uleb128 0x35
 926 003a 00       		.byte	0
 927 003b 49       		.uleb128 0x49
 928 003c 13       		.uleb128 0x13
 929 003d 00       		.byte	0
 930 003e 00       		.byte	0
 931 003f 06       		.uleb128 0x6
 932 0040 0F       		.uleb128 0xf
 933 0041 00       		.byte	0
 934 0042 0B       		.uleb128 0xb
 935 0043 0B       		.uleb128 0xb
 936 0044 49       		.uleb128 0x49
 937 0045 13       		.uleb128 0x13
 938 0046 00       		.byte	0
 939 0047 00       		.byte	0
 940 0048 07       		.uleb128 0x7
 941 0049 15       		.uleb128 0x15
 942 004a 00       		.byte	0
 943 004b 27       		.uleb128 0x27
 944 004c 0C       		.uleb128 0xc
 945 004d 00       		.byte	0
 946 004e 00       		.byte	0
 947 004f 08       		.uleb128 0x8
 948 0050 2E       		.uleb128 0x2e
 949 0051 00       		.byte	0
 950 0052 3F       		.uleb128 0x3f
 951 0053 0C       		.uleb128 0xc
 952 0054 03       		.uleb128 0x3
 953 0055 0E       		.uleb128 0xe
 954 0056 3A       		.uleb128 0x3a
 955 0057 0B       		.uleb128 0xb
 956 0058 3B       		.uleb128 0x3b
 957 0059 0B       		.uleb128 0xb
 958 005a 27       		.uleb128 0x27
 959 005b 0C       		.uleb128 0xc
 960 005c 11       		.uleb128 0x11
 961 005d 01       		.uleb128 0x1
 962 005e 12       		.uleb128 0x12
 963 005f 01       		.uleb128 0x1
 964 0060 40       		.uleb128 0x40
 965 0061 0A       		.uleb128 0xa
 966 0062 9642     		.uleb128 0x2116
ARM GAS  C:\Users\hasur\AppData\Local\Temp\ccznSC52.s 			page 25


 967 0064 0C       		.uleb128 0xc
 968 0065 00       		.byte	0
 969 0066 00       		.byte	0
 970 0067 09       		.uleb128 0x9
 971 0068 2E       		.uleb128 0x2e
 972 0069 01       		.byte	0x1
 973 006a 3F       		.uleb128 0x3f
 974 006b 0C       		.uleb128 0xc
 975 006c 03       		.uleb128 0x3
 976 006d 0E       		.uleb128 0xe
 977 006e 3A       		.uleb128 0x3a
 978 006f 0B       		.uleb128 0xb
 979 0070 3B       		.uleb128 0x3b
 980 0071 0B       		.uleb128 0xb
 981 0072 27       		.uleb128 0x27
 982 0073 0C       		.uleb128 0xc
 983 0074 11       		.uleb128 0x11
 984 0075 01       		.uleb128 0x1
 985 0076 12       		.uleb128 0x12
 986 0077 01       		.uleb128 0x1
 987 0078 40       		.uleb128 0x40
 988 0079 0A       		.uleb128 0xa
 989 007a 9642     		.uleb128 0x2116
 990 007c 0C       		.uleb128 0xc
 991 007d 01       		.uleb128 0x1
 992 007e 13       		.uleb128 0x13
 993 007f 00       		.byte	0
 994 0080 00       		.byte	0
 995 0081 0A       		.uleb128 0xa
 996 0082 05       		.uleb128 0x5
 997 0083 00       		.byte	0
 998 0084 03       		.uleb128 0x3
 999 0085 0E       		.uleb128 0xe
 1000 0086 3A       		.uleb128 0x3a
 1001 0087 0B       		.uleb128 0xb
 1002 0088 3B       		.uleb128 0x3b
 1003 0089 0B       		.uleb128 0xb
 1004 008a 49       		.uleb128 0x49
 1005 008b 13       		.uleb128 0x13
 1006 008c 02       		.uleb128 0x2
 1007 008d 0A       		.uleb128 0xa
 1008 008e 00       		.byte	0
 1009 008f 00       		.byte	0
 1010 0090 0B       		.uleb128 0xb
 1011 0091 2E       		.uleb128 0x2e
 1012 0092 00       		.byte	0
 1013 0093 3F       		.uleb128 0x3f
 1014 0094 0C       		.uleb128 0xc
 1015 0095 03       		.uleb128 0x3
 1016 0096 0E       		.uleb128 0xe
 1017 0097 3A       		.uleb128 0x3a
 1018 0098 0B       		.uleb128 0xb
 1019 0099 3B       		.uleb128 0x3b
 1020 009a 0B       		.uleb128 0xb
 1021 009b 27       		.uleb128 0x27
 1022 009c 0C       		.uleb128 0xc
 1023 009d 11       		.uleb128 0x11
ARM GAS  C:\Users\hasur\AppData\Local\Temp\ccznSC52.s 			page 26


 1024 009e 01       		.uleb128 0x1
 1025 009f 12       		.uleb128 0x12
 1026 00a0 01       		.uleb128 0x1
 1027 00a1 40       		.uleb128 0x40
 1028 00a2 0A       		.uleb128 0xa
 1029 00a3 9742     		.uleb128 0x2117
 1030 00a5 0C       		.uleb128 0xc
 1031 00a6 00       		.byte	0
 1032 00a7 00       		.byte	0
 1033 00a8 0C       		.uleb128 0xc
 1034 00a9 2E       		.uleb128 0x2e
 1035 00aa 01       		.byte	0x1
 1036 00ab 3F       		.uleb128 0x3f
 1037 00ac 0C       		.uleb128 0xc
 1038 00ad 03       		.uleb128 0x3
 1039 00ae 0E       		.uleb128 0xe
 1040 00af 3A       		.uleb128 0x3a
 1041 00b0 0B       		.uleb128 0xb
 1042 00b1 3B       		.uleb128 0x3b
 1043 00b2 0B       		.uleb128 0xb
 1044 00b3 27       		.uleb128 0x27
 1045 00b4 0C       		.uleb128 0xc
 1046 00b5 11       		.uleb128 0x11
 1047 00b6 01       		.uleb128 0x1
 1048 00b7 12       		.uleb128 0x12
 1049 00b8 01       		.uleb128 0x1
 1050 00b9 40       		.uleb128 0x40
 1051 00ba 0A       		.uleb128 0xa
 1052 00bb 9742     		.uleb128 0x2117
 1053 00bd 0C       		.uleb128 0xc
 1054 00be 01       		.uleb128 0x1
 1055 00bf 13       		.uleb128 0x13
 1056 00c0 00       		.byte	0
 1057 00c1 00       		.byte	0
 1058 00c2 0D       		.uleb128 0xd
 1059 00c3 2E       		.uleb128 0x2e
 1060 00c4 00       		.byte	0
 1061 00c5 3F       		.uleb128 0x3f
 1062 00c6 0C       		.uleb128 0xc
 1063 00c7 03       		.uleb128 0x3
 1064 00c8 0E       		.uleb128 0xe
 1065 00c9 3A       		.uleb128 0x3a
 1066 00ca 0B       		.uleb128 0xb
 1067 00cb 3B       		.uleb128 0x3b
 1068 00cc 0B       		.uleb128 0xb
 1069 00cd 27       		.uleb128 0x27
 1070 00ce 0C       		.uleb128 0xc
 1071 00cf 49       		.uleb128 0x49
 1072 00d0 13       		.uleb128 0x13
 1073 00d1 11       		.uleb128 0x11
 1074 00d2 01       		.uleb128 0x1
 1075 00d3 12       		.uleb128 0x12
 1076 00d4 01       		.uleb128 0x1
 1077 00d5 40       		.uleb128 0x40
 1078 00d6 0A       		.uleb128 0xa
 1079 00d7 9742     		.uleb128 0x2117
 1080 00d9 0C       		.uleb128 0xc
ARM GAS  C:\Users\hasur\AppData\Local\Temp\ccznSC52.s 			page 27


 1081 00da 00       		.byte	0
 1082 00db 00       		.byte	0
 1083 00dc 0E       		.uleb128 0xe
 1084 00dd 34       		.uleb128 0x34
 1085 00de 00       		.byte	0
 1086 00df 03       		.uleb128 0x3
 1087 00e0 0E       		.uleb128 0xe
 1088 00e1 3A       		.uleb128 0x3a
 1089 00e2 0B       		.uleb128 0xb
 1090 00e3 3B       		.uleb128 0x3b
 1091 00e4 0B       		.uleb128 0xb
 1092 00e5 49       		.uleb128 0x49
 1093 00e6 13       		.uleb128 0x13
 1094 00e7 02       		.uleb128 0x2
 1095 00e8 0A       		.uleb128 0xa
 1096 00e9 00       		.byte	0
 1097 00ea 00       		.byte	0
 1098 00eb 0F       		.uleb128 0xf
 1099 00ec 2E       		.uleb128 0x2e
 1100 00ed 01       		.byte	0x1
 1101 00ee 3F       		.uleb128 0x3f
 1102 00ef 0C       		.uleb128 0xc
 1103 00f0 03       		.uleb128 0x3
 1104 00f1 0E       		.uleb128 0xe
 1105 00f2 3A       		.uleb128 0x3a
 1106 00f3 0B       		.uleb128 0xb
 1107 00f4 3B       		.uleb128 0x3b
 1108 00f5 05       		.uleb128 0x5
 1109 00f6 27       		.uleb128 0x27
 1110 00f7 0C       		.uleb128 0xc
 1111 00f8 49       		.uleb128 0x49
 1112 00f9 13       		.uleb128 0x13
 1113 00fa 11       		.uleb128 0x11
 1114 00fb 01       		.uleb128 0x1
 1115 00fc 12       		.uleb128 0x12
 1116 00fd 01       		.uleb128 0x1
 1117 00fe 40       		.uleb128 0x40
 1118 00ff 0A       		.uleb128 0xa
 1119 0100 9742     		.uleb128 0x2117
 1120 0102 0C       		.uleb128 0xc
 1121 0103 01       		.uleb128 0x1
 1122 0104 13       		.uleb128 0x13
 1123 0105 00       		.byte	0
 1124 0106 00       		.byte	0
 1125 0107 10       		.uleb128 0x10
 1126 0108 34       		.uleb128 0x34
 1127 0109 00       		.byte	0
 1128 010a 03       		.uleb128 0x3
 1129 010b 0E       		.uleb128 0xe
 1130 010c 3A       		.uleb128 0x3a
 1131 010d 0B       		.uleb128 0xb
 1132 010e 3B       		.uleb128 0x3b
 1133 010f 05       		.uleb128 0x5
 1134 0110 49       		.uleb128 0x49
 1135 0111 13       		.uleb128 0x13
 1136 0112 02       		.uleb128 0x2
 1137 0113 0A       		.uleb128 0xa
ARM GAS  C:\Users\hasur\AppData\Local\Temp\ccznSC52.s 			page 28


 1138 0114 00       		.byte	0
 1139 0115 00       		.byte	0
 1140 0116 11       		.uleb128 0x11
 1141 0117 2E       		.uleb128 0x2e
 1142 0118 00       		.byte	0
 1143 0119 3F       		.uleb128 0x3f
 1144 011a 0C       		.uleb128 0xc
 1145 011b 03       		.uleb128 0x3
 1146 011c 0E       		.uleb128 0xe
 1147 011d 3A       		.uleb128 0x3a
 1148 011e 0B       		.uleb128 0xb
 1149 011f 3B       		.uleb128 0x3b
 1150 0120 05       		.uleb128 0x5
 1151 0121 27       		.uleb128 0x27
 1152 0122 0C       		.uleb128 0xc
 1153 0123 11       		.uleb128 0x11
 1154 0124 01       		.uleb128 0x1
 1155 0125 12       		.uleb128 0x12
 1156 0126 01       		.uleb128 0x1
 1157 0127 40       		.uleb128 0x40
 1158 0128 0A       		.uleb128 0xa
 1159 0129 9742     		.uleb128 0x2117
 1160 012b 0C       		.uleb128 0xc
 1161 012c 00       		.byte	0
 1162 012d 00       		.byte	0
 1163 012e 12       		.uleb128 0x12
 1164 012f 2E       		.uleb128 0x2e
 1165 0130 00       		.byte	0
 1166 0131 3F       		.uleb128 0x3f
 1167 0132 0C       		.uleb128 0xc
 1168 0133 03       		.uleb128 0x3
 1169 0134 0E       		.uleb128 0xe
 1170 0135 3A       		.uleb128 0x3a
 1171 0136 0B       		.uleb128 0xb
 1172 0137 3B       		.uleb128 0x3b
 1173 0138 05       		.uleb128 0x5
 1174 0139 27       		.uleb128 0x27
 1175 013a 0C       		.uleb128 0xc
 1176 013b 49       		.uleb128 0x49
 1177 013c 13       		.uleb128 0x13
 1178 013d 11       		.uleb128 0x11
 1179 013e 01       		.uleb128 0x1
 1180 013f 12       		.uleb128 0x12
 1181 0140 01       		.uleb128 0x1
 1182 0141 40       		.uleb128 0x40
 1183 0142 0A       		.uleb128 0xa
 1184 0143 9742     		.uleb128 0x2117
 1185 0145 0C       		.uleb128 0xc
 1186 0146 00       		.byte	0
 1187 0147 00       		.byte	0
 1188 0148 13       		.uleb128 0x13
 1189 0149 01       		.uleb128 0x1
 1190 014a 01       		.byte	0x1
 1191 014b 49       		.uleb128 0x49
 1192 014c 13       		.uleb128 0x13
 1193 014d 01       		.uleb128 0x1
 1194 014e 13       		.uleb128 0x13
ARM GAS  C:\Users\hasur\AppData\Local\Temp\ccznSC52.s 			page 29


 1195 014f 00       		.byte	0
 1196 0150 00       		.byte	0
 1197 0151 14       		.uleb128 0x14
 1198 0152 21       		.uleb128 0x21
 1199 0153 00       		.byte	0
 1200 0154 49       		.uleb128 0x49
 1201 0155 13       		.uleb128 0x13
 1202 0156 2F       		.uleb128 0x2f
 1203 0157 0B       		.uleb128 0xb
 1204 0158 00       		.byte	0
 1205 0159 00       		.byte	0
 1206 015a 15       		.uleb128 0x15
 1207 015b 34       		.uleb128 0x34
 1208 015c 00       		.byte	0
 1209 015d 03       		.uleb128 0x3
 1210 015e 0E       		.uleb128 0xe
 1211 015f 3A       		.uleb128 0x3a
 1212 0160 0B       		.uleb128 0xb
 1213 0161 3B       		.uleb128 0x3b
 1214 0162 0B       		.uleb128 0xb
 1215 0163 49       		.uleb128 0x49
 1216 0164 13       		.uleb128 0x13
 1217 0165 3F       		.uleb128 0x3f
 1218 0166 0C       		.uleb128 0xc
 1219 0167 3C       		.uleb128 0x3c
 1220 0168 0C       		.uleb128 0xc
 1221 0169 00       		.byte	0
 1222 016a 00       		.byte	0
 1223 016b 00       		.byte	0
 1224              		.section	.debug_aranges,"",%progbits
 1225 0000 7C000000 		.4byte	0x7c
 1226 0004 0200     		.2byte	0x2
 1227 0006 00000000 		.4byte	.Ldebug_info0
 1228 000a 04       		.byte	0x4
 1229 000b 00       		.byte	0
 1230 000c 0000     		.2byte	0
 1231 000e 0000     		.2byte	0
 1232 0010 00000000 		.4byte	.LFB2
 1233 0014 24000000 		.4byte	.LFE2-.LFB2
 1234 0018 00000000 		.4byte	.LFB3
 1235 001c 26000000 		.4byte	.LFE3-.LFB3
 1236 0020 00000000 		.4byte	.LFB4
 1237 0024 1C000000 		.4byte	.LFE4-.LFB4
 1238 0028 00000000 		.4byte	.LFB5
 1239 002c 0A000000 		.4byte	.LFE5-.LFB5
 1240 0030 00000000 		.4byte	.LFB6
 1241 0034 1C000000 		.4byte	.LFE6-.LFB6
 1242 0038 00000000 		.4byte	.LFB7
 1243 003c 14000000 		.4byte	.LFE7-.LFB7
 1244 0040 00000000 		.4byte	.LFB8
 1245 0044 50000000 		.4byte	.LFE8-.LFB8
 1246 0048 00000000 		.4byte	.LFB9
 1247 004c 2C000000 		.4byte	.LFE9-.LFB9
 1248 0050 00000000 		.4byte	.LFB10
 1249 0054 18000000 		.4byte	.LFE10-.LFB10
 1250 0058 00000000 		.4byte	.LFB11
 1251 005c 20000000 		.4byte	.LFE11-.LFB11
ARM GAS  C:\Users\hasur\AppData\Local\Temp\ccznSC52.s 			page 30


 1252 0060 00000000 		.4byte	.LFB12
 1253 0064 18000000 		.4byte	.LFE12-.LFB12
 1254 0068 00000000 		.4byte	.LFB13
 1255 006c 18000000 		.4byte	.LFE13-.LFB13
 1256 0070 00000000 		.4byte	.LFB14
 1257 0074 18000000 		.4byte	.LFE14-.LFB14
 1258 0078 00000000 		.4byte	0
 1259 007c 00000000 		.4byte	0
 1260              		.section	.debug_ranges,"",%progbits
 1261              	.Ldebug_ranges0:
 1262 0000 00000000 		.4byte	.LFB2
 1263 0004 24000000 		.4byte	.LFE2
 1264 0008 00000000 		.4byte	.LFB3
 1265 000c 26000000 		.4byte	.LFE3
 1266 0010 00000000 		.4byte	.LFB4
 1267 0014 1C000000 		.4byte	.LFE4
 1268 0018 00000000 		.4byte	.LFB5
 1269 001c 0A000000 		.4byte	.LFE5
 1270 0020 00000000 		.4byte	.LFB6
 1271 0024 1C000000 		.4byte	.LFE6
 1272 0028 00000000 		.4byte	.LFB7
 1273 002c 14000000 		.4byte	.LFE7
 1274 0030 00000000 		.4byte	.LFB8
 1275 0034 50000000 		.4byte	.LFE8
 1276 0038 00000000 		.4byte	.LFB9
 1277 003c 2C000000 		.4byte	.LFE9
 1278 0040 00000000 		.4byte	.LFB10
 1279 0044 18000000 		.4byte	.LFE10
 1280 0048 00000000 		.4byte	.LFB11
 1281 004c 20000000 		.4byte	.LFE11
 1282 0050 00000000 		.4byte	.LFB12
 1283 0054 18000000 		.4byte	.LFE12
 1284 0058 00000000 		.4byte	.LFB13
 1285 005c 18000000 		.4byte	.LFE13
 1286 0060 00000000 		.4byte	.LFB14
 1287 0064 18000000 		.4byte	.LFE14
 1288 0068 00000000 		.4byte	0
 1289 006c 00000000 		.4byte	0
 1290              		.section	.debug_line,"",%progbits
 1291              	.Ldebug_line0:
 1292 0000 56010000 		.section	.debug_str,"MS",%progbits,1
 1292      02004800 
 1292      00000201 
 1292      FB0E0D00 
 1292      01010101 
 1293              	.LASF29:
 1294 0000 4932435F 		.ascii	"I2C_SCB_IRQ_GetVector\000"
 1294      5343425F 
 1294      4952515F 
 1294      47657456 
 1294      6563746F 
 1295              	.LASF14:
 1296 0016 72656733 		.ascii	"reg32\000"
 1296      3200
 1297              	.LASF38:
 1298 001c 43795261 		.ascii	"CyRamVectors\000"
 1298      6D566563 
ARM GAS  C:\Users\hasur\AppData\Local\Temp\ccznSC52.s 			page 31


 1298      746F7273 
 1298      00
 1299              	.LASF3:
 1300 0029 73686F72 		.ascii	"short unsigned int\000"
 1300      7420756E 
 1300      7369676E 
 1300      65642069 
 1300      6E7400
 1301              	.LASF35:
 1302 003c 47656E65 		.ascii	"Generated_Source\\PSoC4\\I2C_SCB_IRQ.c\000"
 1302      72617465 
 1302      645F536F 
 1302      75726365 
 1302      5C50536F 
 1303              	.LASF11:
 1304 0061 666C6F61 		.ascii	"float\000"
 1304      7400
 1305              	.LASF1:
 1306 0067 756E7369 		.ascii	"unsigned char\000"
 1306      676E6564 
 1306      20636861 
 1306      7200
 1307              	.LASF26:
 1308 0075 696E7465 		.ascii	"interruptState\000"
 1308      72727570 
 1308      74537461 
 1308      746500
 1309              	.LASF5:
 1310 0084 6C6F6E67 		.ascii	"long unsigned int\000"
 1310      20756E73 
 1310      69676E65 
 1310      6420696E 
 1310      7400
 1311              	.LASF37:
 1312 0096 4932435F 		.ascii	"I2C_SCB_IRQ_GetPriority\000"
 1312      5343425F 
 1312      4952515F 
 1312      47657450 
 1312      72696F72 
 1313              	.LASF25:
 1314 00ae 7072696F 		.ascii	"priority\000"
 1314      72697479 
 1314      00
 1315              	.LASF20:
 1316 00b7 4932435F 		.ascii	"I2C_SCB_IRQ_Interrupt\000"
 1316      5343425F 
 1316      4952515F 
 1316      496E7465 
 1316      72727570 
 1317              	.LASF12:
 1318 00cd 646F7562 		.ascii	"double\000"
 1318      6C6500
 1319              	.LASF22:
 1320 00d4 4932435F 		.ascii	"I2C_SCB_IRQ_SetVector\000"
 1320      5343425F 
 1320      4952515F 
 1320      53657456 
ARM GAS  C:\Users\hasur\AppData\Local\Temp\ccznSC52.s 			page 32


 1320      6563746F 
 1321              	.LASF18:
 1322 00ea 4932435F 		.ascii	"I2C_SCB_IRQ_Start\000"
 1322      5343425F 
 1322      4952515F 
 1322      53746172 
 1322      7400
 1323              	.LASF33:
 1324 00fc 4932435F 		.ascii	"I2C_SCB_IRQ_ClearPending\000"
 1324      5343425F 
 1324      4952515F 
 1324      436C6561 
 1324      7250656E 
 1325              	.LASF36:
 1326 0115 433A5C55 		.ascii	"C:\\Users\\hasur\\Documents\\PSoC_4_BLE_Pressure_Se"
 1326      73657273 
 1326      5C686173 
 1326      75725C44 
 1326      6F63756D 
 1327 0144 6E736F72 		.ascii	"nsor\\PSoC_4_BLE_Pressure_Sensor.cydsn\000"
 1327      5C50536F 
 1327      435F345F 
 1327      424C455F 
 1327      50726573 
 1328              	.LASF28:
 1329 016a 4932435F 		.ascii	"I2C_SCB_IRQ_Enable\000"
 1329      5343425F 
 1329      4952515F 
 1329      456E6162 
 1329      6C6500
 1330              	.LASF10:
 1331 017d 75696E74 		.ascii	"uint32\000"
 1331      333200
 1332              	.LASF8:
 1333 0184 756E7369 		.ascii	"unsigned int\000"
 1333      676E6564 
 1333      20696E74 
 1333      00
 1334              	.LASF32:
 1335 0191 4932435F 		.ascii	"I2C_SCB_IRQ_SetPending\000"
 1335      5343425F 
 1335      4952515F 
 1335      53657450 
 1335      656E6469 
 1336              	.LASF23:
 1337 01a8 61646472 		.ascii	"address\000"
 1337      65737300 
 1338              	.LASF7:
 1339 01b0 6C6F6E67 		.ascii	"long long unsigned int\000"
 1339      206C6F6E 
 1339      6720756E 
 1339      7369676E 
 1339      65642069 
 1340              	.LASF15:
 1341 01c7 63796973 		.ascii	"cyisraddress\000"
 1341      72616464 
 1341      72657373 
ARM GAS  C:\Users\hasur\AppData\Local\Temp\ccznSC52.s 			page 33


 1341      00
 1342              	.LASF21:
 1343 01d4 4932435F 		.ascii	"I2C_SCB_IRQ_StartEx\000"
 1343      5343425F 
 1343      4952515F 
 1343      53746172 
 1343      74457800 
 1344              	.LASF24:
 1345 01e8 4932435F 		.ascii	"I2C_SCB_IRQ_SetPriority\000"
 1345      5343425F 
 1345      4952515F 
 1345      53657450 
 1345      72696F72 
 1346              	.LASF17:
 1347 0200 73697A65 		.ascii	"sizetype\000"
 1347      74797065 
 1347      00
 1348              	.LASF6:
 1349 0209 6C6F6E67 		.ascii	"long long int\000"
 1349      206C6F6E 
 1349      6720696E 
 1349      7400
 1350              	.LASF30:
 1351 0217 4932435F 		.ascii	"I2C_SCB_IRQ_GetState\000"
 1351      5343425F 
 1351      4952515F 
 1351      47657453 
 1351      74617465 
 1352              	.LASF13:
 1353 022c 63686172 		.ascii	"char\000"
 1353      00
 1354              	.LASF31:
 1355 0231 4932435F 		.ascii	"I2C_SCB_IRQ_Disable\000"
 1355      5343425F 
 1355      4952515F 
 1355      44697361 
 1355      626C6500 
 1356              	.LASF2:
 1357 0245 73686F72 		.ascii	"short int\000"
 1357      7420696E 
 1357      7400
 1358              	.LASF9:
 1359 024f 75696E74 		.ascii	"uint8\000"
 1359      3800
 1360              	.LASF27:
 1361 0255 7072696F 		.ascii	"priorityOffset\000"
 1361      72697479 
 1361      4F666673 
 1361      657400
 1362              	.LASF4:
 1363 0264 6C6F6E67 		.ascii	"long int\000"
 1363      20696E74 
 1363      00
 1364              	.LASF16:
 1365 026d 6C6F6E67 		.ascii	"long double\000"
 1365      20646F75 
 1365      626C6500 
ARM GAS  C:\Users\hasur\AppData\Local\Temp\ccznSC52.s 			page 34


 1366              	.LASF0:
 1367 0279 7369676E 		.ascii	"signed char\000"
 1367      65642063 
 1367      68617200 
 1368              	.LASF34:
 1369 0285 474E5520 		.ascii	"GNU C11 5.4.1 20160609 (release) [ARM/embedded-5-br"
 1369      43313120 
 1369      352E342E 
 1369      31203230 
 1369      31363036 
 1370 02b8 616E6368 		.ascii	"anch revision 237715] -mcpu=cortex-m0 -mthumb -g -g"
 1370      20726576 
 1370      6973696F 
 1370      6E203233 
 1370      37373135 
 1371 02eb 64776172 		.ascii	"dwarf-3 -O0 -ffunction-sections -ffat-lto-objects\000"
 1371      662D3320 
 1371      2D4F3020 
 1371      2D666675 
 1371      6E637469 
 1372              	.LASF19:
 1373 031d 4932435F 		.ascii	"I2C_SCB_IRQ_Stop\000"
 1373      5343425F 
 1373      4952515F 
 1373      53746F70 
 1373      00
 1374              		.ident	"GCC: (GNU Tools for ARM Embedded Processors) 5.4.1 20160609 (release) [ARM/embedded-5-bran
